Start testing: Apr 10 01:30 CEST
----------------------------------------------------------
1/8 Testing: copyright
1/8 Test: copyright
Command: "/usr/bin/python3" "-u" "/opt/ros/humble/share/ament_cmake_test/cmake/run_test.py" "/home/bryan/Workspace/ros2_ws/build/image_proc/test_results/image_proc/copyright.xunit.xml" "--package-name" "image_proc" "--output-file" "/home/bryan/Workspace/ros2_ws/build/image_proc/ament_copyright/copyright.txt" "--command" "/opt/ros/humble/bin/ament_copyright" "--xunit-file" "/home/bryan/Workspace/ros2_ws/build/image_proc/test_results/image_proc/copyright.xunit.xml"
Directory: /home/bryan/Workspace/ros2_ws/image_pipeline/image_proc
"copyright" start time: Apr 10 01:30 CEST
Output:
----------------------------------------------------------
-- run_test.py: invoking following command in '/home/bryan/Workspace/ros2_ws/image_pipeline/image_proc':
 - /opt/ros/humble/bin/ament_copyright --xunit-file /home/bryan/Workspace/ros2_ws/build/image_proc/test_results/image_proc/copyright.xunit.xml
No problems found, checked 19 files
-- run_test.py: return code 0
-- run_test.py: verify result file '/home/bryan/Workspace/ros2_ws/build/image_proc/test_results/image_proc/copyright.xunit.xml'
<end of output>
Test time =   0.99 sec
----------------------------------------------------------
Test Passed.
"copyright" end time: Apr 10 01:30 CEST
"copyright" time elapsed: 00:00:00
----------------------------------------------------------

2/8 Testing: cppcheck
2/8 Test: cppcheck
Command: "/usr/bin/python3" "-u" "/opt/ros/humble/share/ament_cmake_test/cmake/run_test.py" "/home/bryan/Workspace/ros2_ws/build/image_proc/test_results/image_proc/cppcheck.xunit.xml" "--package-name" "image_proc" "--output-file" "/home/bryan/Workspace/ros2_ws/build/image_proc/ament_cppcheck/cppcheck.txt" "--command" "/opt/ros/humble/bin/ament_cppcheck" "--xunit-file" "/home/bryan/Workspace/ros2_ws/build/image_proc/test_results/image_proc/cppcheck.xunit.xml" "--include_dirs" "/home/bryan/Workspace/ros2_ws/image_pipeline/image_proc/include"
Directory: /home/bryan/Workspace/ros2_ws/image_pipeline/image_proc
"cppcheck" start time: Apr 10 01:30 CEST
Output:
----------------------------------------------------------
-- run_test.py: invoking following command in '/home/bryan/Workspace/ros2_ws/image_pipeline/image_proc':
 - /opt/ros/humble/bin/ament_cppcheck --xunit-file /home/bryan/Workspace/ros2_ws/build/image_proc/test_results/image_proc/cppcheck.xunit.xml --include_dirs /home/bryan/Workspace/ros2_ws/image_pipeline/image_proc/include
cppcheck 2.7 has known performance issues and therefore will not be used, set the AMENT_CPPCHECK_ALLOW_SLOW_VERSIONS environment variable to override this.
-- run_test.py: return code 0
-- run_test.py: verify result file '/home/bryan/Workspace/ros2_ws/build/image_proc/test_results/image_proc/cppcheck.xunit.xml'
<end of output>
Test time =   0.41 sec
----------------------------------------------------------
Test Passed.
"cppcheck" end time: Apr 10 01:30 CEST
"cppcheck" time elapsed: 00:00:00
----------------------------------------------------------

3/8 Testing: cpplint
3/8 Test: cpplint
Command: "/usr/bin/python3" "-u" "/opt/ros/humble/share/ament_cmake_test/cmake/run_test.py" "/home/bryan/Workspace/ros2_ws/build/image_proc/test_results/image_proc/cpplint.xunit.xml" "--package-name" "image_proc" "--output-file" "/home/bryan/Workspace/ros2_ws/build/image_proc/ament_cpplint/cpplint.txt" "--command" "/opt/ros/humble/bin/ament_cpplint" "--xunit-file" "/home/bryan/Workspace/ros2_ws/build/image_proc/test_results/image_proc/cpplint.xunit.xml"
Directory: /home/bryan/Workspace/ros2_ws/image_pipeline/image_proc
"cpplint" start time: Apr 10 01:30 CEST
Output:
----------------------------------------------------------
-- run_test.py: invoking following command in '/home/bryan/Workspace/ros2_ws/image_pipeline/image_proc':
 - /opt/ros/humble/bin/ament_cpplint --xunit-file /home/bryan/Workspace/ros2_ws/build/image_proc/test_results/image_proc/cpplint.xunit.xml
Using '--root=/home/bryan/Workspace/ros2_ws/image_pipeline/image_proc/include' argument

Done processing /home/bryan/Workspace/ros2_ws/image_pipeline/image_proc/include/image_proc/crop_decimate.hpp

Done processing /home/bryan/Workspace/ros2_ws/image_pipeline/image_proc/include/image_proc/crop_non_zero.hpp

Done processing /home/bryan/Workspace/ros2_ws/image_pipeline/image_proc/include/image_proc/debayer.hpp

Done processing /home/bryan/Workspace/ros2_ws/image_pipeline/image_proc/include/image_proc/edge_aware.hpp

Done processing /home/bryan/Workspace/ros2_ws/image_pipeline/image_proc/include/image_proc/processor.hpp

Done processing /home/bryan/Workspace/ros2_ws/image_pipeline/image_proc/include/image_proc/rectify.hpp

Done processing /home/bryan/Workspace/ros2_ws/image_pipeline/image_proc/include/image_proc/resize.hpp

Done processing /home/bryan/Workspace/ros2_ws/image_pipeline/image_proc/include/image_proc/utils.hpp

Using '--root=/home/bryan/Workspace/ros2_ws/image_pipeline/image_proc/src' argument

Done processing /home/bryan/Workspace/ros2_ws/image_pipeline/image_proc/src/crop_decimate.cpp

Done processing /home/bryan/Workspace/ros2_ws/image_pipeline/image_proc/src/crop_non_zero.cpp

Done processing /home/bryan/Workspace/ros2_ws/image_pipeline/image_proc/src/debayer.cpp

Done processing /home/bryan/Workspace/ros2_ws/image_pipeline/image_proc/src/edge_aware.cpp

Done processing /home/bryan/Workspace/ros2_ws/image_pipeline/image_proc/src/image_proc.cpp

Done processing /home/bryan/Workspace/ros2_ws/image_pipeline/image_proc/src/image_proc/processor.cpp

Done processing /home/bryan/Workspace/ros2_ws/image_pipeline/image_proc/src/rectify.cpp

Done processing /home/bryan/Workspace/ros2_ws/image_pipeline/image_proc/src/resize.cpp

Using '--root=/home/bryan/Workspace/ros2_ws/image_pipeline/image_proc/test' argument

Done processing /home/bryan/Workspace/ros2_ws/image_pipeline/image_proc/test/rostest.cpp

Done processing /home/bryan/Workspace/ros2_ws/image_pipeline/image_proc/test/test_rectify.cpp

No problems found
-- run_test.py: return code 0
-- run_test.py: verify result file '/home/bryan/Workspace/ros2_ws/build/image_proc/test_results/image_proc/cpplint.xunit.xml'
<end of output>
Test time =   1.25 sec
----------------------------------------------------------
Test Passed.
"cpplint" end time: Apr 10 01:30 CEST
"cpplint" time elapsed: 00:00:01
----------------------------------------------------------

4/8 Testing: flake8
4/8 Test: flake8
Command: "/usr/bin/python3" "-u" "/opt/ros/humble/share/ament_cmake_test/cmake/run_test.py" "/home/bryan/Workspace/ros2_ws/build/image_proc/test_results/image_proc/flake8.xunit.xml" "--package-name" "image_proc" "--output-file" "/home/bryan/Workspace/ros2_ws/build/image_proc/ament_flake8/flake8.txt" "--command" "/opt/ros/humble/bin/ament_flake8" "--xunit-file" "/home/bryan/Workspace/ros2_ws/build/image_proc/test_results/image_proc/flake8.xunit.xml"
Directory: /home/bryan/Workspace/ros2_ws/image_pipeline/image_proc
"flake8" start time: Apr 10 01:30 CEST
Output:
----------------------------------------------------------
-- run_test.py: invoking following command in '/home/bryan/Workspace/ros2_ws/image_pipeline/image_proc':
 - /opt/ros/humble/bin/ament_flake8 --xunit-file /home/bryan/Workspace/ros2_ws/build/image_proc/test_results/image_proc/flake8.xunit.xml

1 files checked
No problems found

Checked files:

* ./launch/image_proc.launch.py
-- run_test.py: return code 0
-- run_test.py: verify result file '/home/bryan/Workspace/ros2_ws/build/image_proc/test_results/image_proc/flake8.xunit.xml'
<end of output>
Test time =   1.07 sec
----------------------------------------------------------
Test Passed.
"flake8" end time: Apr 10 01:30 CEST
"flake8" time elapsed: 00:00:01
----------------------------------------------------------

5/8 Testing: lint_cmake
5/8 Test: lint_cmake
Command: "/usr/bin/python3" "-u" "/opt/ros/humble/share/ament_cmake_test/cmake/run_test.py" "/home/bryan/Workspace/ros2_ws/build/image_proc/test_results/image_proc/lint_cmake.xunit.xml" "--package-name" "image_proc" "--output-file" "/home/bryan/Workspace/ros2_ws/build/image_proc/ament_lint_cmake/lint_cmake.txt" "--command" "/opt/ros/humble/bin/ament_lint_cmake" "--xunit-file" "/home/bryan/Workspace/ros2_ws/build/image_proc/test_results/image_proc/lint_cmake.xunit.xml"
Directory: /home/bryan/Workspace/ros2_ws/image_pipeline/image_proc
"lint_cmake" start time: Apr 10 01:30 CEST
Output:
----------------------------------------------------------
-- run_test.py: invoking following command in '/home/bryan/Workspace/ros2_ws/image_pipeline/image_proc':
 - /opt/ros/humble/bin/ament_lint_cmake --xunit-file /home/bryan/Workspace/ros2_ws/build/image_proc/test_results/image_proc/lint_cmake.xunit.xml

No problems found
-- run_test.py: return code 0
-- run_test.py: verify result file '/home/bryan/Workspace/ros2_ws/build/image_proc/test_results/image_proc/lint_cmake.xunit.xml'
<end of output>
Test time =   0.42 sec
----------------------------------------------------------
Test Passed.
"lint_cmake" end time: Apr 10 01:30 CEST
"lint_cmake" time elapsed: 00:00:00
----------------------------------------------------------

6/8 Testing: pep257
6/8 Test: pep257
Command: "/usr/bin/python3" "-u" "/opt/ros/humble/share/ament_cmake_test/cmake/run_test.py" "/home/bryan/Workspace/ros2_ws/build/image_proc/test_results/image_proc/pep257.xunit.xml" "--package-name" "image_proc" "--output-file" "/home/bryan/Workspace/ros2_ws/build/image_proc/ament_pep257/pep257.txt" "--command" "/opt/ros/humble/bin/ament_pep257" "--xunit-file" "/home/bryan/Workspace/ros2_ws/build/image_proc/test_results/image_proc/pep257.xunit.xml"
Directory: /home/bryan/Workspace/ros2_ws/image_pipeline/image_proc
"pep257" start time: Apr 10 01:30 CEST
Output:
----------------------------------------------------------
-- run_test.py: invoking following command in '/home/bryan/Workspace/ros2_ws/image_pipeline/image_proc':
 - /opt/ros/humble/bin/ament_pep257 --xunit-file /home/bryan/Workspace/ros2_ws/build/image_proc/test_results/image_proc/pep257.xunit.xml
checking ./launch/image_proc.launch.py
No problems found
-- run_test.py: return code 0
-- run_test.py: verify result file '/home/bryan/Workspace/ros2_ws/build/image_proc/test_results/image_proc/pep257.xunit.xml'
<end of output>
Test time =   1.11 sec
----------------------------------------------------------
Test Passed.
"pep257" end time: Apr 10 01:30 CEST
"pep257" time elapsed: 00:00:01
----------------------------------------------------------

7/8 Testing: uncrustify
7/8 Test: uncrustify
Command: "/usr/bin/python3" "-u" "/opt/ros/humble/share/ament_cmake_test/cmake/run_test.py" "/home/bryan/Workspace/ros2_ws/build/image_proc/test_results/image_proc/uncrustify.xunit.xml" "--package-name" "image_proc" "--output-file" "/home/bryan/Workspace/ros2_ws/build/image_proc/ament_uncrustify/uncrustify.txt" "--command" "/opt/ros/humble/bin/ament_uncrustify" "--xunit-file" "/home/bryan/Workspace/ros2_ws/build/image_proc/test_results/image_proc/uncrustify.xunit.xml"
Directory: /home/bryan/Workspace/ros2_ws/image_pipeline/image_proc
"uncrustify" start time: Apr 10 01:30 CEST
Output:
----------------------------------------------------------
-- run_test.py: invoking following command in '/home/bryan/Workspace/ros2_ws/image_pipeline/image_proc':
 - /opt/ros/humble/bin/ament_uncrustify --xunit-file /home/bryan/Workspace/ros2_ws/build/image_proc/test_results/image_proc/uncrustify.xunit.xml
No code style divergence in file 'include/image_proc/crop_decimate.hpp'

No code style divergence in file 'include/image_proc/crop_non_zero.hpp'

No code style divergence in file 'include/image_proc/debayer.hpp'

No code style divergence in file 'include/image_proc/edge_aware.hpp'

No code style divergence in file 'include/image_proc/processor.hpp'

No code style divergence in file 'include/image_proc/rectify.hpp'

No code style divergence in file 'include/image_proc/resize.hpp'

No code style divergence in file 'include/image_proc/utils.hpp'

No code style divergence in file 'src/crop_decimate.cpp'

No code style divergence in file 'src/crop_non_zero.cpp'

No code style divergence in file 'src/debayer.cpp'

No code style divergence in file 'src/edge_aware.cpp'

No code style divergence in file 'src/image_proc.cpp'

No code style divergence in file 'src/image_proc/processor.cpp'

No code style divergence in file 'src/rectify.cpp'

No code style divergence in file 'src/resize.cpp'

No code style divergence in file 'test/rostest.cpp'

No code style divergence in file 'test/test_rectify.cpp'

No problems found
-- run_test.py: return code 0
-- run_test.py: verify result file '/home/bryan/Workspace/ros2_ws/build/image_proc/test_results/image_proc/uncrustify.xunit.xml'
<end of output>
Test time =   0.49 sec
----------------------------------------------------------
Test Passed.
"uncrustify" end time: Apr 10 01:30 CEST
"uncrustify" time elapsed: 00:00:00
----------------------------------------------------------

8/8 Testing: xmllint
8/8 Test: xmllint
Command: "/usr/bin/python3" "-u" "/opt/ros/humble/share/ament_cmake_test/cmake/run_test.py" "/home/bryan/Workspace/ros2_ws/build/image_proc/test_results/image_proc/xmllint.xunit.xml" "--package-name" "image_proc" "--output-file" "/home/bryan/Workspace/ros2_ws/build/image_proc/ament_xmllint/xmllint.txt" "--command" "/opt/ros/humble/bin/ament_xmllint" "--xunit-file" "/home/bryan/Workspace/ros2_ws/build/image_proc/test_results/image_proc/xmllint.xunit.xml"
Directory: /home/bryan/Workspace/ros2_ws/image_pipeline/image_proc
"xmllint" start time: Apr 10 01:30 CEST
Output:
----------------------------------------------------------
-- run_test.py: invoking following command in '/home/bryan/Workspace/ros2_ws/image_pipeline/image_proc':
 - /opt/ros/humble/bin/ament_xmllint --xunit-file /home/bryan/Workspace/ros2_ws/build/image_proc/test_results/image_proc/xmllint.xunit.xml
File 'package.xml' is valid

File 'test/test_bayer.xml' is valid

File 'test/test_rectify.xml' is valid

No problems found
-- run_test.py: return code 0
-- run_test.py: verify result file '/home/bryan/Workspace/ros2_ws/build/image_proc/test_results/image_proc/xmllint.xunit.xml'
<end of output>
Test time =   0.62 sec
----------------------------------------------------------
Test Passed.
"xmllint" end time: Apr 10 01:30 CEST
"xmllint" time elapsed: 00:00:00
----------------------------------------------------------

End testing: Apr 10 01:30 CEST

copyright =   0.99 sec*proc

cppcheck =   0.41 sec*proc

cpplint =   1.25 sec*proc

flake8 =   1.07 sec*proc

lint_cmake =   0.42 sec*proc

linter =   6.36 sec*proc

pep257 =   1.11 sec*proc

uncrustify =   0.49 sec*proc

xmllint =   0.62 sec*proc

