Start testing: Apr 10 01:30 CEST
----------------------------------------------------------
1/6 Testing: copyright
1/6 Test: copyright
Command: "/usr/bin/python3" "-u" "/opt/ros/humble/share/ament_cmake_test/cmake/run_test.py" "/home/bryan/Workspace/ros2_ws/build/image_view/test_results/image_view/copyright.xunit.xml" "--package-name" "image_view" "--output-file" "/home/bryan/Workspace/ros2_ws/build/image_view/ament_copyright/copyright.txt" "--command" "/opt/ros/humble/bin/ament_copyright" "--xunit-file" "/home/bryan/Workspace/ros2_ws/build/image_view/test_results/image_view/copyright.xunit.xml"
Directory: /home/bryan/Workspace/ros2_ws/image_pipeline/image_view
"copyright" start time: Apr 10 01:30 CEST
Output:
----------------------------------------------------------
-- run_test.py: invoking following command in '/home/bryan/Workspace/ros2_ws/image_pipeline/image_view':
 - /opt/ros/humble/bin/ament_copyright --xunit-file /home/bryan/Workspace/ros2_ws/build/image_view/test_results/image_view/copyright.xunit.xml
No problems found, checked 18 files
-- run_test.py: return code 0
-- run_test.py: verify result file '/home/bryan/Workspace/ros2_ws/build/image_view/test_results/image_view/copyright.xunit.xml'
<end of output>
Test time =   1.53 sec
----------------------------------------------------------
Test Passed.
"copyright" end time: Apr 10 01:30 CEST
"copyright" time elapsed: 00:00:01
----------------------------------------------------------

2/6 Testing: cppcheck
2/6 Test: cppcheck
Command: "/usr/bin/python3" "-u" "/opt/ros/humble/share/ament_cmake_test/cmake/run_test.py" "/home/bryan/Workspace/ros2_ws/build/image_view/test_results/image_view/cppcheck.xunit.xml" "--package-name" "image_view" "--output-file" "/home/bryan/Workspace/ros2_ws/build/image_view/ament_cppcheck/cppcheck.txt" "--command" "/opt/ros/humble/bin/ament_cppcheck" "--xunit-file" "/home/bryan/Workspace/ros2_ws/build/image_view/test_results/image_view/cppcheck.xunit.xml" "--include_dirs" "/home/bryan/Workspace/ros2_ws/image_pipeline/image_view/include"
Directory: /home/bryan/Workspace/ros2_ws/image_pipeline/image_view
"cppcheck" start time: Apr 10 01:30 CEST
Output:
----------------------------------------------------------
-- run_test.py: invoking following command in '/home/bryan/Workspace/ros2_ws/image_pipeline/image_view':
 - /opt/ros/humble/bin/ament_cppcheck --xunit-file /home/bryan/Workspace/ros2_ws/build/image_view/test_results/image_view/cppcheck.xunit.xml --include_dirs /home/bryan/Workspace/ros2_ws/image_pipeline/image_view/include
cppcheck 2.7 has known performance issues and therefore will not be used, set the AMENT_CPPCHECK_ALLOW_SLOW_VERSIONS environment variable to override this.
-- run_test.py: return code 0
-- run_test.py: verify result file '/home/bryan/Workspace/ros2_ws/build/image_view/test_results/image_view/cppcheck.xunit.xml'
<end of output>
Test time =   0.51 sec
----------------------------------------------------------
Test Passed.
"cppcheck" end time: Apr 10 01:30 CEST
"cppcheck" time elapsed: 00:00:00
----------------------------------------------------------

3/6 Testing: cpplint
3/6 Test: cpplint
Command: "/usr/bin/python3" "-u" "/opt/ros/humble/share/ament_cmake_test/cmake/run_test.py" "/home/bryan/Workspace/ros2_ws/build/image_view/test_results/image_view/cpplint.xunit.xml" "--package-name" "image_view" "--output-file" "/home/bryan/Workspace/ros2_ws/build/image_view/ament_cpplint/cpplint.txt" "--command" "/opt/ros/humble/bin/ament_cpplint" "--xunit-file" "/home/bryan/Workspace/ros2_ws/build/image_view/test_results/image_view/cpplint.xunit.xml"
Directory: /home/bryan/Workspace/ros2_ws/image_pipeline/image_view
"cpplint" start time: Apr 10 01:30 CEST
Output:
----------------------------------------------------------
-- run_test.py: invoking following command in '/home/bryan/Workspace/ros2_ws/image_pipeline/image_view':
 - /opt/ros/humble/bin/ament_cpplint --xunit-file /home/bryan/Workspace/ros2_ws/build/image_view/test_results/image_view/cpplint.xunit.xml
Using '--root=/home/bryan/Workspace/ros2_ws/image_pipeline/image_view/include' argument

Done processing /home/bryan/Workspace/ros2_ws/image_pipeline/image_view/include/image_view/disparity_view_node.hpp

Done processing /home/bryan/Workspace/ros2_ws/image_pipeline/image_view/include/image_view/extract_images_node.hpp

Done processing /home/bryan/Workspace/ros2_ws/image_pipeline/image_view/include/image_view/image_saver_node.hpp

Done processing /home/bryan/Workspace/ros2_ws/image_pipeline/image_view/include/image_view/image_view_node.hpp

Done processing /home/bryan/Workspace/ros2_ws/image_pipeline/image_view/include/image_view/stereo_view_node.hpp

Done processing /home/bryan/Workspace/ros2_ws/image_pipeline/image_view/include/image_view/video_recorder_node.hpp

Using '--root=/home/bryan/Workspace/ros2_ws/image_pipeline/image_view/src' argument

Done processing /home/bryan/Workspace/ros2_ws/image_pipeline/image_view/src/disparity_view.cpp

Done processing /home/bryan/Workspace/ros2_ws/image_pipeline/image_view/src/disparity_view_node.cpp

Done processing /home/bryan/Workspace/ros2_ws/image_pipeline/image_view/src/extract_images.cpp

Done processing /home/bryan/Workspace/ros2_ws/image_pipeline/image_view/src/extract_images_node.cpp

Done processing /home/bryan/Workspace/ros2_ws/image_pipeline/image_view/src/image_saver.cpp

Done processing /home/bryan/Workspace/ros2_ws/image_pipeline/image_view/src/image_saver_node.cpp

Done processing /home/bryan/Workspace/ros2_ws/image_pipeline/image_view/src/image_view.cpp

Done processing /home/bryan/Workspace/ros2_ws/image_pipeline/image_view/src/image_view_node.cpp

Done processing /home/bryan/Workspace/ros2_ws/image_pipeline/image_view/src/stereo_view.cpp

Done processing /home/bryan/Workspace/ros2_ws/image_pipeline/image_view/src/stereo_view_node.cpp

Done processing /home/bryan/Workspace/ros2_ws/image_pipeline/image_view/src/video_recorder.cpp

Done processing /home/bryan/Workspace/ros2_ws/image_pipeline/image_view/src/video_recorder_node.cpp

No problems found
-- run_test.py: return code 0
-- run_test.py: verify result file '/home/bryan/Workspace/ros2_ws/build/image_view/test_results/image_view/cpplint.xunit.xml'
<end of output>
Test time =   1.32 sec
----------------------------------------------------------
Test Passed.
"cpplint" end time: Apr 10 01:30 CEST
"cpplint" time elapsed: 00:00:01
----------------------------------------------------------

4/6 Testing: lint_cmake
4/6 Test: lint_cmake
Command: "/usr/bin/python3" "-u" "/opt/ros/humble/share/ament_cmake_test/cmake/run_test.py" "/home/bryan/Workspace/ros2_ws/build/image_view/test_results/image_view/lint_cmake.xunit.xml" "--package-name" "image_view" "--output-file" "/home/bryan/Workspace/ros2_ws/build/image_view/ament_lint_cmake/lint_cmake.txt" "--command" "/opt/ros/humble/bin/ament_lint_cmake" "--xunit-file" "/home/bryan/Workspace/ros2_ws/build/image_view/test_results/image_view/lint_cmake.xunit.xml"
Directory: /home/bryan/Workspace/ros2_ws/image_pipeline/image_view
"lint_cmake" start time: Apr 10 01:30 CEST
Output:
----------------------------------------------------------
-- run_test.py: invoking following command in '/home/bryan/Workspace/ros2_ws/image_pipeline/image_view':
 - /opt/ros/humble/bin/ament_lint_cmake --xunit-file /home/bryan/Workspace/ros2_ws/build/image_view/test_results/image_view/lint_cmake.xunit.xml

No problems found
-- run_test.py: return code 0
-- run_test.py: verify result file '/home/bryan/Workspace/ros2_ws/build/image_view/test_results/image_view/lint_cmake.xunit.xml'
<end of output>
Test time =   0.37 sec
----------------------------------------------------------
Test Passed.
"lint_cmake" end time: Apr 10 01:30 CEST
"lint_cmake" time elapsed: 00:00:00
----------------------------------------------------------

5/6 Testing: uncrustify
5/6 Test: uncrustify
Command: "/usr/bin/python3" "-u" "/opt/ros/humble/share/ament_cmake_test/cmake/run_test.py" "/home/bryan/Workspace/ros2_ws/build/image_view/test_results/image_view/uncrustify.xunit.xml" "--package-name" "image_view" "--output-file" "/home/bryan/Workspace/ros2_ws/build/image_view/ament_uncrustify/uncrustify.txt" "--command" "/opt/ros/humble/bin/ament_uncrustify" "--xunit-file" "/home/bryan/Workspace/ros2_ws/build/image_view/test_results/image_view/uncrustify.xunit.xml"
Directory: /home/bryan/Workspace/ros2_ws/image_pipeline/image_view
"uncrustify" start time: Apr 10 01:30 CEST
Output:
----------------------------------------------------------
-- run_test.py: invoking following command in '/home/bryan/Workspace/ros2_ws/image_pipeline/image_view':
 - /opt/ros/humble/bin/ament_uncrustify --xunit-file /home/bryan/Workspace/ros2_ws/build/image_view/test_results/image_view/uncrustify.xunit.xml
No code style divergence in file 'include/image_view/disparity_view_node.hpp'

No code style divergence in file 'include/image_view/extract_images_node.hpp'

No code style divergence in file 'include/image_view/image_saver_node.hpp'

No code style divergence in file 'include/image_view/image_view_node.hpp'

No code style divergence in file 'include/image_view/stereo_view_node.hpp'

No code style divergence in file 'include/image_view/video_recorder_node.hpp'

No code style divergence in file 'src/disparity_view.cpp'

No code style divergence in file 'src/disparity_view_node.cpp'

No code style divergence in file 'src/extract_images.cpp'

No code style divergence in file 'src/extract_images_node.cpp'

No code style divergence in file 'src/image_saver.cpp'

No code style divergence in file 'src/image_saver_node.cpp'

No code style divergence in file 'src/image_view.cpp'

No code style divergence in file 'src/image_view_node.cpp'

No code style divergence in file 'src/stereo_view.cpp'

No code style divergence in file 'src/stereo_view_node.cpp'

No code style divergence in file 'src/video_recorder.cpp'

No code style divergence in file 'src/video_recorder_node.cpp'

No problems found
-- run_test.py: return code 0
-- run_test.py: verify result file '/home/bryan/Workspace/ros2_ws/build/image_view/test_results/image_view/uncrustify.xunit.xml'
<end of output>
Test time =   0.50 sec
----------------------------------------------------------
Test Passed.
"uncrustify" end time: Apr 10 01:30 CEST
"uncrustify" time elapsed: 00:00:00
----------------------------------------------------------

6/6 Testing: xmllint
6/6 Test: xmllint
Command: "/usr/bin/python3" "-u" "/opt/ros/humble/share/ament_cmake_test/cmake/run_test.py" "/home/bryan/Workspace/ros2_ws/build/image_view/test_results/image_view/xmllint.xunit.xml" "--package-name" "image_view" "--output-file" "/home/bryan/Workspace/ros2_ws/build/image_view/ament_xmllint/xmllint.txt" "--command" "/opt/ros/humble/bin/ament_xmllint" "--xunit-file" "/home/bryan/Workspace/ros2_ws/build/image_view/test_results/image_view/xmllint.xunit.xml"
Directory: /home/bryan/Workspace/ros2_ws/image_pipeline/image_view
"xmllint" start time: Apr 10 01:30 CEST
Output:
----------------------------------------------------------
-- run_test.py: invoking following command in '/home/bryan/Workspace/ros2_ws/image_pipeline/image_view':
 - /opt/ros/humble/bin/ament_xmllint --xunit-file /home/bryan/Workspace/ros2_ws/build/image_view/test_results/image_view/xmllint.xunit.xml
File 'package.xml' is valid

No problems found
-- run_test.py: return code 0
-- run_test.py: verify result file '/home/bryan/Workspace/ros2_ws/build/image_view/test_results/image_view/xmllint.xunit.xml'
<end of output>
Test time =   0.81 sec
----------------------------------------------------------
Test Passed.
"xmllint" end time: Apr 10 01:31 CEST
"xmllint" time elapsed: 00:00:00
----------------------------------------------------------

End testing: Apr 10 01:31 CEST

copyright =   1.53 sec*proc

cppcheck =   0.51 sec*proc

cpplint =   1.32 sec*proc

lint_cmake =   0.37 sec*proc

linter =   5.04 sec*proc

uncrustify =   0.50 sec*proc

xmllint =   0.81 sec*proc

