<?xml version="1.0" encoding="utf-8"?><testsuites><testsuite name="pytest" errors="0" failures="0" skipped="0" tests="3" time="1.418" timestamp="2026-04-10T01:31:21.177673" hostname="bryan-VirtualBox"><testcase classname="examples_rclpy_executors.executors.test.test_copyright" name="test_copyright" time="0.779" /><testcase classname="examples_rclpy_executors.executors.test.test_flake8" name="test_flake8" time="0.344" /><testcase classname="examples_rclpy_executors.executors.test.test_pep257" name="test_pep257" time="0.098" /></testsuite></testsuites>