Start testing: Apr 10 01:30 CEST
----------------------------------------------------------
1/8 Testing: copyright
1/8 Test: copyright
Command: "/usr/bin/python3" "-u" "/opt/ros/humble/share/ament_cmake_test/cmake/run_test.py" "/home/bryan/Workspace/ros2_ws/build/image_rotate/test_results/image_rotate/copyright.xunit.xml" "--package-name" "image_rotate" "--output-file" "/home/bryan/Workspace/ros2_ws/build/image_rotate/ament_copyright/copyright.txt" "--command" "/opt/ros/humble/bin/ament_copyright" "--xunit-file" "/home/bryan/Workspace/ros2_ws/build/image_rotate/test_results/image_rotate/copyright.xunit.xml"
Directory: /home/bryan/Workspace/ros2_ws/image_pipeline/image_rotate
"copyright" start time: Apr 10 01:30 CEST
Output:
----------------------------------------------------------
-- run_test.py: invoking following command in '/home/bryan/Workspace/ros2_ws/image_pipeline/image_rotate':
 - /opt/ros/humble/bin/ament_copyright --xunit-file /home/bryan/Workspace/ros2_ws/build/image_rotate/test_results/image_rotate/copyright.xunit.xml
No problems found, checked 5 files
-- run_test.py: return code 0
-- run_test.py: verify result file '/home/bryan/Workspace/ros2_ws/build/image_rotate/test_results/image_rotate/copyright.xunit.xml'
<end of output>
Test time =   0.80 sec
----------------------------------------------------------
Test Passed.
"copyright" end time: Apr 10 01:30 CEST
"copyright" time elapsed: 00:00:00
----------------------------------------------------------

2/8 Testing: cppcheck
2/8 Test: cppcheck
Command: "/usr/bin/python3" "-u" "/opt/ros/humble/share/ament_cmake_test/cmake/run_test.py" "/home/bryan/Workspace/ros2_ws/build/image_rotate/test_results/image_rotate/cppcheck.xunit.xml" "--package-name" "image_rotate" "--output-file" "/home/bryan/Workspace/ros2_ws/build/image_rotate/ament_cppcheck/cppcheck.txt" "--command" "/opt/ros/humble/bin/ament_cppcheck" "--xunit-file" "/home/bryan/Workspace/ros2_ws/build/image_rotate/test_results/image_rotate/cppcheck.xunit.xml" "--include_dirs" "/home/bryan/Workspace/ros2_ws/image_pipeline/image_rotate/include"
Directory: /home/bryan/Workspace/ros2_ws/image_pipeline/image_rotate
"cppcheck" start time: Apr 10 01:30 CEST
Output:
----------------------------------------------------------
-- run_test.py: invoking following command in '/home/bryan/Workspace/ros2_ws/image_pipeline/image_rotate':
 - /opt/ros/humble/bin/ament_cppcheck --xunit-file /home/bryan/Workspace/ros2_ws/build/image_rotate/test_results/image_rotate/cppcheck.xunit.xml --include_dirs /home/bryan/Workspace/ros2_ws/image_pipeline/image_rotate/include
cppcheck 2.7 has known performance issues and therefore will not be used, set the AMENT_CPPCHECK_ALLOW_SLOW_VERSIONS environment variable to override this.
-- run_test.py: return code 0
-- run_test.py: verify result file '/home/bryan/Workspace/ros2_ws/build/image_rotate/test_results/image_rotate/cppcheck.xunit.xml'
<end of output>
Test time =   0.59 sec
----------------------------------------------------------
Test Passed.
"cppcheck" end time: Apr 10 01:30 CEST
"cppcheck" time elapsed: 00:00:00
----------------------------------------------------------

3/8 Testing: cpplint
3/8 Test: cpplint
Command: "/usr/bin/python3" "-u" "/opt/ros/humble/share/ament_cmake_test/cmake/run_test.py" "/home/bryan/Workspace/ros2_ws/build/image_rotate/test_results/image_rotate/cpplint.xunit.xml" "--package-name" "image_rotate" "--output-file" "/home/bryan/Workspace/ros2_ws/build/image_rotate/ament_cpplint/cpplint.txt" "--command" "/opt/ros/humble/bin/ament_cpplint" "--xunit-file" "/home/bryan/Workspace/ros2_ws/build/image_rotate/test_results/image_rotate/cpplint.xunit.xml"
Directory: /home/bryan/Workspace/ros2_ws/image_pipeline/image_rotate
"cpplint" start time: Apr 10 01:30 CEST
Output:
----------------------------------------------------------
-- run_test.py: invoking following command in '/home/bryan/Workspace/ros2_ws/image_pipeline/image_rotate':
 - /opt/ros/humble/bin/ament_cpplint --xunit-file /home/bryan/Workspace/ros2_ws/build/image_rotate/test_results/image_rotate/cpplint.xunit.xml
Using '--root=/home/bryan/Workspace/ros2_ws/image_pipeline/image_rotate/include' argument

Done processing /home/bryan/Workspace/ros2_ws/image_pipeline/image_rotate/include/image_rotate/image_rotate_node.hpp

Done processing /home/bryan/Workspace/ros2_ws/image_pipeline/image_rotate/include/image_rotate/visibility.h

Using '--root=/home/bryan/Workspace/ros2_ws/image_pipeline/image_rotate/src' argument

Done processing /home/bryan/Workspace/ros2_ws/image_pipeline/image_rotate/src/image_rotate.cpp

Done processing /home/bryan/Workspace/ros2_ws/image_pipeline/image_rotate/src/image_rotate_node.cpp

No problems found
-- run_test.py: return code 0
-- run_test.py: verify result file '/home/bryan/Workspace/ros2_ws/build/image_rotate/test_results/image_rotate/cpplint.xunit.xml'
<end of output>
Test time =   1.02 sec
----------------------------------------------------------
Test Passed.
"cpplint" end time: Apr 10 01:30 CEST
"cpplint" time elapsed: 00:00:01
----------------------------------------------------------

4/8 Testing: flake8
4/8 Test: flake8
Command: "/usr/bin/python3" "-u" "/opt/ros/humble/share/ament_cmake_test/cmake/run_test.py" "/home/bryan/Workspace/ros2_ws/build/image_rotate/test_results/image_rotate/flake8.xunit.xml" "--package-name" "image_rotate" "--output-file" "/home/bryan/Workspace/ros2_ws/build/image_rotate/ament_flake8/flake8.txt" "--command" "/opt/ros/humble/bin/ament_flake8" "--xunit-file" "/home/bryan/Workspace/ros2_ws/build/image_rotate/test_results/image_rotate/flake8.xunit.xml"
Directory: /home/bryan/Workspace/ros2_ws/image_pipeline/image_rotate
"flake8" start time: Apr 10 01:30 CEST
Output:
----------------------------------------------------------
-- run_test.py: invoking following command in '/home/bryan/Workspace/ros2_ws/image_pipeline/image_rotate':
 - /opt/ros/humble/bin/ament_flake8 --xunit-file /home/bryan/Workspace/ros2_ws/build/image_rotate/test_results/image_rotate/flake8.xunit.xml

1 files checked
No problems found

Checked files:

* ./launch/image_rotate.launch.py
-- run_test.py: return code 0
-- run_test.py: verify result file '/home/bryan/Workspace/ros2_ws/build/image_rotate/test_results/image_rotate/flake8.xunit.xml'
<end of output>
Test time =   0.72 sec
----------------------------------------------------------
Test Passed.
"flake8" end time: Apr 10 01:30 CEST
"flake8" time elapsed: 00:00:00
----------------------------------------------------------

5/8 Testing: lint_cmake
5/8 Test: lint_cmake
Command: "/usr/bin/python3" "-u" "/opt/ros/humble/share/ament_cmake_test/cmake/run_test.py" "/home/bryan/Workspace/ros2_ws/build/image_rotate/test_results/image_rotate/lint_cmake.xunit.xml" "--package-name" "image_rotate" "--output-file" "/home/bryan/Workspace/ros2_ws/build/image_rotate/ament_lint_cmake/lint_cmake.txt" "--command" "/opt/ros/humble/bin/ament_lint_cmake" "--xunit-file" "/home/bryan/Workspace/ros2_ws/build/image_rotate/test_results/image_rotate/lint_cmake.xunit.xml"
Directory: /home/bryan/Workspace/ros2_ws/image_pipeline/image_rotate
"lint_cmake" start time: Apr 10 01:30 CEST
Output:
----------------------------------------------------------
-- run_test.py: invoking following command in '/home/bryan/Workspace/ros2_ws/image_pipeline/image_rotate':
 - /opt/ros/humble/bin/ament_lint_cmake --xunit-file /home/bryan/Workspace/ros2_ws/build/image_rotate/test_results/image_rotate/lint_cmake.xunit.xml

No problems found
-- run_test.py: return code 0
-- run_test.py: verify result file '/home/bryan/Workspace/ros2_ws/build/image_rotate/test_results/image_rotate/lint_cmake.xunit.xml'
<end of output>
Test time =   1.00 sec
----------------------------------------------------------
Test Passed.
"lint_cmake" end time: Apr 10 01:30 CEST
"lint_cmake" time elapsed: 00:00:01
----------------------------------------------------------

6/8 Testing: pep257
6/8 Test: pep257
Command: "/usr/bin/python3" "-u" "/opt/ros/humble/share/ament_cmake_test/cmake/run_test.py" "/home/bryan/Workspace/ros2_ws/build/image_rotate/test_results/image_rotate/pep257.xunit.xml" "--package-name" "image_rotate" "--output-file" "/home/bryan/Workspace/ros2_ws/build/image_rotate/ament_pep257/pep257.txt" "--command" "/opt/ros/humble/bin/ament_pep257" "--xunit-file" "/home/bryan/Workspace/ros2_ws/build/image_rotate/test_results/image_rotate/pep257.xunit.xml"
Directory: /home/bryan/Workspace/ros2_ws/image_pipeline/image_rotate
"pep257" start time: Apr 10 01:30 CEST
Output:
----------------------------------------------------------
-- run_test.py: invoking following command in '/home/bryan/Workspace/ros2_ws/image_pipeline/image_rotate':
 - /opt/ros/humble/bin/ament_pep257 --xunit-file /home/bryan/Workspace/ros2_ws/build/image_rotate/test_results/image_rotate/pep257.xunit.xml
checking ./launch/image_rotate.launch.py
No problems found
-- run_test.py: return code 0
-- run_test.py: verify result file '/home/bryan/Workspace/ros2_ws/build/image_rotate/test_results/image_rotate/pep257.xunit.xml'
<end of output>
Test time =   0.67 sec
----------------------------------------------------------
Test Passed.
"pep257" end time: Apr 10 01:30 CEST
"pep257" time elapsed: 00:00:00
----------------------------------------------------------

7/8 Testing: uncrustify
7/8 Test: uncrustify
Command: "/usr/bin/python3" "-u" "/opt/ros/humble/share/ament_cmake_test/cmake/run_test.py" "/home/bryan/Workspace/ros2_ws/build/image_rotate/test_results/image_rotate/uncrustify.xunit.xml" "--package-name" "image_rotate" "--output-file" "/home/bryan/Workspace/ros2_ws/build/image_rotate/ament_uncrustify/uncrustify.txt" "--command" "/opt/ros/humble/bin/ament_uncrustify" "--xunit-file" "/home/bryan/Workspace/ros2_ws/build/image_rotate/test_results/image_rotate/uncrustify.xunit.xml"
Directory: /home/bryan/Workspace/ros2_ws/image_pipeline/image_rotate
"uncrustify" start time: Apr 10 01:30 CEST
Output:
----------------------------------------------------------
-- run_test.py: invoking following command in '/home/bryan/Workspace/ros2_ws/image_pipeline/image_rotate':
 - /opt/ros/humble/bin/ament_uncrustify --xunit-file /home/bryan/Workspace/ros2_ws/build/image_rotate/test_results/image_rotate/uncrustify.xunit.xml
No code style divergence in file 'include/image_rotate/image_rotate_node.hpp'

No code style divergence in file 'include/image_rotate/visibility.h'

No code style divergence in file 'src/image_rotate.cpp'

No code style divergence in file 'src/image_rotate_node.cpp'

No problems found
-- run_test.py: return code 0
-- run_test.py: verify result file '/home/bryan/Workspace/ros2_ws/build/image_rotate/test_results/image_rotate/uncrustify.xunit.xml'
<end of output>
Test time =   0.62 sec
----------------------------------------------------------
Test Passed.
"uncrustify" end time: Apr 10 01:30 CEST
"uncrustify" time elapsed: 00:00:00
----------------------------------------------------------

8/8 Testing: xmllint
8/8 Test: xmllint
Command: "/usr/bin/python3" "-u" "/opt/ros/humble/share/ament_cmake_test/cmake/run_test.py" "/home/bryan/Workspace/ros2_ws/build/image_rotate/test_results/image_rotate/xmllint.xunit.xml" "--package-name" "image_rotate" "--output-file" "/home/bryan/Workspace/ros2_ws/build/image_rotate/ament_xmllint/xmllint.txt" "--command" "/opt/ros/humble/bin/ament_xmllint" "--xunit-file" "/home/bryan/Workspace/ros2_ws/build/image_rotate/test_results/image_rotate/xmllint.xunit.xml"
Directory: /home/bryan/Workspace/ros2_ws/image_pipeline/image_rotate
"xmllint" start time: Apr 10 01:30 CEST
Output:
----------------------------------------------------------
-- run_test.py: invoking following command in '/home/bryan/Workspace/ros2_ws/image_pipeline/image_rotate':
 - /opt/ros/humble/bin/ament_xmllint --xunit-file /home/bryan/Workspace/ros2_ws/build/image_rotate/test_results/image_rotate/xmllint.xunit.xml
File 'package.xml' is valid

No problems found
-- run_test.py: return code 0
-- run_test.py: verify result file '/home/bryan/Workspace/ros2_ws/build/image_rotate/test_results/image_rotate/xmllint.xunit.xml'
<end of output>
Test time =   0.93 sec
----------------------------------------------------------
Test Passed.
"xmllint" end time: Apr 10 01:30 CEST
"xmllint" time elapsed: 00:00:00
----------------------------------------------------------

End testing: Apr 10 01:30 CEST

copyright =   0.80 sec*proc

cppcheck =   0.59 sec*proc

cpplint =   1.02 sec*proc

flake8 =   0.72 sec*proc

lint_cmake =   1.00 sec*proc

linter =   6.37 sec*proc

pep257 =   0.67 sec*proc

uncrustify =   0.62 sec*proc

xmllint =   0.93 sec*proc

