<?xml version="1.0" encoding="utf-8"?><testsuites><testsuite name="pytest" errors="0" failures="0" skipped="1" tests="3" time="0.493" timestamp="2026-04-10T01:31:36.934466" hostname="bryan-VirtualBox"><testcase classname="first_package.test.test_copyright" name="test_copyright" time="0.025"><skipped type="pytest.skip" message="No copyright header has been placed in the generated source file.">/home/bryan/Workspace/ros2_ws/first_package/test/test_copyright.py:20: No copyright header has been placed in the generated source file.</skipped></testcase><testcase classname="first_package.test.test_flake8" name="test_flake8" time="0.215" /><testcase classname="first_package.test.test_pep257" name="test_pep257" time="0.118" /></testsuite></testsuites>