<?xml version="1.0" encoding="UTF-8"?>
<Site BuildName="(empty)"
	BuildStamp="20260409-2330-Experimental"
	Name="bryan-VirtualBox"
	Generator="ctest-3.22.1"
	CompilerName="/usr/bin/c++"
	CompilerVersion="11.4.0"
	OSName="Linux"
	Hostname="bryan-VirtualBox"
	OSRelease="6.8.0-106-generic"
	OSVersion="#106~22.04.1-Ubuntu SMP PREEMPT_DYNAMIC Fri Mar  6 08:44:59 UTC "
	OSPlatform="x86_64"
	Is64Bits="1"
	VendorString="GenuineIntel"
	VendorID="Intel Corporation"
	FamilyID="6"
	ModelID="126"
	ProcessorCacheSize="8192"
	NumberOfLogicalCPU="3"
	NumberOfPhysicalCPU="3"
	TotalVirtualMemory="2047"
	TotalPhysicalMemory="10862"
	LogicalProcessorsPerPhysical="1"
	ProcessorClockFrequency="1497.6"
	>
	<Testing>
		<StartDateTime>Apr 10 01:30 CEST</StartDateTime>
		<StartTestTime>1775777440</StartTestTime>
		<TestList>
			<Test>./test_status_tool</Test>
			<Test>./copyright</Test>
			<Test>./cppcheck</Test>
			<Test>./cpplint</Test>
			<Test>./lint_cmake</Test>
			<Test>./uncrustify</Test>
			<Test>./xmllint</Test>
		</TestList>
		<Test Status="passed">
			<Name>test_status_tool</Name>
			<Path>.</Path>
			<FullName>./test_status_tool</FullName>
			<FullCommandLine>/home/bryan/Workspace/ros2_ws/build/tracetools_image_pipeline/status</FullCommandLine>
			<Results>
				<NamedMeasurement type="text/string" name="Exit Code">
					<Value>Completed</Value>
				</NamedMeasurement>
				<NamedMeasurement type="text/string" name="Exit Value">
					<Value>1</Value>
				</NamedMeasurement>
				<NamedMeasurement type="numeric/double" name="Execution Time">
					<Value>0.00477595</Value>
				</NamedMeasurement>
				<NamedMeasurement type="numeric/double" name="Processors">
					<Value>1</Value>
				</NamedMeasurement>
				<NamedMeasurement type="text/string" name="Completion Status">
					<Value>Completed</Value>
				</NamedMeasurement>
				<NamedMeasurement type="text/string" name="Command Line">
					<Value>/home/bryan/Workspace/ros2_ws/build/tracetools_image_pipeline/status</Value>
				</NamedMeasurement>
				<NamedMeasurement type="text/string" name="Environment">
					<Value>#CTEST_RESOURCE_GROUP_COUNT=</Value>
				</NamedMeasurement>
				<Measurement>
					<Value>Tracing disabled
</Value>
				</Measurement>
			</Results>
		</Test>
		<Test Status="passed">
			<Name>copyright</Name>
			<Path>.</Path>
			<FullName>./copyright</FullName>
			<FullCommandLine>/usr/bin/python3 "-u" "/opt/ros/humble/share/ament_cmake_test/cmake/run_test.py" "/home/bryan/Workspace/ros2_ws/build/tracetools_image_pipeline/test_results/tracetools_image_pipeline/copyright.xunit.xml" "--package-name" "tracetools_image_pipeline" "--output-file" "/home/bryan/Workspace/ros2_ws/build/tracetools_image_pipeline/ament_copyright/copyright.txt" "--command" "/opt/ros/humble/bin/ament_copyright" "--xunit-file" "/home/bryan/Workspace/ros2_ws/build/tracetools_image_pipeline/test_results/tracetools_image_pipeline/copyright.xunit.xml"</FullCommandLine>
			<Results>
				<NamedMeasurement type="numeric/double" name="Execution Time">
					<Value>0.487999</Value>
				</NamedMeasurement>
				<NamedMeasurement type="numeric/double" name="Processors">
					<Value>1</Value>
				</NamedMeasurement>
				<NamedMeasurement type="text/string" name="Completion Status">
					<Value>Completed</Value>
				</NamedMeasurement>
				<NamedMeasurement type="text/string" name="Command Line">
					<Value>/usr/bin/python3 "-u" "/opt/ros/humble/share/ament_cmake_test/cmake/run_test.py" "/home/bryan/Workspace/ros2_ws/build/tracetools_image_pipeline/test_results/tracetools_image_pipeline/copyright.xunit.xml" "--package-name" "tracetools_image_pipeline" "--output-file" "/home/bryan/Workspace/ros2_ws/build/tracetools_image_pipeline/ament_copyright/copyright.txt" "--command" "/opt/ros/humble/bin/ament_copyright" "--xunit-file" "/home/bryan/Workspace/ros2_ws/build/tracetools_image_pipeline/test_results/tracetools_image_pipeline/copyright.xunit.xml"</Value>
				</NamedMeasurement>
				<NamedMeasurement type="text/string" name="Environment">
					<Value>#CTEST_RESOURCE_GROUP_COUNT=</Value>
				</NamedMeasurement>
				<Measurement>
					<Value>-- run_test.py: invoking following command in '/home/bryan/Workspace/ros2_ws/image_pipeline/tracetools_image_pipeline':
 - /opt/ros/humble/bin/ament_copyright --xunit-file /home/bryan/Workspace/ros2_ws/build/tracetools_image_pipeline/test_results/tracetools_image_pipeline/copyright.xunit.xml
No problems found, checked 8 files
-- run_test.py: return code 0
-- run_test.py: verify result file '/home/bryan/Workspace/ros2_ws/build/tracetools_image_pipeline/test_results/tracetools_image_pipeline/copyright.xunit.xml'
</Value>
				</Measurement>
			</Results>
			<Labels>
				<Label>copyright</Label>
				<Label>linter</Label>
			</Labels>
		</Test>
		<Test Status="passed">
			<Name>cppcheck</Name>
			<Path>.</Path>
			<FullName>./cppcheck</FullName>
			<FullCommandLine>/usr/bin/python3 "-u" "/opt/ros/humble/share/ament_cmake_test/cmake/run_test.py" "/home/bryan/Workspace/ros2_ws/build/tracetools_image_pipeline/test_results/tracetools_image_pipeline/cppcheck.xunit.xml" "--package-name" "tracetools_image_pipeline" "--output-file" "/home/bryan/Workspace/ros2_ws/build/tracetools_image_pipeline/ament_cppcheck/cppcheck.txt" "--command" "/opt/ros/humble/bin/ament_cppcheck" "--xunit-file" "/home/bryan/Workspace/ros2_ws/build/tracetools_image_pipeline/test_results/tracetools_image_pipeline/cppcheck.xunit.xml"</FullCommandLine>
			<Results>
				<NamedMeasurement type="numeric/double" name="Execution Time">
					<Value>0.51487</Value>
				</NamedMeasurement>
				<NamedMeasurement type="numeric/double" name="Processors">
					<Value>1</Value>
				</NamedMeasurement>
				<NamedMeasurement type="text/string" name="Completion Status">
					<Value>Completed</Value>
				</NamedMeasurement>
				<NamedMeasurement type="text/string" name="Command Line">
					<Value>/usr/bin/python3 "-u" "/opt/ros/humble/share/ament_cmake_test/cmake/run_test.py" "/home/bryan/Workspace/ros2_ws/build/tracetools_image_pipeline/test_results/tracetools_image_pipeline/cppcheck.xunit.xml" "--package-name" "tracetools_image_pipeline" "--output-file" "/home/bryan/Workspace/ros2_ws/build/tracetools_image_pipeline/ament_cppcheck/cppcheck.txt" "--command" "/opt/ros/humble/bin/ament_cppcheck" "--xunit-file" "/home/bryan/Workspace/ros2_ws/build/tracetools_image_pipeline/test_results/tracetools_image_pipeline/cppcheck.xunit.xml"</Value>
				</NamedMeasurement>
				<NamedMeasurement type="text/string" name="Environment">
					<Value>#CTEST_RESOURCE_GROUP_COUNT=</Value>
				</NamedMeasurement>
				<Measurement>
					<Value>-- run_test.py: invoking following command in '/home/bryan/Workspace/ros2_ws/image_pipeline/tracetools_image_pipeline':
 - /opt/ros/humble/bin/ament_cppcheck --xunit-file /home/bryan/Workspace/ros2_ws/build/tracetools_image_pipeline/test_results/tracetools_image_pipeline/cppcheck.xunit.xml
cppcheck 2.7 has known performance issues and therefore will not be used, set the AMENT_CPPCHECK_ALLOW_SLOW_VERSIONS environment variable to override this.
-- run_test.py: return code 0
-- run_test.py: verify result file '/home/bryan/Workspace/ros2_ws/build/tracetools_image_pipeline/test_results/tracetools_image_pipeline/cppcheck.xunit.xml'
</Value>
				</Measurement>
			</Results>
			<Labels>
				<Label>cppcheck</Label>
				<Label>linter</Label>
			</Labels>
		</Test>
		<Test Status="passed">
			<Name>cpplint</Name>
			<Path>.</Path>
			<FullName>./cpplint</FullName>
			<FullCommandLine>/usr/bin/python3 "-u" "/opt/ros/humble/share/ament_cmake_test/cmake/run_test.py" "/home/bryan/Workspace/ros2_ws/build/tracetools_image_pipeline/test_results/tracetools_image_pipeline/cpplint.xunit.xml" "--package-name" "tracetools_image_pipeline" "--output-file" "/home/bryan/Workspace/ros2_ws/build/tracetools_image_pipeline/ament_cpplint/cpplint.txt" "--command" "/opt/ros/humble/bin/ament_cpplint" "--xunit-file" "/home/bryan/Workspace/ros2_ws/build/tracetools_image_pipeline/test_results/tracetools_image_pipeline/cpplint.xunit.xml"</FullCommandLine>
			<Results>
				<NamedMeasurement type="numeric/double" name="Execution Time">
					<Value>0.318657</Value>
				</NamedMeasurement>
				<NamedMeasurement type="numeric/double" name="Processors">
					<Value>1</Value>
				</NamedMeasurement>
				<NamedMeasurement type="text/string" name="Completion Status">
					<Value>Completed</Value>
				</NamedMeasurement>
				<NamedMeasurement type="text/string" name="Command Line">
					<Value>/usr/bin/python3 "-u" "/opt/ros/humble/share/ament_cmake_test/cmake/run_test.py" "/home/bryan/Workspace/ros2_ws/build/tracetools_image_pipeline/test_results/tracetools_image_pipeline/cpplint.xunit.xml" "--package-name" "tracetools_image_pipeline" "--output-file" "/home/bryan/Workspace/ros2_ws/build/tracetools_image_pipeline/ament_cpplint/cpplint.txt" "--command" "/opt/ros/humble/bin/ament_cpplint" "--xunit-file" "/home/bryan/Workspace/ros2_ws/build/tracetools_image_pipeline/test_results/tracetools_image_pipeline/cpplint.xunit.xml"</Value>
				</NamedMeasurement>
				<NamedMeasurement type="text/string" name="Environment">
					<Value>#CTEST_RESOURCE_GROUP_COUNT=</Value>
				</NamedMeasurement>
				<Measurement>
					<Value>-- run_test.py: invoking following command in '/home/bryan/Workspace/ros2_ws/image_pipeline/tracetools_image_pipeline':
 - /opt/ros/humble/bin/ament_cpplint --xunit-file /home/bryan/Workspace/ros2_ws/build/tracetools_image_pipeline/test_results/tracetools_image_pipeline/cpplint.xunit.xml
Using '--root=/home/bryan/Workspace/ros2_ws/image_pipeline/tracetools_image_pipeline/include' argument

Done processing /home/bryan/Workspace/ros2_ws/image_pipeline/tracetools_image_pipeline/include/tracetools_image_pipeline/tp_call.h

Done processing /home/bryan/Workspace/ros2_ws/image_pipeline/tracetools_image_pipeline/include/tracetools_image_pipeline/tracetools.h

Done processing /home/bryan/Workspace/ros2_ws/image_pipeline/tracetools_image_pipeline/include/tracetools_image_pipeline/utils.hpp

Done processing /home/bryan/Workspace/ros2_ws/image_pipeline/tracetools_image_pipeline/include/tracetools_image_pipeline/visibility_control.hpp

Using '--root=/home/bryan/Workspace/ros2_ws/image_pipeline/tracetools_image_pipeline/src' argument

Done processing /home/bryan/Workspace/ros2_ws/image_pipeline/tracetools_image_pipeline/src/status.c

Done processing /home/bryan/Workspace/ros2_ws/image_pipeline/tracetools_image_pipeline/src/tp_call.c

Done processing /home/bryan/Workspace/ros2_ws/image_pipeline/tracetools_image_pipeline/src/tracetools.c

Done processing /home/bryan/Workspace/ros2_ws/image_pipeline/tracetools_image_pipeline/src/utils.cpp

No problems found
-- run_test.py: return code 0
-- run_test.py: verify result file '/home/bryan/Workspace/ros2_ws/build/tracetools_image_pipeline/test_results/tracetools_image_pipeline/cpplint.xunit.xml'
</Value>
				</Measurement>
			</Results>
			<Labels>
				<Label>cpplint</Label>
				<Label>linter</Label>
			</Labels>
		</Test>
		<Test Status="passed">
			<Name>lint_cmake</Name>
			<Path>.</Path>
			<FullName>./lint_cmake</FullName>
			<FullCommandLine>/usr/bin/python3 "-u" "/opt/ros/humble/share/ament_cmake_test/cmake/run_test.py" "/home/bryan/Workspace/ros2_ws/build/tracetools_image_pipeline/test_results/tracetools_image_pipeline/lint_cmake.xunit.xml" "--package-name" "tracetools_image_pipeline" "--output-file" "/home/bryan/Workspace/ros2_ws/build/tracetools_image_pipeline/ament_lint_cmake/lint_cmake.txt" "--command" "/opt/ros/humble/bin/ament_lint_cmake" "--xunit-file" "/home/bryan/Workspace/ros2_ws/build/tracetools_image_pipeline/test_results/tracetools_image_pipeline/lint_cmake.xunit.xml"</FullCommandLine>
			<Results>
				<NamedMeasurement type="numeric/double" name="Execution Time">
					<Value>0.326697</Value>
				</NamedMeasurement>
				<NamedMeasurement type="numeric/double" name="Processors">
					<Value>1</Value>
				</NamedMeasurement>
				<NamedMeasurement type="text/string" name="Completion Status">
					<Value>Completed</Value>
				</NamedMeasurement>
				<NamedMeasurement type="text/string" name="Command Line">
					<Value>/usr/bin/python3 "-u" "/opt/ros/humble/share/ament_cmake_test/cmake/run_test.py" "/home/bryan/Workspace/ros2_ws/build/tracetools_image_pipeline/test_results/tracetools_image_pipeline/lint_cmake.xunit.xml" "--package-name" "tracetools_image_pipeline" "--output-file" "/home/bryan/Workspace/ros2_ws/build/tracetools_image_pipeline/ament_lint_cmake/lint_cmake.txt" "--command" "/opt/ros/humble/bin/ament_lint_cmake" "--xunit-file" "/home/bryan/Workspace/ros2_ws/build/tracetools_image_pipeline/test_results/tracetools_image_pipeline/lint_cmake.xunit.xml"</Value>
				</NamedMeasurement>
				<NamedMeasurement type="text/string" name="Environment">
					<Value>#CTEST_RESOURCE_GROUP_COUNT=</Value>
				</NamedMeasurement>
				<Measurement>
					<Value>-- run_test.py: invoking following command in '/home/bryan/Workspace/ros2_ws/image_pipeline/tracetools_image_pipeline':
 - /opt/ros/humble/bin/ament_lint_cmake --xunit-file /home/bryan/Workspace/ros2_ws/build/tracetools_image_pipeline/test_results/tracetools_image_pipeline/lint_cmake.xunit.xml

No problems found
-- run_test.py: return code 0
-- run_test.py: verify result file '/home/bryan/Workspace/ros2_ws/build/tracetools_image_pipeline/test_results/tracetools_image_pipeline/lint_cmake.xunit.xml'
</Value>
				</Measurement>
			</Results>
			<Labels>
				<Label>lint_cmake</Label>
				<Label>linter</Label>
			</Labels>
		</Test>
		<Test Status="passed">
			<Name>uncrustify</Name>
			<Path>.</Path>
			<FullName>./uncrustify</FullName>
			<FullCommandLine>/usr/bin/python3 "-u" "/opt/ros/humble/share/ament_cmake_test/cmake/run_test.py" "/home/bryan/Workspace/ros2_ws/build/tracetools_image_pipeline/test_results/tracetools_image_pipeline/uncrustify.xunit.xml" "--package-name" "tracetools_image_pipeline" "--output-file" "/home/bryan/Workspace/ros2_ws/build/tracetools_image_pipeline/ament_uncrustify/uncrustify.txt" "--command" "/opt/ros/humble/bin/ament_uncrustify" "--xunit-file" "/home/bryan/Workspace/ros2_ws/build/tracetools_image_pipeline/test_results/tracetools_image_pipeline/uncrustify.xunit.xml"</FullCommandLine>
			<Results>
				<NamedMeasurement type="numeric/double" name="Execution Time">
					<Value>0.257134</Value>
				</NamedMeasurement>
				<NamedMeasurement type="numeric/double" name="Processors">
					<Value>1</Value>
				</NamedMeasurement>
				<NamedMeasurement type="text/string" name="Completion Status">
					<Value>Completed</Value>
				</NamedMeasurement>
				<NamedMeasurement type="text/string" name="Command Line">
					<Value>/usr/bin/python3 "-u" "/opt/ros/humble/share/ament_cmake_test/cmake/run_test.py" "/home/bryan/Workspace/ros2_ws/build/tracetools_image_pipeline/test_results/tracetools_image_pipeline/uncrustify.xunit.xml" "--package-name" "tracetools_image_pipeline" "--output-file" "/home/bryan/Workspace/ros2_ws/build/tracetools_image_pipeline/ament_uncrustify/uncrustify.txt" "--command" "/opt/ros/humble/bin/ament_uncrustify" "--xunit-file" "/home/bryan/Workspace/ros2_ws/build/tracetools_image_pipeline/test_results/tracetools_image_pipeline/uncrustify.xunit.xml"</Value>
				</NamedMeasurement>
				<NamedMeasurement type="text/string" name="Environment">
					<Value>#CTEST_RESOURCE_GROUP_COUNT=</Value>
				</NamedMeasurement>
				<Measurement>
					<Value>-- run_test.py: invoking following command in '/home/bryan/Workspace/ros2_ws/image_pipeline/tracetools_image_pipeline':
 - /opt/ros/humble/bin/ament_uncrustify --xunit-file /home/bryan/Workspace/ros2_ws/build/tracetools_image_pipeline/test_results/tracetools_image_pipeline/uncrustify.xunit.xml
No code style divergence in file 'include/tracetools_image_pipeline/tp_call.h'

No code style divergence in file 'include/tracetools_image_pipeline/tracetools.h'

No code style divergence in file 'include/tracetools_image_pipeline/utils.hpp'

No code style divergence in file 'include/tracetools_image_pipeline/visibility_control.hpp'

No code style divergence in file 'src/status.c'

No code style divergence in file 'src/tp_call.c'

No code style divergence in file 'src/tracetools.c'

No code style divergence in file 'src/utils.cpp'

No problems found
-- run_test.py: return code 0
-- run_test.py: verify result file '/home/bryan/Workspace/ros2_ws/build/tracetools_image_pipeline/test_results/tracetools_image_pipeline/uncrustify.xunit.xml'
</Value>
				</Measurement>
			</Results>
			<Labels>
				<Label>linter</Label>
				<Label>uncrustify</Label>
			</Labels>
		</Test>
		<Test Status="passed">
			<Name>xmllint</Name>
			<Path>.</Path>
			<FullName>./xmllint</FullName>
			<FullCommandLine>/usr/bin/python3 "-u" "/opt/ros/humble/share/ament_cmake_test/cmake/run_test.py" "/home/bryan/Workspace/ros2_ws/build/tracetools_image_pipeline/test_results/tracetools_image_pipeline/xmllint.xunit.xml" "--package-name" "tracetools_image_pipeline" "--output-file" "/home/bryan/Workspace/ros2_ws/build/tracetools_image_pipeline/ament_xmllint/xmllint.txt" "--command" "/opt/ros/humble/bin/ament_xmllint" "--xunit-file" "/home/bryan/Workspace/ros2_ws/build/tracetools_image_pipeline/test_results/tracetools_image_pipeline/xmllint.xunit.xml"</FullCommandLine>
			<Results>
				<NamedMeasurement type="numeric/double" name="Execution Time">
					<Value>0.593361</Value>
				</NamedMeasurement>
				<NamedMeasurement type="numeric/double" name="Processors">
					<Value>1</Value>
				</NamedMeasurement>
				<NamedMeasurement type="text/string" name="Completion Status">
					<Value>Completed</Value>
				</NamedMeasurement>
				<NamedMeasurement type="text/string" name="Command Line">
					<Value>/usr/bin/python3 "-u" "/opt/ros/humble/share/ament_cmake_test/cmake/run_test.py" "/home/bryan/Workspace/ros2_ws/build/tracetools_image_pipeline/test_results/tracetools_image_pipeline/xmllint.xunit.xml" "--package-name" "tracetools_image_pipeline" "--output-file" "/home/bryan/Workspace/ros2_ws/build/tracetools_image_pipeline/ament_xmllint/xmllint.txt" "--command" "/opt/ros/humble/bin/ament_xmllint" "--xunit-file" "/home/bryan/Workspace/ros2_ws/build/tracetools_image_pipeline/test_results/tracetools_image_pipeline/xmllint.xunit.xml"</Value>
				</NamedMeasurement>
				<NamedMeasurement type="text/string" name="Environment">
					<Value>#CTEST_RESOURCE_GROUP_COUNT=</Value>
				</NamedMeasurement>
				<Measurement>
					<Value>-- run_test.py: invoking following command in '/home/bryan/Workspace/ros2_ws/image_pipeline/tracetools_image_pipeline':
 - /opt/ros/humble/bin/ament_xmllint --xunit-file /home/bryan/Workspace/ros2_ws/build/tracetools_image_pipeline/test_results/tracetools_image_pipeline/xmllint.xunit.xml
File 'package.xml' is valid

No problems found
-- run_test.py: return code 0
-- run_test.py: verify result file '/home/bryan/Workspace/ros2_ws/build/tracetools_image_pipeline/test_results/tracetools_image_pipeline/xmllint.xunit.xml'
</Value>
				</Measurement>
			</Results>
			<Labels>
				<Label>linter</Label>
				<Label>xmllint</Label>
			</Labels>
		</Test>
		<EndDateTime>Apr 10 01:30 CEST</EndDateTime>
		<EndTestTime>1775777443</EndTestTime>
		<ElapsedMinutes>0</ElapsedMinutes>
	</Testing>
</Site>
