Start testing: Apr 10 01:30 CEST
----------------------------------------------------------
1/7 Testing: test_status_tool
1/7 Test: test_status_tool
Command: "/home/bryan/Workspace/ros2_ws/build/tracetools_image_pipeline/status"
Directory: /home/bryan/Workspace/ros2_ws/build/tracetools_image_pipeline
"test_status_tool" start time: Apr 10 01:30 CEST
Output:
----------------------------------------------------------
Tracing disabled
<end of output>
Test time =   0.00 sec
----------------------------------------------------------
Test Passed.
"test_status_tool" end time: Apr 10 01:30 CEST
"test_status_tool" time elapsed: 00:00:00
----------------------------------------------------------

2/7 Testing: copyright
2/7 Test: copyright
Command: "/usr/bin/python3" "-u" "/opt/ros/humble/share/ament_cmake_test/cmake/run_test.py" "/home/bryan/Workspace/ros2_ws/build/tracetools_image_pipeline/test_results/tracetools_image_pipeline/copyright.xunit.xml" "--package-name" "tracetools_image_pipeline" "--output-file" "/home/bryan/Workspace/ros2_ws/build/tracetools_image_pipeline/ament_copyright/copyright.txt" "--command" "/opt/ros/humble/bin/ament_copyright" "--xunit-file" "/home/bryan/Workspace/ros2_ws/build/tracetools_image_pipeline/test_results/tracetools_image_pipeline/copyright.xunit.xml"
Directory: /home/bryan/Workspace/ros2_ws/image_pipeline/tracetools_image_pipeline
"copyright" start time: Apr 10 01:30 CEST
Output:
----------------------------------------------------------
-- run_test.py: invoking following command in '/home/bryan/Workspace/ros2_ws/image_pipeline/tracetools_image_pipeline':
 - /opt/ros/humble/bin/ament_copyright --xunit-file /home/bryan/Workspace/ros2_ws/build/tracetools_image_pipeline/test_results/tracetools_image_pipeline/copyright.xunit.xml
No problems found, checked 8 files
-- run_test.py: return code 0
-- run_test.py: verify result file '/home/bryan/Workspace/ros2_ws/build/tracetools_image_pipeline/test_results/tracetools_image_pipeline/copyright.xunit.xml'
<end of output>
Test time =   0.49 sec
----------------------------------------------------------
Test Passed.
"copyright" end time: Apr 10 01:30 CEST
"copyright" time elapsed: 00:00:00
----------------------------------------------------------

3/7 Testing: cppcheck
3/7 Test: cppcheck
Command: "/usr/bin/python3" "-u" "/opt/ros/humble/share/ament_cmake_test/cmake/run_test.py" "/home/bryan/Workspace/ros2_ws/build/tracetools_image_pipeline/test_results/tracetools_image_pipeline/cppcheck.xunit.xml" "--package-name" "tracetools_image_pipeline" "--output-file" "/home/bryan/Workspace/ros2_ws/build/tracetools_image_pipeline/ament_cppcheck/cppcheck.txt" "--command" "/opt/ros/humble/bin/ament_cppcheck" "--xunit-file" "/home/bryan/Workspace/ros2_ws/build/tracetools_image_pipeline/test_results/tracetools_image_pipeline/cppcheck.xunit.xml"
Directory: /home/bryan/Workspace/ros2_ws/image_pipeline/tracetools_image_pipeline
"cppcheck" start time: Apr 10 01:30 CEST
Output:
----------------------------------------------------------
-- run_test.py: invoking following command in '/home/bryan/Workspace/ros2_ws/image_pipeline/tracetools_image_pipeline':
 - /opt/ros/humble/bin/ament_cppcheck --xunit-file /home/bryan/Workspace/ros2_ws/build/tracetools_image_pipeline/test_results/tracetools_image_pipeline/cppcheck.xunit.xml
cppcheck 2.7 has known performance issues and therefore will not be used, set the AMENT_CPPCHECK_ALLOW_SLOW_VERSIONS environment variable to override this.
-- run_test.py: return code 0
-- run_test.py: verify result file '/home/bryan/Workspace/ros2_ws/build/tracetools_image_pipeline/test_results/tracetools_image_pipeline/cppcheck.xunit.xml'
<end of output>
Test time =   0.51 sec
----------------------------------------------------------
Test Passed.
"cppcheck" end time: Apr 10 01:30 CEST
"cppcheck" time elapsed: 00:00:00
----------------------------------------------------------

4/7 Testing: cpplint
4/7 Test: cpplint
Command: "/usr/bin/python3" "-u" "/opt/ros/humble/share/ament_cmake_test/cmake/run_test.py" "/home/bryan/Workspace/ros2_ws/build/tracetools_image_pipeline/test_results/tracetools_image_pipeline/cpplint.xunit.xml" "--package-name" "tracetools_image_pipeline" "--output-file" "/home/bryan/Workspace/ros2_ws/build/tracetools_image_pipeline/ament_cpplint/cpplint.txt" "--command" "/opt/ros/humble/bin/ament_cpplint" "--xunit-file" "/home/bryan/Workspace/ros2_ws/build/tracetools_image_pipeline/test_results/tracetools_image_pipeline/cpplint.xunit.xml"
Directory: /home/bryan/Workspace/ros2_ws/image_pipeline/tracetools_image_pipeline
"cpplint" start time: Apr 10 01:30 CEST
Output:
----------------------------------------------------------
-- run_test.py: invoking following command in '/home/bryan/Workspace/ros2_ws/image_pipeline/tracetools_image_pipeline':
 - /opt/ros/humble/bin/ament_cpplint --xunit-file /home/bryan/Workspace/ros2_ws/build/tracetools_image_pipeline/test_results/tracetools_image_pipeline/cpplint.xunit.xml
Using '--root=/home/bryan/Workspace/ros2_ws/image_pipeline/tracetools_image_pipeline/include' argument

Done processing /home/bryan/Workspace/ros2_ws/image_pipeline/tracetools_image_pipeline/include/tracetools_image_pipeline/tp_call.h

Done processing /home/bryan/Workspace/ros2_ws/image_pipeline/tracetools_image_pipeline/include/tracetools_image_pipeline/tracetools.h

Done processing /home/bryan/Workspace/ros2_ws/image_pipeline/tracetools_image_pipeline/include/tracetools_image_pipeline/utils.hpp

Done processing /home/bryan/Workspace/ros2_ws/image_pipeline/tracetools_image_pipeline/include/tracetools_image_pipeline/visibility_control.hpp

Using '--root=/home/bryan/Workspace/ros2_ws/image_pipeline/tracetools_image_pipeline/src' argument

Done processing /home/bryan/Workspace/ros2_ws/image_pipeline/tracetools_image_pipeline/src/status.c

Done processing /home/bryan/Workspace/ros2_ws/image_pipeline/tracetools_image_pipeline/src/tp_call.c

Done processing /home/bryan/Workspace/ros2_ws/image_pipeline/tracetools_image_pipeline/src/tracetools.c

Done processing /home/bryan/Workspace/ros2_ws/image_pipeline/tracetools_image_pipeline/src/utils.cpp

No problems found
-- run_test.py: return code 0
-- run_test.py: verify result file '/home/bryan/Workspace/ros2_ws/build/tracetools_image_pipeline/test_results/tracetools_image_pipeline/cpplint.xunit.xml'
<end of output>
Test time =   0.32 sec
----------------------------------------------------------
Test Passed.
"cpplint" end time: Apr 10 01:30 CEST
"cpplint" time elapsed: 00:00:00
----------------------------------------------------------

5/7 Testing: lint_cmake
5/7 Test: lint_cmake
Command: "/usr/bin/python3" "-u" "/opt/ros/humble/share/ament_cmake_test/cmake/run_test.py" "/home/bryan/Workspace/ros2_ws/build/tracetools_image_pipeline/test_results/tracetools_image_pipeline/lint_cmake.xunit.xml" "--package-name" "tracetools_image_pipeline" "--output-file" "/home/bryan/Workspace/ros2_ws/build/tracetools_image_pipeline/ament_lint_cmake/lint_cmake.txt" "--command" "/opt/ros/humble/bin/ament_lint_cmake" "--xunit-file" "/home/bryan/Workspace/ros2_ws/build/tracetools_image_pipeline/test_results/tracetools_image_pipeline/lint_cmake.xunit.xml"
Directory: /home/bryan/Workspace/ros2_ws/image_pipeline/tracetools_image_pipeline
"lint_cmake" start time: Apr 10 01:30 CEST
Output:
----------------------------------------------------------
-- run_test.py: invoking following command in '/home/bryan/Workspace/ros2_ws/image_pipeline/tracetools_image_pipeline':
 - /opt/ros/humble/bin/ament_lint_cmake --xunit-file /home/bryan/Workspace/ros2_ws/build/tracetools_image_pipeline/test_results/tracetools_image_pipeline/lint_cmake.xunit.xml

No problems found
-- run_test.py: return code 0
-- run_test.py: verify result file '/home/bryan/Workspace/ros2_ws/build/tracetools_image_pipeline/test_results/tracetools_image_pipeline/lint_cmake.xunit.xml'
<end of output>
Test time =   0.33 sec
----------------------------------------------------------
Test Passed.
"lint_cmake" end time: Apr 10 01:30 CEST
"lint_cmake" time elapsed: 00:00:00
----------------------------------------------------------

6/7 Testing: uncrustify
6/7 Test: uncrustify
Command: "/usr/bin/python3" "-u" "/opt/ros/humble/share/ament_cmake_test/cmake/run_test.py" "/home/bryan/Workspace/ros2_ws/build/tracetools_image_pipeline/test_results/tracetools_image_pipeline/uncrustify.xunit.xml" "--package-name" "tracetools_image_pipeline" "--output-file" "/home/bryan/Workspace/ros2_ws/build/tracetools_image_pipeline/ament_uncrustify/uncrustify.txt" "--command" "/opt/ros/humble/bin/ament_uncrustify" "--xunit-file" "/home/bryan/Workspace/ros2_ws/build/tracetools_image_pipeline/test_results/tracetools_image_pipeline/uncrustify.xunit.xml"
Directory: /home/bryan/Workspace/ros2_ws/image_pipeline/tracetools_image_pipeline
"uncrustify" start time: Apr 10 01:30 CEST
Output:
----------------------------------------------------------
-- run_test.py: invoking following command in '/home/bryan/Workspace/ros2_ws/image_pipeline/tracetools_image_pipeline':
 - /opt/ros/humble/bin/ament_uncrustify --xunit-file /home/bryan/Workspace/ros2_ws/build/tracetools_image_pipeline/test_results/tracetools_image_pipeline/uncrustify.xunit.xml
No code style divergence in file 'include/tracetools_image_pipeline/tp_call.h'

No code style divergence in file 'include/tracetools_image_pipeline/tracetools.h'

No code style divergence in file 'include/tracetools_image_pipeline/utils.hpp'

No code style divergence in file 'include/tracetools_image_pipeline/visibility_control.hpp'

No code style divergence in file 'src/status.c'

No code style divergence in file 'src/tp_call.c'

No code style divergence in file 'src/tracetools.c'

No code style divergence in file 'src/utils.cpp'

No problems found
-- run_test.py: return code 0
-- run_test.py: verify result file '/home/bryan/Workspace/ros2_ws/build/tracetools_image_pipeline/test_results/tracetools_image_pipeline/uncrustify.xunit.xml'
<end of output>
Test time =   0.26 sec
----------------------------------------------------------
Test Passed.
"uncrustify" end time: Apr 10 01:30 CEST
"uncrustify" time elapsed: 00:00:00
----------------------------------------------------------

7/7 Testing: xmllint
7/7 Test: xmllint
Command: "/usr/bin/python3" "-u" "/opt/ros/humble/share/ament_cmake_test/cmake/run_test.py" "/home/bryan/Workspace/ros2_ws/build/tracetools_image_pipeline/test_results/tracetools_image_pipeline/xmllint.xunit.xml" "--package-name" "tracetools_image_pipeline" "--output-file" "/home/bryan/Workspace/ros2_ws/build/tracetools_image_pipeline/ament_xmllint/xmllint.txt" "--command" "/opt/ros/humble/bin/ament_xmllint" "--xunit-file" "/home/bryan/Workspace/ros2_ws/build/tracetools_image_pipeline/test_results/tracetools_image_pipeline/xmllint.xunit.xml"
Directory: /home/bryan/Workspace/ros2_ws/image_pipeline/tracetools_image_pipeline
"xmllint" start time: Apr 10 01:30 CEST
Output:
----------------------------------------------------------
-- run_test.py: invoking following command in '/home/bryan/Workspace/ros2_ws/image_pipeline/tracetools_image_pipeline':
 - /opt/ros/humble/bin/ament_xmllint --xunit-file /home/bryan/Workspace/ros2_ws/build/tracetools_image_pipeline/test_results/tracetools_image_pipeline/xmllint.xunit.xml
File 'package.xml' is valid

No problems found
-- run_test.py: return code 0
-- run_test.py: verify result file '/home/bryan/Workspace/ros2_ws/build/tracetools_image_pipeline/test_results/tracetools_image_pipeline/xmllint.xunit.xml'
<end of output>
Test time =   0.59 sec
----------------------------------------------------------
Test Passed.
"xmllint" end time: Apr 10 01:30 CEST
"xmllint" time elapsed: 00:00:00
----------------------------------------------------------

End testing: Apr 10 01:30 CEST

copyright =   0.49 sec*proc

cppcheck =   0.51 sec*proc

cpplint =   0.32 sec*proc

lint_cmake =   0.33 sec*proc

linter =   2.50 sec*proc

uncrustify =   0.26 sec*proc

xmllint =   0.59 sec*proc

