<?xml version="1.0" encoding="UTF-8"?>
<Site BuildName="(empty)"
	BuildStamp="20260409-2331-Experimental"
	Name="bryan-VirtualBox"
	Generator="ctest-3.22.1"
	CompilerName="/usr/bin/c++"
	CompilerVersion="11.4.0"
	OSName="Linux"
	Hostname="bryan-VirtualBox"
	OSRelease="6.8.0-106-generic"
	OSVersion="#106~22.04.1-Ubuntu SMP PREEMPT_DYNAMIC Fri Mar  6 08:44:59 UTC "
	OSPlatform="x86_64"
	Is64Bits="1"
	VendorString="GenuineIntel"
	VendorID="Intel Corporation"
	FamilyID="6"
	ModelID="126"
	ProcessorCacheSize="8192"
	NumberOfLogicalCPU="3"
	NumberOfPhysicalCPU="3"
	TotalVirtualMemory="2047"
	TotalPhysicalMemory="10862"
	LogicalProcessorsPerPhysical="1"
	ProcessorClockFrequency="1497.6"
	>
	<Testing>
		<StartDateTime>Apr 10 01:31 CEST</StartDateTime>
		<StartTestTime>1775777472</StartTestTime>
		<TestList>
			<Test>./copyright</Test>
			<Test>./cppcheck</Test>
			<Test>./cpplint</Test>
			<Test>./lint_cmake</Test>
			<Test>./uncrustify</Test>
			<Test>./xmllint</Test>
		</TestList>
		<Test Status="passed">
			<Name>copyright</Name>
			<Path>.</Path>
			<FullName>./copyright</FullName>
			<FullCommandLine>/usr/bin/python3 "-u" "/opt/ros/humble/share/ament_cmake_test/cmake/run_test.py" "/home/bryan/Workspace/ros2_ws/build/examples_rclcpp_minimal_subscriber/test_results/examples_rclcpp_minimal_subscriber/copyright.xunit.xml" "--package-name" "examples_rclcpp_minimal_subscriber" "--output-file" "/home/bryan/Workspace/ros2_ws/build/examples_rclcpp_minimal_subscriber/ament_copyright/copyright.txt" "--command" "/opt/ros/humble/bin/ament_copyright" "--xunit-file" "/home/bryan/Workspace/ros2_ws/build/examples_rclcpp_minimal_subscriber/test_results/examples_rclcpp_minimal_subscriber/copyright.xunit.xml"</FullCommandLine>
			<Results>
				<NamedMeasurement type="numeric/double" name="Execution Time">
					<Value>1.56192</Value>
				</NamedMeasurement>
				<NamedMeasurement type="numeric/double" name="Processors">
					<Value>1</Value>
				</NamedMeasurement>
				<NamedMeasurement type="text/string" name="Completion Status">
					<Value>Completed</Value>
				</NamedMeasurement>
				<NamedMeasurement type="text/string" name="Command Line">
					<Value>/usr/bin/python3 "-u" "/opt/ros/humble/share/ament_cmake_test/cmake/run_test.py" "/home/bryan/Workspace/ros2_ws/build/examples_rclcpp_minimal_subscriber/test_results/examples_rclcpp_minimal_subscriber/copyright.xunit.xml" "--package-name" "examples_rclcpp_minimal_subscriber" "--output-file" "/home/bryan/Workspace/ros2_ws/build/examples_rclcpp_minimal_subscriber/ament_copyright/copyright.txt" "--command" "/opt/ros/humble/bin/ament_copyright" "--xunit-file" "/home/bryan/Workspace/ros2_ws/build/examples_rclcpp_minimal_subscriber/test_results/examples_rclcpp_minimal_subscriber/copyright.xunit.xml"</Value>
				</NamedMeasurement>
				<NamedMeasurement type="text/string" name="Environment">
					<Value>#CTEST_RESOURCE_GROUP_COUNT=</Value>
				</NamedMeasurement>
				<Measurement>
					<Value>-- run_test.py: invoking following command in '/home/bryan/Workspace/ros2_ws/src/examples/rclcpp/topics/minimal_subscriber':
 - /opt/ros/humble/bin/ament_copyright --xunit-file /home/bryan/Workspace/ros2_ws/build/examples_rclcpp_minimal_subscriber/test_results/examples_rclcpp_minimal_subscriber/copyright.xunit.xml
No problems found, checked 10 files
-- run_test.py: return code 0
-- run_test.py: verify result file '/home/bryan/Workspace/ros2_ws/build/examples_rclcpp_minimal_subscriber/test_results/examples_rclcpp_minimal_subscriber/copyright.xunit.xml'
</Value>
				</Measurement>
			</Results>
			<Labels>
				<Label>copyright</Label>
				<Label>linter</Label>
			</Labels>
		</Test>
		<Test Status="passed">
			<Name>cppcheck</Name>
			<Path>.</Path>
			<FullName>./cppcheck</FullName>
			<FullCommandLine>/usr/bin/python3 "-u" "/opt/ros/humble/share/ament_cmake_test/cmake/run_test.py" "/home/bryan/Workspace/ros2_ws/build/examples_rclcpp_minimal_subscriber/test_results/examples_rclcpp_minimal_subscriber/cppcheck.xunit.xml" "--package-name" "examples_rclcpp_minimal_subscriber" "--output-file" "/home/bryan/Workspace/ros2_ws/build/examples_rclcpp_minimal_subscriber/ament_cppcheck/cppcheck.txt" "--command" "/opt/ros/humble/bin/ament_cppcheck" "--xunit-file" "/home/bryan/Workspace/ros2_ws/build/examples_rclcpp_minimal_subscriber/test_results/examples_rclcpp_minimal_subscriber/cppcheck.xunit.xml"</FullCommandLine>
			<Results>
				<NamedMeasurement type="numeric/double" name="Execution Time">
					<Value>0.532521</Value>
				</NamedMeasurement>
				<NamedMeasurement type="numeric/double" name="Processors">
					<Value>1</Value>
				</NamedMeasurement>
				<NamedMeasurement type="text/string" name="Completion Status">
					<Value>Completed</Value>
				</NamedMeasurement>
				<NamedMeasurement type="text/string" name="Command Line">
					<Value>/usr/bin/python3 "-u" "/opt/ros/humble/share/ament_cmake_test/cmake/run_test.py" "/home/bryan/Workspace/ros2_ws/build/examples_rclcpp_minimal_subscriber/test_results/examples_rclcpp_minimal_subscriber/cppcheck.xunit.xml" "--package-name" "examples_rclcpp_minimal_subscriber" "--output-file" "/home/bryan/Workspace/ros2_ws/build/examples_rclcpp_minimal_subscriber/ament_cppcheck/cppcheck.txt" "--command" "/opt/ros/humble/bin/ament_cppcheck" "--xunit-file" "/home/bryan/Workspace/ros2_ws/build/examples_rclcpp_minimal_subscriber/test_results/examples_rclcpp_minimal_subscriber/cppcheck.xunit.xml"</Value>
				</NamedMeasurement>
				<NamedMeasurement type="text/string" name="Environment">
					<Value>#CTEST_RESOURCE_GROUP_COUNT=</Value>
				</NamedMeasurement>
				<Measurement>
					<Value>-- run_test.py: invoking following command in '/home/bryan/Workspace/ros2_ws/src/examples/rclcpp/topics/minimal_subscriber':
 - /opt/ros/humble/bin/ament_cppcheck --xunit-file /home/bryan/Workspace/ros2_ws/build/examples_rclcpp_minimal_subscriber/test_results/examples_rclcpp_minimal_subscriber/cppcheck.xunit.xml
cppcheck 2.7 has known performance issues and therefore will not be used, set the AMENT_CPPCHECK_ALLOW_SLOW_VERSIONS environment variable to override this.
-- run_test.py: return code 0
-- run_test.py: verify result file '/home/bryan/Workspace/ros2_ws/build/examples_rclcpp_minimal_subscriber/test_results/examples_rclcpp_minimal_subscriber/cppcheck.xunit.xml'
</Value>
				</Measurement>
			</Results>
			<Labels>
				<Label>cppcheck</Label>
				<Label>linter</Label>
			</Labels>
		</Test>
		<Test Status="passed">
			<Name>cpplint</Name>
			<Path>.</Path>
			<FullName>./cpplint</FullName>
			<FullCommandLine>/usr/bin/python3 "-u" "/opt/ros/humble/share/ament_cmake_test/cmake/run_test.py" "/home/bryan/Workspace/ros2_ws/build/examples_rclcpp_minimal_subscriber/test_results/examples_rclcpp_minimal_subscriber/cpplint.xunit.xml" "--package-name" "examples_rclcpp_minimal_subscriber" "--output-file" "/home/bryan/Workspace/ros2_ws/build/examples_rclcpp_minimal_subscriber/ament_cpplint/cpplint.txt" "--command" "/opt/ros/humble/bin/ament_cpplint" "--xunit-file" "/home/bryan/Workspace/ros2_ws/build/examples_rclcpp_minimal_subscriber/test_results/examples_rclcpp_minimal_subscriber/cpplint.xunit.xml"</FullCommandLine>
			<Results>
				<NamedMeasurement type="numeric/double" name="Execution Time">
					<Value>0.781298</Value>
				</NamedMeasurement>
				<NamedMeasurement type="numeric/double" name="Processors">
					<Value>1</Value>
				</NamedMeasurement>
				<NamedMeasurement type="text/string" name="Completion Status">
					<Value>Completed</Value>
				</NamedMeasurement>
				<NamedMeasurement type="text/string" name="Command Line">
					<Value>/usr/bin/python3 "-u" "/opt/ros/humble/share/ament_cmake_test/cmake/run_test.py" "/home/bryan/Workspace/ros2_ws/build/examples_rclcpp_minimal_subscriber/test_results/examples_rclcpp_minimal_subscriber/cpplint.xunit.xml" "--package-name" "examples_rclcpp_minimal_subscriber" "--output-file" "/home/bryan/Workspace/ros2_ws/build/examples_rclcpp_minimal_subscriber/ament_cpplint/cpplint.txt" "--command" "/opt/ros/humble/bin/ament_cpplint" "--xunit-file" "/home/bryan/Workspace/ros2_ws/build/examples_rclcpp_minimal_subscriber/test_results/examples_rclcpp_minimal_subscriber/cpplint.xunit.xml"</Value>
				</NamedMeasurement>
				<NamedMeasurement type="text/string" name="Environment">
					<Value>#CTEST_RESOURCE_GROUP_COUNT=</Value>
				</NamedMeasurement>
				<Measurement>
					<Value>-- run_test.py: invoking following command in '/home/bryan/Workspace/ros2_ws/src/examples/rclcpp/topics/minimal_subscriber':
 - /opt/ros/humble/bin/ament_cpplint --xunit-file /home/bryan/Workspace/ros2_ws/build/examples_rclcpp_minimal_subscriber/test_results/examples_rclcpp_minimal_subscriber/cpplint.xunit.xml
Using '--root=..' argument

Done processing /home/bryan/Workspace/ros2_ws/src/examples/rclcpp/topics/minimal_subscriber/content_filtering.cpp

Done processing /home/bryan/Workspace/ros2_ws/src/examples/rclcpp/topics/minimal_subscriber/lambda.cpp

Done processing /home/bryan/Workspace/ros2_ws/src/examples/rclcpp/topics/minimal_subscriber/member_function.cpp

Done processing /home/bryan/Workspace/ros2_ws/src/examples/rclcpp/topics/minimal_subscriber/member_function_with_topic_statistics.cpp

Done processing /home/bryan/Workspace/ros2_ws/src/examples/rclcpp/topics/minimal_subscriber/member_function_with_type_adapter.cpp

Done processing /home/bryan/Workspace/ros2_ws/src/examples/rclcpp/topics/minimal_subscriber/member_function_with_unique_network_flow_endpoints.cpp

Done processing /home/bryan/Workspace/ros2_ws/src/examples/rclcpp/topics/minimal_subscriber/not_composable.cpp

Done processing /home/bryan/Workspace/ros2_ws/src/examples/rclcpp/topics/minimal_subscriber/static_wait_set_subscriber.cpp

Done processing /home/bryan/Workspace/ros2_ws/src/examples/rclcpp/topics/minimal_subscriber/time_triggered_wait_set_subscriber.cpp

Done processing /home/bryan/Workspace/ros2_ws/src/examples/rclcpp/topics/minimal_subscriber/wait_set_subscriber.cpp

No problems found
-- run_test.py: return code 0
-- run_test.py: verify result file '/home/bryan/Workspace/ros2_ws/build/examples_rclcpp_minimal_subscriber/test_results/examples_rclcpp_minimal_subscriber/cpplint.xunit.xml'
</Value>
				</Measurement>
			</Results>
			<Labels>
				<Label>cpplint</Label>
				<Label>linter</Label>
			</Labels>
		</Test>
		<Test Status="passed">
			<Name>lint_cmake</Name>
			<Path>.</Path>
			<FullName>./lint_cmake</FullName>
			<FullCommandLine>/usr/bin/python3 "-u" "/opt/ros/humble/share/ament_cmake_test/cmake/run_test.py" "/home/bryan/Workspace/ros2_ws/build/examples_rclcpp_minimal_subscriber/test_results/examples_rclcpp_minimal_subscriber/lint_cmake.xunit.xml" "--package-name" "examples_rclcpp_minimal_subscriber" "--output-file" "/home/bryan/Workspace/ros2_ws/build/examples_rclcpp_minimal_subscriber/ament_lint_cmake/lint_cmake.txt" "--command" "/opt/ros/humble/bin/ament_lint_cmake" "--xunit-file" "/home/bryan/Workspace/ros2_ws/build/examples_rclcpp_minimal_subscriber/test_results/examples_rclcpp_minimal_subscriber/lint_cmake.xunit.xml"</FullCommandLine>
			<Results>
				<NamedMeasurement type="numeric/double" name="Execution Time">
					<Value>0.278959</Value>
				</NamedMeasurement>
				<NamedMeasurement type="numeric/double" name="Processors">
					<Value>1</Value>
				</NamedMeasurement>
				<NamedMeasurement type="text/string" name="Completion Status">
					<Value>Completed</Value>
				</NamedMeasurement>
				<NamedMeasurement type="text/string" name="Command Line">
					<Value>/usr/bin/python3 "-u" "/opt/ros/humble/share/ament_cmake_test/cmake/run_test.py" "/home/bryan/Workspace/ros2_ws/build/examples_rclcpp_minimal_subscriber/test_results/examples_rclcpp_minimal_subscriber/lint_cmake.xunit.xml" "--package-name" "examples_rclcpp_minimal_subscriber" "--output-file" "/home/bryan/Workspace/ros2_ws/build/examples_rclcpp_minimal_subscriber/ament_lint_cmake/lint_cmake.txt" "--command" "/opt/ros/humble/bin/ament_lint_cmake" "--xunit-file" "/home/bryan/Workspace/ros2_ws/build/examples_rclcpp_minimal_subscriber/test_results/examples_rclcpp_minimal_subscriber/lint_cmake.xunit.xml"</Value>
				</NamedMeasurement>
				<NamedMeasurement type="text/string" name="Environment">
					<Value>#CTEST_RESOURCE_GROUP_COUNT=</Value>
				</NamedMeasurement>
				<Measurement>
					<Value>-- run_test.py: invoking following command in '/home/bryan/Workspace/ros2_ws/src/examples/rclcpp/topics/minimal_subscriber':
 - /opt/ros/humble/bin/ament_lint_cmake --xunit-file /home/bryan/Workspace/ros2_ws/build/examples_rclcpp_minimal_subscriber/test_results/examples_rclcpp_minimal_subscriber/lint_cmake.xunit.xml

No problems found
-- run_test.py: return code 0
-- run_test.py: verify result file '/home/bryan/Workspace/ros2_ws/build/examples_rclcpp_minimal_subscriber/test_results/examples_rclcpp_minimal_subscriber/lint_cmake.xunit.xml'
</Value>
				</Measurement>
			</Results>
			<Labels>
				<Label>lint_cmake</Label>
				<Label>linter</Label>
			</Labels>
		</Test>
		<Test Status="passed">
			<Name>uncrustify</Name>
			<Path>.</Path>
			<FullName>./uncrustify</FullName>
			<FullCommandLine>/usr/bin/python3 "-u" "/opt/ros/humble/share/ament_cmake_test/cmake/run_test.py" "/home/bryan/Workspace/ros2_ws/build/examples_rclcpp_minimal_subscriber/test_results/examples_rclcpp_minimal_subscriber/uncrustify.xunit.xml" "--package-name" "examples_rclcpp_minimal_subscriber" "--output-file" "/home/bryan/Workspace/ros2_ws/build/examples_rclcpp_minimal_subscriber/ament_uncrustify/uncrustify.txt" "--command" "/opt/ros/humble/bin/ament_uncrustify" "--xunit-file" "/home/bryan/Workspace/ros2_ws/build/examples_rclcpp_minimal_subscriber/test_results/examples_rclcpp_minimal_subscriber/uncrustify.xunit.xml"</FullCommandLine>
			<Results>
				<NamedMeasurement type="numeric/double" name="Execution Time">
					<Value>0.263809</Value>
				</NamedMeasurement>
				<NamedMeasurement type="numeric/double" name="Processors">
					<Value>1</Value>
				</NamedMeasurement>
				<NamedMeasurement type="text/string" name="Completion Status">
					<Value>Completed</Value>
				</NamedMeasurement>
				<NamedMeasurement type="text/string" name="Command Line">
					<Value>/usr/bin/python3 "-u" "/opt/ros/humble/share/ament_cmake_test/cmake/run_test.py" "/home/bryan/Workspace/ros2_ws/build/examples_rclcpp_minimal_subscriber/test_results/examples_rclcpp_minimal_subscriber/uncrustify.xunit.xml" "--package-name" "examples_rclcpp_minimal_subscriber" "--output-file" "/home/bryan/Workspace/ros2_ws/build/examples_rclcpp_minimal_subscriber/ament_uncrustify/uncrustify.txt" "--command" "/opt/ros/humble/bin/ament_uncrustify" "--xunit-file" "/home/bryan/Workspace/ros2_ws/build/examples_rclcpp_minimal_subscriber/test_results/examples_rclcpp_minimal_subscriber/uncrustify.xunit.xml"</Value>
				</NamedMeasurement>
				<NamedMeasurement type="text/string" name="Environment">
					<Value>#CTEST_RESOURCE_GROUP_COUNT=</Value>
				</NamedMeasurement>
				<Measurement>
					<Value>-- run_test.py: invoking following command in '/home/bryan/Workspace/ros2_ws/src/examples/rclcpp/topics/minimal_subscriber':
 - /opt/ros/humble/bin/ament_uncrustify --xunit-file /home/bryan/Workspace/ros2_ws/build/examples_rclcpp_minimal_subscriber/test_results/examples_rclcpp_minimal_subscriber/uncrustify.xunit.xml
No code style divergence in file 'content_filtering.cpp'

No code style divergence in file 'lambda.cpp'

No code style divergence in file 'member_function.cpp'

No code style divergence in file 'member_function_with_topic_statistics.cpp'

No code style divergence in file 'member_function_with_type_adapter.cpp'

No code style divergence in file 'member_function_with_unique_network_flow_endpoints.cpp'

No code style divergence in file 'not_composable.cpp'

No code style divergence in file 'static_wait_set_subscriber.cpp'

No code style divergence in file 'time_triggered_wait_set_subscriber.cpp'

No code style divergence in file 'wait_set_subscriber.cpp'

No problems found
-- run_test.py: return code 0
-- run_test.py: verify result file '/home/bryan/Workspace/ros2_ws/build/examples_rclcpp_minimal_subscriber/test_results/examples_rclcpp_minimal_subscriber/uncrustify.xunit.xml'
</Value>
				</Measurement>
			</Results>
			<Labels>
				<Label>linter</Label>
				<Label>uncrustify</Label>
			</Labels>
		</Test>
		<Test Status="passed">
			<Name>xmllint</Name>
			<Path>.</Path>
			<FullName>./xmllint</FullName>
			<FullCommandLine>/usr/bin/python3 "-u" "/opt/ros/humble/share/ament_cmake_test/cmake/run_test.py" "/home/bryan/Workspace/ros2_ws/build/examples_rclcpp_minimal_subscriber/test_results/examples_rclcpp_minimal_subscriber/xmllint.xunit.xml" "--package-name" "examples_rclcpp_minimal_subscriber" "--output-file" "/home/bryan/Workspace/ros2_ws/build/examples_rclcpp_minimal_subscriber/ament_xmllint/xmllint.txt" "--command" "/opt/ros/humble/bin/ament_xmllint" "--xunit-file" "/home/bryan/Workspace/ros2_ws/build/examples_rclcpp_minimal_subscriber/test_results/examples_rclcpp_minimal_subscriber/xmllint.xunit.xml"</FullCommandLine>
			<Results>
				<NamedMeasurement type="numeric/double" name="Execution Time">
					<Value>0.566453</Value>
				</NamedMeasurement>
				<NamedMeasurement type="numeric/double" name="Processors">
					<Value>1</Value>
				</NamedMeasurement>
				<NamedMeasurement type="text/string" name="Completion Status">
					<Value>Completed</Value>
				</NamedMeasurement>
				<NamedMeasurement type="text/string" name="Command Line">
					<Value>/usr/bin/python3 "-u" "/opt/ros/humble/share/ament_cmake_test/cmake/run_test.py" "/home/bryan/Workspace/ros2_ws/build/examples_rclcpp_minimal_subscriber/test_results/examples_rclcpp_minimal_subscriber/xmllint.xunit.xml" "--package-name" "examples_rclcpp_minimal_subscriber" "--output-file" "/home/bryan/Workspace/ros2_ws/build/examples_rclcpp_minimal_subscriber/ament_xmllint/xmllint.txt" "--command" "/opt/ros/humble/bin/ament_xmllint" "--xunit-file" "/home/bryan/Workspace/ros2_ws/build/examples_rclcpp_minimal_subscriber/test_results/examples_rclcpp_minimal_subscriber/xmllint.xunit.xml"</Value>
				</NamedMeasurement>
				<NamedMeasurement type="text/string" name="Environment">
					<Value>#CTEST_RESOURCE_GROUP_COUNT=</Value>
				</NamedMeasurement>
				<Measurement>
					<Value>-- run_test.py: invoking following command in '/home/bryan/Workspace/ros2_ws/src/examples/rclcpp/topics/minimal_subscriber':
 - /opt/ros/humble/bin/ament_xmllint --xunit-file /home/bryan/Workspace/ros2_ws/build/examples_rclcpp_minimal_subscriber/test_results/examples_rclcpp_minimal_subscriber/xmllint.xunit.xml
File 'package.xml' is valid

No problems found
-- run_test.py: return code 0
-- run_test.py: verify result file '/home/bryan/Workspace/ros2_ws/build/examples_rclcpp_minimal_subscriber/test_results/examples_rclcpp_minimal_subscriber/xmllint.xunit.xml'
</Value>
				</Measurement>
			</Results>
			<Labels>
				<Label>linter</Label>
				<Label>xmllint</Label>
			</Labels>
		</Test>
		<EndDateTime>Apr 10 01:31 CEST</EndDateTime>
		<EndTestTime>1775777476</EndTestTime>
		<ElapsedMinutes>0</ElapsedMinutes>
	</Testing>
</Site>
