<?xml version="1.0" encoding="utf-8"?><testsuites><testsuite name="pytest" errors="1" failures="0" skipped="0" tests="1" time="0.543" timestamp="2026-04-10T01:31:39.852560" hostname="bryan-VirtualBox"><testcase classname="sprint2" name="" time="0.000"><error message="collection failure">/usr/lib/python3/dist-packages/pluggy/hooks.py:286: in __call__
    return self._hookexec(self, self.get_hookimpls(), kwargs)
/usr/lib/python3/dist-packages/pluggy/manager.py:92: in _hookexec
    return self._inner_hookexec(hook, methods, kwargs)
/usr/lib/python3/dist-packages/pluggy/manager.py:83: in &lt;lambda&gt;
    self._inner_hookexec = lambda hook, methods, kwargs: hook.multicall(
/usr/lib/python3/dist-packages/_pytest/python.py:200: in pytest_collect_file
    module: Module = ihook.pytest_pycollect_makemodule(path=path, parent=parent)
/usr/lib/python3/dist-packages/pluggy/hooks.py:286: in __call__
    return self._hookexec(self, self.get_hookimpls(), kwargs)
/usr/lib/python3/dist-packages/pluggy/manager.py:92: in _hookexec
    return self._inner_hookexec(hook, methods, kwargs)
/usr/lib/python3/dist-packages/pluggy/manager.py:83: in &lt;lambda&gt;
    self._inner_hookexec = lambda hook, methods, kwargs: hook.multicall(
/opt/ros/humble/lib/python3.10/site-packages/launch_testing/pytest/hooks.py:193: in pytest_pycollect_makemodule
    entrypoint = find_launch_test_entrypoint(path)
/opt/ros/humble/lib/python3.10/site-packages/launch_testing/pytest/hooks.py:186: in find_launch_test_entrypoint
    module = path.pyimport()
/usr/lib/python3/dist-packages/py/_path/local.py:724: in pyimport
    raise self.ImportMismatchError(modname, modfile, self)
E   py._path.local.LocalPath.ImportMismatchError: ('test_copyright', '/home/bryan/Workspace/ros2_ws/sprint2/test/test_copyright.py', local('/home/bryan/Workspace/ros2_ws/sprint2/transmitter/test/test_copyright.py'))</error></testcase></testsuite></testsuites>