<?xml version="1.0" encoding="UTF-8"?>
<Site BuildName="(empty)"
	BuildStamp="20260409-2330-Experimental"
	Name="bryan-VirtualBox"
	Generator="ctest-3.22.1"
	CompilerName="/usr/bin/c++"
	CompilerVersion="11.4.0"
	OSName="Linux"
	Hostname="bryan-VirtualBox"
	OSRelease="6.8.0-106-generic"
	OSVersion="#106~22.04.1-Ubuntu SMP PREEMPT_DYNAMIC Fri Mar  6 08:44:59 UTC "
	OSPlatform="x86_64"
	Is64Bits="1"
	VendorString="GenuineIntel"
	VendorID="Intel Corporation"
	FamilyID="6"
	ModelID="126"
	ProcessorCacheSize="8192"
	NumberOfLogicalCPU="3"
	NumberOfPhysicalCPU="3"
	TotalVirtualMemory="2047"
	TotalPhysicalMemory="10862"
	LogicalProcessorsPerPhysical="1"
	ProcessorClockFrequency="1497.6"
	>
	<Testing>
		<StartDateTime>Apr 10 01:30 CEST</StartDateTime>
		<StartTestTime>1775777443</StartTestTime>
		<TestList>
			<Test>./copyright</Test>
			<Test>./cppcheck</Test>
			<Test>./cpplint</Test>
			<Test>./flake8</Test>
			<Test>./lint_cmake</Test>
			<Test>./pep257</Test>
			<Test>./uncrustify</Test>
			<Test>./xmllint</Test>
		</TestList>
		<Test Status="passed">
			<Name>copyright</Name>
			<Path>.</Path>
			<FullName>./copyright</FullName>
			<FullCommandLine>/usr/bin/python3 "-u" "/opt/ros/humble/share/ament_cmake_test/cmake/run_test.py" "/home/bryan/Workspace/ros2_ws/build/image_proc/test_results/image_proc/copyright.xunit.xml" "--package-name" "image_proc" "--output-file" "/home/bryan/Workspace/ros2_ws/build/image_proc/ament_copyright/copyright.txt" "--command" "/opt/ros/humble/bin/ament_copyright" "--xunit-file" "/home/bryan/Workspace/ros2_ws/build/image_proc/test_results/image_proc/copyright.xunit.xml"</FullCommandLine>
			<Results>
				<NamedMeasurement type="numeric/double" name="Execution Time">
					<Value>0.990404</Value>
				</NamedMeasurement>
				<NamedMeasurement type="numeric/double" name="Processors">
					<Value>1</Value>
				</NamedMeasurement>
				<NamedMeasurement type="text/string" name="Completion Status">
					<Value>Completed</Value>
				</NamedMeasurement>
				<NamedMeasurement type="text/string" name="Command Line">
					<Value>/usr/bin/python3 "-u" "/opt/ros/humble/share/ament_cmake_test/cmake/run_test.py" "/home/bryan/Workspace/ros2_ws/build/image_proc/test_results/image_proc/copyright.xunit.xml" "--package-name" "image_proc" "--output-file" "/home/bryan/Workspace/ros2_ws/build/image_proc/ament_copyright/copyright.txt" "--command" "/opt/ros/humble/bin/ament_copyright" "--xunit-file" "/home/bryan/Workspace/ros2_ws/build/image_proc/test_results/image_proc/copyright.xunit.xml"</Value>
				</NamedMeasurement>
				<NamedMeasurement type="text/string" name="Environment">
					<Value>#CTEST_RESOURCE_GROUP_COUNT=</Value>
				</NamedMeasurement>
				<Measurement>
					<Value>-- run_test.py: invoking following command in '/home/bryan/Workspace/ros2_ws/image_pipeline/image_proc':
 - /opt/ros/humble/bin/ament_copyright --xunit-file /home/bryan/Workspace/ros2_ws/build/image_proc/test_results/image_proc/copyright.xunit.xml
No problems found, checked 19 files
-- run_test.py: return code 0
-- run_test.py: verify result file '/home/bryan/Workspace/ros2_ws/build/image_proc/test_results/image_proc/copyright.xunit.xml'
</Value>
				</Measurement>
			</Results>
			<Labels>
				<Label>copyright</Label>
				<Label>linter</Label>
			</Labels>
		</Test>
		<Test Status="passed">
			<Name>cppcheck</Name>
			<Path>.</Path>
			<FullName>./cppcheck</FullName>
			<FullCommandLine>/usr/bin/python3 "-u" "/opt/ros/humble/share/ament_cmake_test/cmake/run_test.py" "/home/bryan/Workspace/ros2_ws/build/image_proc/test_results/image_proc/cppcheck.xunit.xml" "--package-name" "image_proc" "--output-file" "/home/bryan/Workspace/ros2_ws/build/image_proc/ament_cppcheck/cppcheck.txt" "--command" "/opt/ros/humble/bin/ament_cppcheck" "--xunit-file" "/home/bryan/Workspace/ros2_ws/build/image_proc/test_results/image_proc/cppcheck.xunit.xml" "--include_dirs" "/home/bryan/Workspace/ros2_ws/image_pipeline/image_proc/include"</FullCommandLine>
			<Results>
				<NamedMeasurement type="numeric/double" name="Execution Time">
					<Value>0.408591</Value>
				</NamedMeasurement>
				<NamedMeasurement type="numeric/double" name="Processors">
					<Value>1</Value>
				</NamedMeasurement>
				<NamedMeasurement type="text/string" name="Completion Status">
					<Value>Completed</Value>
				</NamedMeasurement>
				<NamedMeasurement type="text/string" name="Command Line">
					<Value>/usr/bin/python3 "-u" "/opt/ros/humble/share/ament_cmake_test/cmake/run_test.py" "/home/bryan/Workspace/ros2_ws/build/image_proc/test_results/image_proc/cppcheck.xunit.xml" "--package-name" "image_proc" "--output-file" "/home/bryan/Workspace/ros2_ws/build/image_proc/ament_cppcheck/cppcheck.txt" "--command" "/opt/ros/humble/bin/ament_cppcheck" "--xunit-file" "/home/bryan/Workspace/ros2_ws/build/image_proc/test_results/image_proc/cppcheck.xunit.xml" "--include_dirs" "/home/bryan/Workspace/ros2_ws/image_pipeline/image_proc/include"</Value>
				</NamedMeasurement>
				<NamedMeasurement type="text/string" name="Environment">
					<Value>#CTEST_RESOURCE_GROUP_COUNT=</Value>
				</NamedMeasurement>
				<Measurement>
					<Value>-- run_test.py: invoking following command in '/home/bryan/Workspace/ros2_ws/image_pipeline/image_proc':
 - /opt/ros/humble/bin/ament_cppcheck --xunit-file /home/bryan/Workspace/ros2_ws/build/image_proc/test_results/image_proc/cppcheck.xunit.xml --include_dirs /home/bryan/Workspace/ros2_ws/image_pipeline/image_proc/include
cppcheck 2.7 has known performance issues and therefore will not be used, set the AMENT_CPPCHECK_ALLOW_SLOW_VERSIONS environment variable to override this.
-- run_test.py: return code 0
-- run_test.py: verify result file '/home/bryan/Workspace/ros2_ws/build/image_proc/test_results/image_proc/cppcheck.xunit.xml'
</Value>
				</Measurement>
			</Results>
			<Labels>
				<Label>cppcheck</Label>
				<Label>linter</Label>
			</Labels>
		</Test>
		<Test Status="passed">
			<Name>cpplint</Name>
			<Path>.</Path>
			<FullName>./cpplint</FullName>
			<FullCommandLine>/usr/bin/python3 "-u" "/opt/ros/humble/share/ament_cmake_test/cmake/run_test.py" "/home/bryan/Workspace/ros2_ws/build/image_proc/test_results/image_proc/cpplint.xunit.xml" "--package-name" "image_proc" "--output-file" "/home/bryan/Workspace/ros2_ws/build/image_proc/ament_cpplint/cpplint.txt" "--command" "/opt/ros/humble/bin/ament_cpplint" "--xunit-file" "/home/bryan/Workspace/ros2_ws/build/image_proc/test_results/image_proc/cpplint.xunit.xml"</FullCommandLine>
			<Results>
				<NamedMeasurement type="numeric/double" name="Execution Time">
					<Value>1.25408</Value>
				</NamedMeasurement>
				<NamedMeasurement type="numeric/double" name="Processors">
					<Value>1</Value>
				</NamedMeasurement>
				<NamedMeasurement type="text/string" name="Completion Status">
					<Value>Completed</Value>
				</NamedMeasurement>
				<NamedMeasurement type="text/string" name="Command Line">
					<Value>/usr/bin/python3 "-u" "/opt/ros/humble/share/ament_cmake_test/cmake/run_test.py" "/home/bryan/Workspace/ros2_ws/build/image_proc/test_results/image_proc/cpplint.xunit.xml" "--package-name" "image_proc" "--output-file" "/home/bryan/Workspace/ros2_ws/build/image_proc/ament_cpplint/cpplint.txt" "--command" "/opt/ros/humble/bin/ament_cpplint" "--xunit-file" "/home/bryan/Workspace/ros2_ws/build/image_proc/test_results/image_proc/cpplint.xunit.xml"</Value>
				</NamedMeasurement>
				<NamedMeasurement type="text/string" name="Environment">
					<Value>#CTEST_RESOURCE_GROUP_COUNT=</Value>
				</NamedMeasurement>
				<Measurement>
					<Value>-- run_test.py: invoking following command in '/home/bryan/Workspace/ros2_ws/image_pipeline/image_proc':
 - /opt/ros/humble/bin/ament_cpplint --xunit-file /home/bryan/Workspace/ros2_ws/build/image_proc/test_results/image_proc/cpplint.xunit.xml
Using '--root=/home/bryan/Workspace/ros2_ws/image_pipeline/image_proc/include' argument

Done processing /home/bryan/Workspace/ros2_ws/image_pipeline/image_proc/include/image_proc/crop_decimate.hpp

Done processing /home/bryan/Workspace/ros2_ws/image_pipeline/image_proc/include/image_proc/crop_non_zero.hpp

Done processing /home/bryan/Workspace/ros2_ws/image_pipeline/image_proc/include/image_proc/debayer.hpp

Done processing /home/bryan/Workspace/ros2_ws/image_pipeline/image_proc/include/image_proc/edge_aware.hpp

Done processing /home/bryan/Workspace/ros2_ws/image_pipeline/image_proc/include/image_proc/processor.hpp

Done processing /home/bryan/Workspace/ros2_ws/image_pipeline/image_proc/include/image_proc/rectify.hpp

Done processing /home/bryan/Workspace/ros2_ws/image_pipeline/image_proc/include/image_proc/resize.hpp

Done processing /home/bryan/Workspace/ros2_ws/image_pipeline/image_proc/include/image_proc/utils.hpp

Using '--root=/home/bryan/Workspace/ros2_ws/image_pipeline/image_proc/src' argument

Done processing /home/bryan/Workspace/ros2_ws/image_pipeline/image_proc/src/crop_decimate.cpp

Done processing /home/bryan/Workspace/ros2_ws/image_pipeline/image_proc/src/crop_non_zero.cpp

Done processing /home/bryan/Workspace/ros2_ws/image_pipeline/image_proc/src/debayer.cpp

Done processing /home/bryan/Workspace/ros2_ws/image_pipeline/image_proc/src/edge_aware.cpp

Done processing /home/bryan/Workspace/ros2_ws/image_pipeline/image_proc/src/image_proc.cpp

Done processing /home/bryan/Workspace/ros2_ws/image_pipeline/image_proc/src/image_proc/processor.cpp

Done processing /home/bryan/Workspace/ros2_ws/image_pipeline/image_proc/src/rectify.cpp

Done processing /home/bryan/Workspace/ros2_ws/image_pipeline/image_proc/src/resize.cpp

Using '--root=/home/bryan/Workspace/ros2_ws/image_pipeline/image_proc/test' argument

Done processing /home/bryan/Workspace/ros2_ws/image_pipeline/image_proc/test/rostest.cpp

Done processing /home/bryan/Workspace/ros2_ws/image_pipeline/image_proc/test/test_rectify.cpp

No problems found
-- run_test.py: return code 0
-- run_test.py: verify result file '/home/bryan/Workspace/ros2_ws/build/image_proc/test_results/image_proc/cpplint.xunit.xml'
</Value>
				</Measurement>
			</Results>
			<Labels>
				<Label>cpplint</Label>
				<Label>linter</Label>
			</Labels>
		</Test>
		<Test Status="passed">
			<Name>flake8</Name>
			<Path>.</Path>
			<FullName>./flake8</FullName>
			<FullCommandLine>/usr/bin/python3 "-u" "/opt/ros/humble/share/ament_cmake_test/cmake/run_test.py" "/home/bryan/Workspace/ros2_ws/build/image_proc/test_results/image_proc/flake8.xunit.xml" "--package-name" "image_proc" "--output-file" "/home/bryan/Workspace/ros2_ws/build/image_proc/ament_flake8/flake8.txt" "--command" "/opt/ros/humble/bin/ament_flake8" "--xunit-file" "/home/bryan/Workspace/ros2_ws/build/image_proc/test_results/image_proc/flake8.xunit.xml"</FullCommandLine>
			<Results>
				<NamedMeasurement type="numeric/double" name="Execution Time">
					<Value>1.06619</Value>
				</NamedMeasurement>
				<NamedMeasurement type="numeric/double" name="Processors">
					<Value>1</Value>
				</NamedMeasurement>
				<NamedMeasurement type="text/string" name="Completion Status">
					<Value>Completed</Value>
				</NamedMeasurement>
				<NamedMeasurement type="text/string" name="Command Line">
					<Value>/usr/bin/python3 "-u" "/opt/ros/humble/share/ament_cmake_test/cmake/run_test.py" "/home/bryan/Workspace/ros2_ws/build/image_proc/test_results/image_proc/flake8.xunit.xml" "--package-name" "image_proc" "--output-file" "/home/bryan/Workspace/ros2_ws/build/image_proc/ament_flake8/flake8.txt" "--command" "/opt/ros/humble/bin/ament_flake8" "--xunit-file" "/home/bryan/Workspace/ros2_ws/build/image_proc/test_results/image_proc/flake8.xunit.xml"</Value>
				</NamedMeasurement>
				<NamedMeasurement type="text/string" name="Environment">
					<Value>#CTEST_RESOURCE_GROUP_COUNT=</Value>
				</NamedMeasurement>
				<Measurement>
					<Value>-- run_test.py: invoking following command in '/home/bryan/Workspace/ros2_ws/image_pipeline/image_proc':
 - /opt/ros/humble/bin/ament_flake8 --xunit-file /home/bryan/Workspace/ros2_ws/build/image_proc/test_results/image_proc/flake8.xunit.xml

1 files checked
No problems found

Checked files:

* ./launch/image_proc.launch.py
-- run_test.py: return code 0
-- run_test.py: verify result file '/home/bryan/Workspace/ros2_ws/build/image_proc/test_results/image_proc/flake8.xunit.xml'
</Value>
				</Measurement>
			</Results>
			<Labels>
				<Label>flake8</Label>
				<Label>linter</Label>
			</Labels>
		</Test>
		<Test Status="passed">
			<Name>lint_cmake</Name>
			<Path>.</Path>
			<FullName>./lint_cmake</FullName>
			<FullCommandLine>/usr/bin/python3 "-u" "/opt/ros/humble/share/ament_cmake_test/cmake/run_test.py" "/home/bryan/Workspace/ros2_ws/build/image_proc/test_results/image_proc/lint_cmake.xunit.xml" "--package-name" "image_proc" "--output-file" "/home/bryan/Workspace/ros2_ws/build/image_proc/ament_lint_cmake/lint_cmake.txt" "--command" "/opt/ros/humble/bin/ament_lint_cmake" "--xunit-file" "/home/bryan/Workspace/ros2_ws/build/image_proc/test_results/image_proc/lint_cmake.xunit.xml"</FullCommandLine>
			<Results>
				<NamedMeasurement type="numeric/double" name="Execution Time">
					<Value>0.418958</Value>
				</NamedMeasurement>
				<NamedMeasurement type="numeric/double" name="Processors">
					<Value>1</Value>
				</NamedMeasurement>
				<NamedMeasurement type="text/string" name="Completion Status">
					<Value>Completed</Value>
				</NamedMeasurement>
				<NamedMeasurement type="text/string" name="Command Line">
					<Value>/usr/bin/python3 "-u" "/opt/ros/humble/share/ament_cmake_test/cmake/run_test.py" "/home/bryan/Workspace/ros2_ws/build/image_proc/test_results/image_proc/lint_cmake.xunit.xml" "--package-name" "image_proc" "--output-file" "/home/bryan/Workspace/ros2_ws/build/image_proc/ament_lint_cmake/lint_cmake.txt" "--command" "/opt/ros/humble/bin/ament_lint_cmake" "--xunit-file" "/home/bryan/Workspace/ros2_ws/build/image_proc/test_results/image_proc/lint_cmake.xunit.xml"</Value>
				</NamedMeasurement>
				<NamedMeasurement type="text/string" name="Environment">
					<Value>#CTEST_RESOURCE_GROUP_COUNT=</Value>
				</NamedMeasurement>
				<Measurement>
					<Value>-- run_test.py: invoking following command in '/home/bryan/Workspace/ros2_ws/image_pipeline/image_proc':
 - /opt/ros/humble/bin/ament_lint_cmake --xunit-file /home/bryan/Workspace/ros2_ws/build/image_proc/test_results/image_proc/lint_cmake.xunit.xml

No problems found
-- run_test.py: return code 0
-- run_test.py: verify result file '/home/bryan/Workspace/ros2_ws/build/image_proc/test_results/image_proc/lint_cmake.xunit.xml'
</Value>
				</Measurement>
			</Results>
			<Labels>
				<Label>lint_cmake</Label>
				<Label>linter</Label>
			</Labels>
		</Test>
		<Test Status="passed">
			<Name>pep257</Name>
			<Path>.</Path>
			<FullName>./pep257</FullName>
			<FullCommandLine>/usr/bin/python3 "-u" "/opt/ros/humble/share/ament_cmake_test/cmake/run_test.py" "/home/bryan/Workspace/ros2_ws/build/image_proc/test_results/image_proc/pep257.xunit.xml" "--package-name" "image_proc" "--output-file" "/home/bryan/Workspace/ros2_ws/build/image_proc/ament_pep257/pep257.txt" "--command" "/opt/ros/humble/bin/ament_pep257" "--xunit-file" "/home/bryan/Workspace/ros2_ws/build/image_proc/test_results/image_proc/pep257.xunit.xml"</FullCommandLine>
			<Results>
				<NamedMeasurement type="numeric/double" name="Execution Time">
					<Value>1.10712</Value>
				</NamedMeasurement>
				<NamedMeasurement type="numeric/double" name="Processors">
					<Value>1</Value>
				</NamedMeasurement>
				<NamedMeasurement type="text/string" name="Completion Status">
					<Value>Completed</Value>
				</NamedMeasurement>
				<NamedMeasurement type="text/string" name="Command Line">
					<Value>/usr/bin/python3 "-u" "/opt/ros/humble/share/ament_cmake_test/cmake/run_test.py" "/home/bryan/Workspace/ros2_ws/build/image_proc/test_results/image_proc/pep257.xunit.xml" "--package-name" "image_proc" "--output-file" "/home/bryan/Workspace/ros2_ws/build/image_proc/ament_pep257/pep257.txt" "--command" "/opt/ros/humble/bin/ament_pep257" "--xunit-file" "/home/bryan/Workspace/ros2_ws/build/image_proc/test_results/image_proc/pep257.xunit.xml"</Value>
				</NamedMeasurement>
				<NamedMeasurement type="text/string" name="Environment">
					<Value>#CTEST_RESOURCE_GROUP_COUNT=</Value>
				</NamedMeasurement>
				<Measurement>
					<Value>-- run_test.py: invoking following command in '/home/bryan/Workspace/ros2_ws/image_pipeline/image_proc':
 - /opt/ros/humble/bin/ament_pep257 --xunit-file /home/bryan/Workspace/ros2_ws/build/image_proc/test_results/image_proc/pep257.xunit.xml
checking ./launch/image_proc.launch.py
No problems found
-- run_test.py: return code 0
-- run_test.py: verify result file '/home/bryan/Workspace/ros2_ws/build/image_proc/test_results/image_proc/pep257.xunit.xml'
</Value>
				</Measurement>
			</Results>
			<Labels>
				<Label>linter</Label>
				<Label>pep257</Label>
			</Labels>
		</Test>
		<Test Status="passed">
			<Name>uncrustify</Name>
			<Path>.</Path>
			<FullName>./uncrustify</FullName>
			<FullCommandLine>/usr/bin/python3 "-u" "/opt/ros/humble/share/ament_cmake_test/cmake/run_test.py" "/home/bryan/Workspace/ros2_ws/build/image_proc/test_results/image_proc/uncrustify.xunit.xml" "--package-name" "image_proc" "--output-file" "/home/bryan/Workspace/ros2_ws/build/image_proc/ament_uncrustify/uncrustify.txt" "--command" "/opt/ros/humble/bin/ament_uncrustify" "--xunit-file" "/home/bryan/Workspace/ros2_ws/build/image_proc/test_results/image_proc/uncrustify.xunit.xml"</FullCommandLine>
			<Results>
				<NamedMeasurement type="numeric/double" name="Execution Time">
					<Value>0.488271</Value>
				</NamedMeasurement>
				<NamedMeasurement type="numeric/double" name="Processors">
					<Value>1</Value>
				</NamedMeasurement>
				<NamedMeasurement type="text/string" name="Completion Status">
					<Value>Completed</Value>
				</NamedMeasurement>
				<NamedMeasurement type="text/string" name="Command Line">
					<Value>/usr/bin/python3 "-u" "/opt/ros/humble/share/ament_cmake_test/cmake/run_test.py" "/home/bryan/Workspace/ros2_ws/build/image_proc/test_results/image_proc/uncrustify.xunit.xml" "--package-name" "image_proc" "--output-file" "/home/bryan/Workspace/ros2_ws/build/image_proc/ament_uncrustify/uncrustify.txt" "--command" "/opt/ros/humble/bin/ament_uncrustify" "--xunit-file" "/home/bryan/Workspace/ros2_ws/build/image_proc/test_results/image_proc/uncrustify.xunit.xml"</Value>
				</NamedMeasurement>
				<NamedMeasurement type="text/string" name="Environment">
					<Value>#CTEST_RESOURCE_GROUP_COUNT=</Value>
				</NamedMeasurement>
				<Measurement>
					<Value>-- run_test.py: invoking following command in '/home/bryan/Workspace/ros2_ws/image_pipeline/image_proc':
 - /opt/ros/humble/bin/ament_uncrustify --xunit-file /home/bryan/Workspace/ros2_ws/build/image_proc/test_results/image_proc/uncrustify.xunit.xml
No code style divergence in file 'include/image_proc/crop_decimate.hpp'

No code style divergence in file 'include/image_proc/crop_non_zero.hpp'

No code style divergence in file 'include/image_proc/debayer.hpp'

No code style divergence in file 'include/image_proc/edge_aware.hpp'

No code style divergence in file 'include/image_proc/processor.hpp'

No code style divergence in file 'include/image_proc/rectify.hpp'

No code style divergence in file 'include/image_proc/resize.hpp'

No code style divergence in file 'include/image_proc/utils.hpp'

No code style divergence in file 'src/crop_decimate.cpp'

No code style divergence in file 'src/crop_non_zero.cpp'

No code style divergence in file 'src/debayer.cpp'

No code style divergence in file 'src/edge_aware.cpp'

No code style divergence in file 'src/image_proc.cpp'

No code style divergence in file 'src/image_proc/processor.cpp'

No code style divergence in file 'src/rectify.cpp'

No code style divergence in file 'src/resize.cpp'

No code style divergence in file 'test/rostest.cpp'

No code style divergence in file 'test/test_rectify.cpp'

No problems found
-- run_test.py: return code 0
-- run_test.py: verify result file '/home/bryan/Workspace/ros2_ws/build/image_proc/test_results/image_proc/uncrustify.xunit.xml'
</Value>
				</Measurement>
			</Results>
			<Labels>
				<Label>linter</Label>
				<Label>uncrustify</Label>
			</Labels>
		</Test>
		<Test Status="passed">
			<Name>xmllint</Name>
			<Path>.</Path>
			<FullName>./xmllint</FullName>
			<FullCommandLine>/usr/bin/python3 "-u" "/opt/ros/humble/share/ament_cmake_test/cmake/run_test.py" "/home/bryan/Workspace/ros2_ws/build/image_proc/test_results/image_proc/xmllint.xunit.xml" "--package-name" "image_proc" "--output-file" "/home/bryan/Workspace/ros2_ws/build/image_proc/ament_xmllint/xmllint.txt" "--command" "/opt/ros/humble/bin/ament_xmllint" "--xunit-file" "/home/bryan/Workspace/ros2_ws/build/image_proc/test_results/image_proc/xmllint.xunit.xml"</FullCommandLine>
			<Results>
				<NamedMeasurement type="numeric/double" name="Execution Time">
					<Value>0.624777</Value>
				</NamedMeasurement>
				<NamedMeasurement type="numeric/double" name="Processors">
					<Value>1</Value>
				</NamedMeasurement>
				<NamedMeasurement type="text/string" name="Completion Status">
					<Value>Completed</Value>
				</NamedMeasurement>
				<NamedMeasurement type="text/string" name="Command Line">
					<Value>/usr/bin/python3 "-u" "/opt/ros/humble/share/ament_cmake_test/cmake/run_test.py" "/home/bryan/Workspace/ros2_ws/build/image_proc/test_results/image_proc/xmllint.xunit.xml" "--package-name" "image_proc" "--output-file" "/home/bryan/Workspace/ros2_ws/build/image_proc/ament_xmllint/xmllint.txt" "--command" "/opt/ros/humble/bin/ament_xmllint" "--xunit-file" "/home/bryan/Workspace/ros2_ws/build/image_proc/test_results/image_proc/xmllint.xunit.xml"</Value>
				</NamedMeasurement>
				<NamedMeasurement type="text/string" name="Environment">
					<Value>#CTEST_RESOURCE_GROUP_COUNT=</Value>
				</NamedMeasurement>
				<Measurement>
					<Value>-- run_test.py: invoking following command in '/home/bryan/Workspace/ros2_ws/image_pipeline/image_proc':
 - /opt/ros/humble/bin/ament_xmllint --xunit-file /home/bryan/Workspace/ros2_ws/build/image_proc/test_results/image_proc/xmllint.xunit.xml
File 'package.xml' is valid

File 'test/test_bayer.xml' is valid

File 'test/test_rectify.xml' is valid

No problems found
-- run_test.py: return code 0
-- run_test.py: verify result file '/home/bryan/Workspace/ros2_ws/build/image_proc/test_results/image_proc/xmllint.xunit.xml'
</Value>
				</Measurement>
			</Results>
			<Labels>
				<Label>linter</Label>
				<Label>xmllint</Label>
			</Labels>
		</Test>
		<EndDateTime>Apr 10 01:30 CEST</EndDateTime>
		<EndTestTime>1775777449</EndTestTime>
		<ElapsedMinutes>0</ElapsedMinutes>
	</Testing>
</Site>
