<?xml version="1.0" encoding="utf-8"?><testsuites><testsuite name="pytest" errors="0" failures="0" skipped="0" tests="6" time="74.462" timestamp="2026-04-10T01:30:41.318778" hostname="bryan-VirtualBox"><testcase classname="camera_calibration.test.test_directed.TestDirected" name="test_monocular" time="15.591" /><testcase classname="camera_calibration.test.test_directed.TestDirected" name="test_nochecker" time="17.308" /><testcase classname="camera_calibration.test.test_directed.TestDirected" name="test_stereo" time="12.175" /><testcase classname="camera_calibration.test.test_directed.TestArtificial" name="test_monocular" time="1.801" /><testcase classname="camera_calibration.test.test_directed.TestArtificial" name="test_rational_polynomial_model" time="2.644" /><testcase classname="camera_calibration.test.test_multiple_boards.TestMultipleBoards" name="test_multiple_boards" time="23.519" /></testsuite></testsuites>