<?xml version="1.0" encoding="UTF-8"?>
<Site BuildName="(empty)"
	BuildStamp="20260409-2330-Experimental"
	Name="bryan-VirtualBox"
	Generator="ctest-3.22.1"
	CompilerName="/usr/bin/c++"
	CompilerVersion="11.4.0"
	OSName="Linux"
	Hostname="bryan-VirtualBox"
	OSRelease="6.8.0-106-generic"
	OSVersion="#106~22.04.1-Ubuntu SMP PREEMPT_DYNAMIC Fri Mar  6 08:44:59 UTC "
	OSPlatform="x86_64"
	Is64Bits="1"
	VendorString="GenuineIntel"
	VendorID="Intel Corporation"
	FamilyID="6"
	ModelID="126"
	ProcessorCacheSize="8192"
	NumberOfLogicalCPU="3"
	NumberOfPhysicalCPU="3"
	TotalVirtualMemory="2047"
	TotalPhysicalMemory="10862"
	LogicalProcessorsPerPhysical="1"
	ProcessorClockFrequency="1497.6"
	>
	<Testing>
		<StartDateTime>Apr 10 01:30 CEST</StartDateTime>
		<StartTestTime>1775777455</StartTestTime>
		<TestList>
			<Test>./copyright</Test>
			<Test>./cppcheck</Test>
			<Test>./cpplint</Test>
			<Test>./lint_cmake</Test>
			<Test>./uncrustify</Test>
			<Test>./xmllint</Test>
		</TestList>
		<Test Status="passed">
			<Name>copyright</Name>
			<Path>.</Path>
			<FullName>./copyright</FullName>
			<FullCommandLine>/usr/bin/python3 "-u" "/opt/ros/humble/share/ament_cmake_test/cmake/run_test.py" "/home/bryan/Workspace/ros2_ws/build/image_view/test_results/image_view/copyright.xunit.xml" "--package-name" "image_view" "--output-file" "/home/bryan/Workspace/ros2_ws/build/image_view/ament_copyright/copyright.txt" "--command" "/opt/ros/humble/bin/ament_copyright" "--xunit-file" "/home/bryan/Workspace/ros2_ws/build/image_view/test_results/image_view/copyright.xunit.xml"</FullCommandLine>
			<Results>
				<NamedMeasurement type="numeric/double" name="Execution Time">
					<Value>1.52609</Value>
				</NamedMeasurement>
				<NamedMeasurement type="numeric/double" name="Processors">
					<Value>1</Value>
				</NamedMeasurement>
				<NamedMeasurement type="text/string" name="Completion Status">
					<Value>Completed</Value>
				</NamedMeasurement>
				<NamedMeasurement type="text/string" name="Command Line">
					<Value>/usr/bin/python3 "-u" "/opt/ros/humble/share/ament_cmake_test/cmake/run_test.py" "/home/bryan/Workspace/ros2_ws/build/image_view/test_results/image_view/copyright.xunit.xml" "--package-name" "image_view" "--output-file" "/home/bryan/Workspace/ros2_ws/build/image_view/ament_copyright/copyright.txt" "--command" "/opt/ros/humble/bin/ament_copyright" "--xunit-file" "/home/bryan/Workspace/ros2_ws/build/image_view/test_results/image_view/copyright.xunit.xml"</Value>
				</NamedMeasurement>
				<NamedMeasurement type="text/string" name="Environment">
					<Value>#CTEST_RESOURCE_GROUP_COUNT=</Value>
				</NamedMeasurement>
				<Measurement>
					<Value>-- run_test.py: invoking following command in '/home/bryan/Workspace/ros2_ws/image_pipeline/image_view':
 - /opt/ros/humble/bin/ament_copyright --xunit-file /home/bryan/Workspace/ros2_ws/build/image_view/test_results/image_view/copyright.xunit.xml
No problems found, checked 18 files
-- run_test.py: return code 0
-- run_test.py: verify result file '/home/bryan/Workspace/ros2_ws/build/image_view/test_results/image_view/copyright.xunit.xml'
</Value>
				</Measurement>
			</Results>
			<Labels>
				<Label>copyright</Label>
				<Label>linter</Label>
			</Labels>
		</Test>
		<Test Status="passed">
			<Name>cppcheck</Name>
			<Path>.</Path>
			<FullName>./cppcheck</FullName>
			<FullCommandLine>/usr/bin/python3 "-u" "/opt/ros/humble/share/ament_cmake_test/cmake/run_test.py" "/home/bryan/Workspace/ros2_ws/build/image_view/test_results/image_view/cppcheck.xunit.xml" "--package-name" "image_view" "--output-file" "/home/bryan/Workspace/ros2_ws/build/image_view/ament_cppcheck/cppcheck.txt" "--command" "/opt/ros/humble/bin/ament_cppcheck" "--xunit-file" "/home/bryan/Workspace/ros2_ws/build/image_view/test_results/image_view/cppcheck.xunit.xml" "--include_dirs" "/home/bryan/Workspace/ros2_ws/image_pipeline/image_view/include"</FullCommandLine>
			<Results>
				<NamedMeasurement type="numeric/double" name="Execution Time">
					<Value>0.506628</Value>
				</NamedMeasurement>
				<NamedMeasurement type="numeric/double" name="Processors">
					<Value>1</Value>
				</NamedMeasurement>
				<NamedMeasurement type="text/string" name="Completion Status">
					<Value>Completed</Value>
				</NamedMeasurement>
				<NamedMeasurement type="text/string" name="Command Line">
					<Value>/usr/bin/python3 "-u" "/opt/ros/humble/share/ament_cmake_test/cmake/run_test.py" "/home/bryan/Workspace/ros2_ws/build/image_view/test_results/image_view/cppcheck.xunit.xml" "--package-name" "image_view" "--output-file" "/home/bryan/Workspace/ros2_ws/build/image_view/ament_cppcheck/cppcheck.txt" "--command" "/opt/ros/humble/bin/ament_cppcheck" "--xunit-file" "/home/bryan/Workspace/ros2_ws/build/image_view/test_results/image_view/cppcheck.xunit.xml" "--include_dirs" "/home/bryan/Workspace/ros2_ws/image_pipeline/image_view/include"</Value>
				</NamedMeasurement>
				<NamedMeasurement type="text/string" name="Environment">
					<Value>#CTEST_RESOURCE_GROUP_COUNT=</Value>
				</NamedMeasurement>
				<Measurement>
					<Value>-- run_test.py: invoking following command in '/home/bryan/Workspace/ros2_ws/image_pipeline/image_view':
 - /opt/ros/humble/bin/ament_cppcheck --xunit-file /home/bryan/Workspace/ros2_ws/build/image_view/test_results/image_view/cppcheck.xunit.xml --include_dirs /home/bryan/Workspace/ros2_ws/image_pipeline/image_view/include
cppcheck 2.7 has known performance issues and therefore will not be used, set the AMENT_CPPCHECK_ALLOW_SLOW_VERSIONS environment variable to override this.
-- run_test.py: return code 0
-- run_test.py: verify result file '/home/bryan/Workspace/ros2_ws/build/image_view/test_results/image_view/cppcheck.xunit.xml'
</Value>
				</Measurement>
			</Results>
			<Labels>
				<Label>cppcheck</Label>
				<Label>linter</Label>
			</Labels>
		</Test>
		<Test Status="passed">
			<Name>cpplint</Name>
			<Path>.</Path>
			<FullName>./cpplint</FullName>
			<FullCommandLine>/usr/bin/python3 "-u" "/opt/ros/humble/share/ament_cmake_test/cmake/run_test.py" "/home/bryan/Workspace/ros2_ws/build/image_view/test_results/image_view/cpplint.xunit.xml" "--package-name" "image_view" "--output-file" "/home/bryan/Workspace/ros2_ws/build/image_view/ament_cpplint/cpplint.txt" "--command" "/opt/ros/humble/bin/ament_cpplint" "--xunit-file" "/home/bryan/Workspace/ros2_ws/build/image_view/test_results/image_view/cpplint.xunit.xml"</FullCommandLine>
			<Results>
				<NamedMeasurement type="numeric/double" name="Execution Time">
					<Value>1.32184</Value>
				</NamedMeasurement>
				<NamedMeasurement type="numeric/double" name="Processors">
					<Value>1</Value>
				</NamedMeasurement>
				<NamedMeasurement type="text/string" name="Completion Status">
					<Value>Completed</Value>
				</NamedMeasurement>
				<NamedMeasurement type="text/string" name="Command Line">
					<Value>/usr/bin/python3 "-u" "/opt/ros/humble/share/ament_cmake_test/cmake/run_test.py" "/home/bryan/Workspace/ros2_ws/build/image_view/test_results/image_view/cpplint.xunit.xml" "--package-name" "image_view" "--output-file" "/home/bryan/Workspace/ros2_ws/build/image_view/ament_cpplint/cpplint.txt" "--command" "/opt/ros/humble/bin/ament_cpplint" "--xunit-file" "/home/bryan/Workspace/ros2_ws/build/image_view/test_results/image_view/cpplint.xunit.xml"</Value>
				</NamedMeasurement>
				<NamedMeasurement type="text/string" name="Environment">
					<Value>#CTEST_RESOURCE_GROUP_COUNT=</Value>
				</NamedMeasurement>
				<Measurement>
					<Value>-- run_test.py: invoking following command in '/home/bryan/Workspace/ros2_ws/image_pipeline/image_view':
 - /opt/ros/humble/bin/ament_cpplint --xunit-file /home/bryan/Workspace/ros2_ws/build/image_view/test_results/image_view/cpplint.xunit.xml
Using '--root=/home/bryan/Workspace/ros2_ws/image_pipeline/image_view/include' argument

Done processing /home/bryan/Workspace/ros2_ws/image_pipeline/image_view/include/image_view/disparity_view_node.hpp

Done processing /home/bryan/Workspace/ros2_ws/image_pipeline/image_view/include/image_view/extract_images_node.hpp

Done processing /home/bryan/Workspace/ros2_ws/image_pipeline/image_view/include/image_view/image_saver_node.hpp

Done processing /home/bryan/Workspace/ros2_ws/image_pipeline/image_view/include/image_view/image_view_node.hpp

Done processing /home/bryan/Workspace/ros2_ws/image_pipeline/image_view/include/image_view/stereo_view_node.hpp

Done processing /home/bryan/Workspace/ros2_ws/image_pipeline/image_view/include/image_view/video_recorder_node.hpp

Using '--root=/home/bryan/Workspace/ros2_ws/image_pipeline/image_view/src' argument

Done processing /home/bryan/Workspace/ros2_ws/image_pipeline/image_view/src/disparity_view.cpp

Done processing /home/bryan/Workspace/ros2_ws/image_pipeline/image_view/src/disparity_view_node.cpp

Done processing /home/bryan/Workspace/ros2_ws/image_pipeline/image_view/src/extract_images.cpp

Done processing /home/bryan/Workspace/ros2_ws/image_pipeline/image_view/src/extract_images_node.cpp

Done processing /home/bryan/Workspace/ros2_ws/image_pipeline/image_view/src/image_saver.cpp

Done processing /home/bryan/Workspace/ros2_ws/image_pipeline/image_view/src/image_saver_node.cpp

Done processing /home/bryan/Workspace/ros2_ws/image_pipeline/image_view/src/image_view.cpp

Done processing /home/bryan/Workspace/ros2_ws/image_pipeline/image_view/src/image_view_node.cpp

Done processing /home/bryan/Workspace/ros2_ws/image_pipeline/image_view/src/stereo_view.cpp

Done processing /home/bryan/Workspace/ros2_ws/image_pipeline/image_view/src/stereo_view_node.cpp

Done processing /home/bryan/Workspace/ros2_ws/image_pipeline/image_view/src/video_recorder.cpp

Done processing /home/bryan/Workspace/ros2_ws/image_pipeline/image_view/src/video_recorder_node.cpp

No problems found
-- run_test.py: return code 0
-- run_test.py: verify result file '/home/bryan/Workspace/ros2_ws/build/image_view/test_results/image_view/cpplint.xunit.xml'
</Value>
				</Measurement>
			</Results>
			<Labels>
				<Label>cpplint</Label>
				<Label>linter</Label>
			</Labels>
		</Test>
		<Test Status="passed">
			<Name>lint_cmake</Name>
			<Path>.</Path>
			<FullName>./lint_cmake</FullName>
			<FullCommandLine>/usr/bin/python3 "-u" "/opt/ros/humble/share/ament_cmake_test/cmake/run_test.py" "/home/bryan/Workspace/ros2_ws/build/image_view/test_results/image_view/lint_cmake.xunit.xml" "--package-name" "image_view" "--output-file" "/home/bryan/Workspace/ros2_ws/build/image_view/ament_lint_cmake/lint_cmake.txt" "--command" "/opt/ros/humble/bin/ament_lint_cmake" "--xunit-file" "/home/bryan/Workspace/ros2_ws/build/image_view/test_results/image_view/lint_cmake.xunit.xml"</FullCommandLine>
			<Results>
				<NamedMeasurement type="numeric/double" name="Execution Time">
					<Value>0.370806</Value>
				</NamedMeasurement>
				<NamedMeasurement type="numeric/double" name="Processors">
					<Value>1</Value>
				</NamedMeasurement>
				<NamedMeasurement type="text/string" name="Completion Status">
					<Value>Completed</Value>
				</NamedMeasurement>
				<NamedMeasurement type="text/string" name="Command Line">
					<Value>/usr/bin/python3 "-u" "/opt/ros/humble/share/ament_cmake_test/cmake/run_test.py" "/home/bryan/Workspace/ros2_ws/build/image_view/test_results/image_view/lint_cmake.xunit.xml" "--package-name" "image_view" "--output-file" "/home/bryan/Workspace/ros2_ws/build/image_view/ament_lint_cmake/lint_cmake.txt" "--command" "/opt/ros/humble/bin/ament_lint_cmake" "--xunit-file" "/home/bryan/Workspace/ros2_ws/build/image_view/test_results/image_view/lint_cmake.xunit.xml"</Value>
				</NamedMeasurement>
				<NamedMeasurement type="text/string" name="Environment">
					<Value>#CTEST_RESOURCE_GROUP_COUNT=</Value>
				</NamedMeasurement>
				<Measurement>
					<Value>-- run_test.py: invoking following command in '/home/bryan/Workspace/ros2_ws/image_pipeline/image_view':
 - /opt/ros/humble/bin/ament_lint_cmake --xunit-file /home/bryan/Workspace/ros2_ws/build/image_view/test_results/image_view/lint_cmake.xunit.xml

No problems found
-- run_test.py: return code 0
-- run_test.py: verify result file '/home/bryan/Workspace/ros2_ws/build/image_view/test_results/image_view/lint_cmake.xunit.xml'
</Value>
				</Measurement>
			</Results>
			<Labels>
				<Label>lint_cmake</Label>
				<Label>linter</Label>
			</Labels>
		</Test>
		<Test Status="passed">
			<Name>uncrustify</Name>
			<Path>.</Path>
			<FullName>./uncrustify</FullName>
			<FullCommandLine>/usr/bin/python3 "-u" "/opt/ros/humble/share/ament_cmake_test/cmake/run_test.py" "/home/bryan/Workspace/ros2_ws/build/image_view/test_results/image_view/uncrustify.xunit.xml" "--package-name" "image_view" "--output-file" "/home/bryan/Workspace/ros2_ws/build/image_view/ament_uncrustify/uncrustify.txt" "--command" "/opt/ros/humble/bin/ament_uncrustify" "--xunit-file" "/home/bryan/Workspace/ros2_ws/build/image_view/test_results/image_view/uncrustify.xunit.xml"</FullCommandLine>
			<Results>
				<NamedMeasurement type="numeric/double" name="Execution Time">
					<Value>0.500391</Value>
				</NamedMeasurement>
				<NamedMeasurement type="numeric/double" name="Processors">
					<Value>1</Value>
				</NamedMeasurement>
				<NamedMeasurement type="text/string" name="Completion Status">
					<Value>Completed</Value>
				</NamedMeasurement>
				<NamedMeasurement type="text/string" name="Command Line">
					<Value>/usr/bin/python3 "-u" "/opt/ros/humble/share/ament_cmake_test/cmake/run_test.py" "/home/bryan/Workspace/ros2_ws/build/image_view/test_results/image_view/uncrustify.xunit.xml" "--package-name" "image_view" "--output-file" "/home/bryan/Workspace/ros2_ws/build/image_view/ament_uncrustify/uncrustify.txt" "--command" "/opt/ros/humble/bin/ament_uncrustify" "--xunit-file" "/home/bryan/Workspace/ros2_ws/build/image_view/test_results/image_view/uncrustify.xunit.xml"</Value>
				</NamedMeasurement>
				<NamedMeasurement type="text/string" name="Environment">
					<Value>#CTEST_RESOURCE_GROUP_COUNT=</Value>
				</NamedMeasurement>
				<Measurement>
					<Value>-- run_test.py: invoking following command in '/home/bryan/Workspace/ros2_ws/image_pipeline/image_view':
 - /opt/ros/humble/bin/ament_uncrustify --xunit-file /home/bryan/Workspace/ros2_ws/build/image_view/test_results/image_view/uncrustify.xunit.xml
No code style divergence in file 'include/image_view/disparity_view_node.hpp'

No code style divergence in file 'include/image_view/extract_images_node.hpp'

No code style divergence in file 'include/image_view/image_saver_node.hpp'

No code style divergence in file 'include/image_view/image_view_node.hpp'

No code style divergence in file 'include/image_view/stereo_view_node.hpp'

No code style divergence in file 'include/image_view/video_recorder_node.hpp'

No code style divergence in file 'src/disparity_view.cpp'

No code style divergence in file 'src/disparity_view_node.cpp'

No code style divergence in file 'src/extract_images.cpp'

No code style divergence in file 'src/extract_images_node.cpp'

No code style divergence in file 'src/image_saver.cpp'

No code style divergence in file 'src/image_saver_node.cpp'

No code style divergence in file 'src/image_view.cpp'

No code style divergence in file 'src/image_view_node.cpp'

No code style divergence in file 'src/stereo_view.cpp'

No code style divergence in file 'src/stereo_view_node.cpp'

No code style divergence in file 'src/video_recorder.cpp'

No code style divergence in file 'src/video_recorder_node.cpp'

No problems found
-- run_test.py: return code 0
-- run_test.py: verify result file '/home/bryan/Workspace/ros2_ws/build/image_view/test_results/image_view/uncrustify.xunit.xml'
</Value>
				</Measurement>
			</Results>
			<Labels>
				<Label>linter</Label>
				<Label>uncrustify</Label>
			</Labels>
		</Test>
		<Test Status="passed">
			<Name>xmllint</Name>
			<Path>.</Path>
			<FullName>./xmllint</FullName>
			<FullCommandLine>/usr/bin/python3 "-u" "/opt/ros/humble/share/ament_cmake_test/cmake/run_test.py" "/home/bryan/Workspace/ros2_ws/build/image_view/test_results/image_view/xmllint.xunit.xml" "--package-name" "image_view" "--output-file" "/home/bryan/Workspace/ros2_ws/build/image_view/ament_xmllint/xmllint.txt" "--command" "/opt/ros/humble/bin/ament_xmllint" "--xunit-file" "/home/bryan/Workspace/ros2_ws/build/image_view/test_results/image_view/xmllint.xunit.xml"</FullCommandLine>
			<Results>
				<NamedMeasurement type="numeric/double" name="Execution Time">
					<Value>0.81015</Value>
				</NamedMeasurement>
				<NamedMeasurement type="numeric/double" name="Processors">
					<Value>1</Value>
				</NamedMeasurement>
				<NamedMeasurement type="text/string" name="Completion Status">
					<Value>Completed</Value>
				</NamedMeasurement>
				<NamedMeasurement type="text/string" name="Command Line">
					<Value>/usr/bin/python3 "-u" "/opt/ros/humble/share/ament_cmake_test/cmake/run_test.py" "/home/bryan/Workspace/ros2_ws/build/image_view/test_results/image_view/xmllint.xunit.xml" "--package-name" "image_view" "--output-file" "/home/bryan/Workspace/ros2_ws/build/image_view/ament_xmllint/xmllint.txt" "--command" "/opt/ros/humble/bin/ament_xmllint" "--xunit-file" "/home/bryan/Workspace/ros2_ws/build/image_view/test_results/image_view/xmllint.xunit.xml"</Value>
				</NamedMeasurement>
				<NamedMeasurement type="text/string" name="Environment">
					<Value>#CTEST_RESOURCE_GROUP_COUNT=</Value>
				</NamedMeasurement>
				<Measurement>
					<Value>-- run_test.py: invoking following command in '/home/bryan/Workspace/ros2_ws/image_pipeline/image_view':
 - /opt/ros/humble/bin/ament_xmllint --xunit-file /home/bryan/Workspace/ros2_ws/build/image_view/test_results/image_view/xmllint.xunit.xml
File 'package.xml' is valid

No problems found
-- run_test.py: return code 0
-- run_test.py: verify result file '/home/bryan/Workspace/ros2_ws/build/image_view/test_results/image_view/xmllint.xunit.xml'
</Value>
				</Measurement>
			</Results>
			<Labels>
				<Label>linter</Label>
				<Label>xmllint</Label>
			</Labels>
		</Test>
		<EndDateTime>Apr 10 01:31 CEST</EndDateTime>
		<EndTestTime>1775777460</EndTestTime>
		<ElapsedMinutes>0</ElapsedMinutes>
	</Testing>
</Site>
