Start testing: Apr 10 01:30 CEST
----------------------------------------------------------
1/8 Testing: copyright
1/8 Test: copyright
Command: "/usr/bin/python3" "-u" "/opt/ros/humble/share/ament_cmake_test/cmake/run_test.py" "/home/bryan/Workspace/ros2_ws/build/depth_image_proc/test_results/depth_image_proc/copyright.xunit.xml" "--package-name" "depth_image_proc" "--output-file" "/home/bryan/Workspace/ros2_ws/build/depth_image_proc/ament_copyright/copyright.txt" "--command" "/opt/ros/humble/bin/ament_copyright" "--xunit-file" "/home/bryan/Workspace/ros2_ws/build/depth_image_proc/test_results/depth_image_proc/copyright.xunit.xml"
Directory: /home/bryan/Workspace/ros2_ws/image_pipeline/depth_image_proc
"copyright" start time: Apr 10 01:30 CEST
Output:
----------------------------------------------------------
-- run_test.py: invoking following command in '/home/bryan/Workspace/ros2_ws/image_pipeline/depth_image_proc':
 - /opt/ros/humble/bin/ament_copyright --xunit-file /home/bryan/Workspace/ros2_ws/build/depth_image_proc/test_results/depth_image_proc/copyright.xunit.xml
No problems found, checked 30 files
-- run_test.py: return code 0
-- run_test.py: verify result file '/home/bryan/Workspace/ros2_ws/build/depth_image_proc/test_results/depth_image_proc/copyright.xunit.xml'
<end of output>
Test time =   1.28 sec
----------------------------------------------------------
Test Passed.
"copyright" end time: Apr 10 01:30 CEST
"copyright" time elapsed: 00:00:01
----------------------------------------------------------

2/8 Testing: cppcheck
2/8 Test: cppcheck
Command: "/usr/bin/python3" "-u" "/opt/ros/humble/share/ament_cmake_test/cmake/run_test.py" "/home/bryan/Workspace/ros2_ws/build/depth_image_proc/test_results/depth_image_proc/cppcheck.xunit.xml" "--package-name" "depth_image_proc" "--output-file" "/home/bryan/Workspace/ros2_ws/build/depth_image_proc/ament_cppcheck/cppcheck.txt" "--command" "/opt/ros/humble/bin/ament_cppcheck" "--xunit-file" "/home/bryan/Workspace/ros2_ws/build/depth_image_proc/test_results/depth_image_proc/cppcheck.xunit.xml" "--include_dirs" "/home/bryan/Workspace/ros2_ws/image_pipeline/depth_image_proc/include"
Directory: /home/bryan/Workspace/ros2_ws/image_pipeline/depth_image_proc
"cppcheck" start time: Apr 10 01:30 CEST
Output:
----------------------------------------------------------
-- run_test.py: invoking following command in '/home/bryan/Workspace/ros2_ws/image_pipeline/depth_image_proc':
 - /opt/ros/humble/bin/ament_cppcheck --xunit-file /home/bryan/Workspace/ros2_ws/build/depth_image_proc/test_results/depth_image_proc/cppcheck.xunit.xml --include_dirs /home/bryan/Workspace/ros2_ws/image_pipeline/depth_image_proc/include
cppcheck 2.7 has known performance issues and therefore will not be used, set the AMENT_CPPCHECK_ALLOW_SLOW_VERSIONS environment variable to override this.
-- run_test.py: return code 0
-- run_test.py: verify result file '/home/bryan/Workspace/ros2_ws/build/depth_image_proc/test_results/depth_image_proc/cppcheck.xunit.xml'
<end of output>
Test time =   0.37 sec
----------------------------------------------------------
Test Passed.
"cppcheck" end time: Apr 10 01:30 CEST
"cppcheck" time elapsed: 00:00:00
----------------------------------------------------------

3/8 Testing: cpplint
3/8 Test: cpplint
Command: "/usr/bin/python3" "-u" "/opt/ros/humble/share/ament_cmake_test/cmake/run_test.py" "/home/bryan/Workspace/ros2_ws/build/depth_image_proc/test_results/depth_image_proc/cpplint.xunit.xml" "--package-name" "depth_image_proc" "--output-file" "/home/bryan/Workspace/ros2_ws/build/depth_image_proc/ament_cpplint/cpplint.txt" "--command" "/opt/ros/humble/bin/ament_cpplint" "--xunit-file" "/home/bryan/Workspace/ros2_ws/build/depth_image_proc/test_results/depth_image_proc/cpplint.xunit.xml"
Directory: /home/bryan/Workspace/ros2_ws/image_pipeline/depth_image_proc
"cpplint" start time: Apr 10 01:30 CEST
Output:
----------------------------------------------------------
-- run_test.py: invoking following command in '/home/bryan/Workspace/ros2_ws/image_pipeline/depth_image_proc':
 - /opt/ros/humble/bin/ament_cpplint --xunit-file /home/bryan/Workspace/ros2_ws/build/depth_image_proc/test_results/depth_image_proc/cpplint.xunit.xml
Using '--root=/home/bryan/Workspace/ros2_ws/image_pipeline/depth_image_proc/include' argument

Done processing /home/bryan/Workspace/ros2_ws/image_pipeline/depth_image_proc/include/depth_image_proc/conversions.hpp

Done processing /home/bryan/Workspace/ros2_ws/image_pipeline/depth_image_proc/include/depth_image_proc/depth_traits.hpp

Done processing /home/bryan/Workspace/ros2_ws/image_pipeline/depth_image_proc/include/depth_image_proc/point_cloud_xyz.hpp

Done processing /home/bryan/Workspace/ros2_ws/image_pipeline/depth_image_proc/include/depth_image_proc/point_cloud_xyz_radial.hpp

Done processing /home/bryan/Workspace/ros2_ws/image_pipeline/depth_image_proc/include/depth_image_proc/point_cloud_xyzi.hpp

Done processing /home/bryan/Workspace/ros2_ws/image_pipeline/depth_image_proc/include/depth_image_proc/point_cloud_xyzi_radial.hpp

Done processing /home/bryan/Workspace/ros2_ws/image_pipeline/depth_image_proc/include/depth_image_proc/point_cloud_xyzrgb.hpp

Done processing /home/bryan/Workspace/ros2_ws/image_pipeline/depth_image_proc/include/depth_image_proc/point_cloud_xyzrgb_radial.hpp

Done processing /home/bryan/Workspace/ros2_ws/image_pipeline/depth_image_proc/include/depth_image_proc/visibility.h

Using '--root=/home/bryan/Workspace/ros2_ws/image_pipeline/depth_image_proc/src' argument

Done processing /home/bryan/Workspace/ros2_ws/image_pipeline/depth_image_proc/src/conversions.cpp

Done processing /home/bryan/Workspace/ros2_ws/image_pipeline/depth_image_proc/src/convert_metric.cpp

Done processing /home/bryan/Workspace/ros2_ws/image_pipeline/depth_image_proc/src/crop_foremost.cpp

Done processing /home/bryan/Workspace/ros2_ws/image_pipeline/depth_image_proc/src/disparity.cpp

Done processing /home/bryan/Workspace/ros2_ws/image_pipeline/depth_image_proc/src/point_cloud_xyz.cpp

Done processing /home/bryan/Workspace/ros2_ws/image_pipeline/depth_image_proc/src/point_cloud_xyz_radial.cpp

Done processing /home/bryan/Workspace/ros2_ws/image_pipeline/depth_image_proc/src/point_cloud_xyzi.cpp

Done processing /home/bryan/Workspace/ros2_ws/image_pipeline/depth_image_proc/src/point_cloud_xyzi_radial.cpp

Done processing /home/bryan/Workspace/ros2_ws/image_pipeline/depth_image_proc/src/point_cloud_xyzrgb.cpp

Done processing /home/bryan/Workspace/ros2_ws/image_pipeline/depth_image_proc/src/point_cloud_xyzrgb_radial.cpp

Done processing /home/bryan/Workspace/ros2_ws/image_pipeline/depth_image_proc/src/register.cpp

No problems found
-- run_test.py: return code 0
-- run_test.py: verify result file '/home/bryan/Workspace/ros2_ws/build/depth_image_proc/test_results/depth_image_proc/cpplint.xunit.xml'
<end of output>
Test time =   0.82 sec
----------------------------------------------------------
Test Passed.
"cpplint" end time: Apr 10 01:30 CEST
"cpplint" time elapsed: 00:00:00
----------------------------------------------------------

4/8 Testing: flake8
4/8 Test: flake8
Command: "/usr/bin/python3" "-u" "/opt/ros/humble/share/ament_cmake_test/cmake/run_test.py" "/home/bryan/Workspace/ros2_ws/build/depth_image_proc/test_results/depth_image_proc/flake8.xunit.xml" "--package-name" "depth_image_proc" "--output-file" "/home/bryan/Workspace/ros2_ws/build/depth_image_proc/ament_flake8/flake8.txt" "--command" "/opt/ros/humble/bin/ament_flake8" "--xunit-file" "/home/bryan/Workspace/ros2_ws/build/depth_image_proc/test_results/depth_image_proc/flake8.xunit.xml"
Directory: /home/bryan/Workspace/ros2_ws/image_pipeline/depth_image_proc
"flake8" start time: Apr 10 01:30 CEST
Output:
----------------------------------------------------------
-- run_test.py: invoking following command in '/home/bryan/Workspace/ros2_ws/image_pipeline/depth_image_proc':
 - /opt/ros/humble/bin/ament_flake8 --xunit-file /home/bryan/Workspace/ros2_ws/build/depth_image_proc/test_results/depth_image_proc/flake8.xunit.xml

10 files checked
No problems found

Checked files:

* ./launch/convert_metric.launch.py
* ./launch/point_cloud_xyz.launch.py
* ./launch/crop_foremost.launch.py
* ./launch/point_cloud_xyzi.launch.py
* ./launch/point_cloud_xyzrgb_radial.launch.py
* ./launch/point_cloud_xyz_radial.launch.py
* ./launch/disparity.launch.py
* ./launch/register.launch.py
* ./launch/point_cloud_xyzrgb.launch.py
* ./launch/point_cloud_xyzi_radial.launch.py
-- run_test.py: return code 0
-- run_test.py: verify result file '/home/bryan/Workspace/ros2_ws/build/depth_image_proc/test_results/depth_image_proc/flake8.xunit.xml'
<end of output>
Test time =   0.63 sec
----------------------------------------------------------
Test Passed.
"flake8" end time: Apr 10 01:30 CEST
"flake8" time elapsed: 00:00:00
----------------------------------------------------------

5/8 Testing: lint_cmake
5/8 Test: lint_cmake
Command: "/usr/bin/python3" "-u" "/opt/ros/humble/share/ament_cmake_test/cmake/run_test.py" "/home/bryan/Workspace/ros2_ws/build/depth_image_proc/test_results/depth_image_proc/lint_cmake.xunit.xml" "--package-name" "depth_image_proc" "--output-file" "/home/bryan/Workspace/ros2_ws/build/depth_image_proc/ament_lint_cmake/lint_cmake.txt" "--command" "/opt/ros/humble/bin/ament_lint_cmake" "--xunit-file" "/home/bryan/Workspace/ros2_ws/build/depth_image_proc/test_results/depth_image_proc/lint_cmake.xunit.xml"
Directory: /home/bryan/Workspace/ros2_ws/image_pipeline/depth_image_proc
"lint_cmake" start time: Apr 10 01:30 CEST
Output:
----------------------------------------------------------
-- run_test.py: invoking following command in '/home/bryan/Workspace/ros2_ws/image_pipeline/depth_image_proc':
 - /opt/ros/humble/bin/ament_lint_cmake --xunit-file /home/bryan/Workspace/ros2_ws/build/depth_image_proc/test_results/depth_image_proc/lint_cmake.xunit.xml

No problems found
-- run_test.py: return code 0
-- run_test.py: verify result file '/home/bryan/Workspace/ros2_ws/build/depth_image_proc/test_results/depth_image_proc/lint_cmake.xunit.xml'
<end of output>
Test time =   0.37 sec
----------------------------------------------------------
Test Passed.
"lint_cmake" end time: Apr 10 01:30 CEST
"lint_cmake" time elapsed: 00:00:00
----------------------------------------------------------

6/8 Testing: pep257
6/8 Test: pep257
Command: "/usr/bin/python3" "-u" "/opt/ros/humble/share/ament_cmake_test/cmake/run_test.py" "/home/bryan/Workspace/ros2_ws/build/depth_image_proc/test_results/depth_image_proc/pep257.xunit.xml" "--package-name" "depth_image_proc" "--output-file" "/home/bryan/Workspace/ros2_ws/build/depth_image_proc/ament_pep257/pep257.txt" "--command" "/opt/ros/humble/bin/ament_pep257" "--xunit-file" "/home/bryan/Workspace/ros2_ws/build/depth_image_proc/test_results/depth_image_proc/pep257.xunit.xml"
Directory: /home/bryan/Workspace/ros2_ws/image_pipeline/depth_image_proc
"pep257" start time: Apr 10 01:30 CEST
Output:
----------------------------------------------------------
-- run_test.py: invoking following command in '/home/bryan/Workspace/ros2_ws/image_pipeline/depth_image_proc':
 - /opt/ros/humble/bin/ament_pep257 --xunit-file /home/bryan/Workspace/ros2_ws/build/depth_image_proc/test_results/depth_image_proc/pep257.xunit.xml
checking ./launch/convert_metric.launch.py
checking ./launch/crop_foremost.launch.py
checking ./launch/disparity.launch.py
checking ./launch/point_cloud_xyz.launch.py
checking ./launch/point_cloud_xyz_radial.launch.py
checking ./launch/point_cloud_xyzi.launch.py
checking ./launch/point_cloud_xyzi_radial.launch.py
checking ./launch/point_cloud_xyzrgb.launch.py
checking ./launch/point_cloud_xyzrgb_radial.launch.py
checking ./launch/register.launch.py
No problems found
-- run_test.py: return code 0
-- run_test.py: verify result file '/home/bryan/Workspace/ros2_ws/build/depth_image_proc/test_results/depth_image_proc/pep257.xunit.xml'
<end of output>
Test time =   0.64 sec
----------------------------------------------------------
Test Passed.
"pep257" end time: Apr 10 01:30 CEST
"pep257" time elapsed: 00:00:00
----------------------------------------------------------

7/8 Testing: uncrustify
7/8 Test: uncrustify
Command: "/usr/bin/python3" "-u" "/opt/ros/humble/share/ament_cmake_test/cmake/run_test.py" "/home/bryan/Workspace/ros2_ws/build/depth_image_proc/test_results/depth_image_proc/uncrustify.xunit.xml" "--package-name" "depth_image_proc" "--output-file" "/home/bryan/Workspace/ros2_ws/build/depth_image_proc/ament_uncrustify/uncrustify.txt" "--command" "/opt/ros/humble/bin/ament_uncrustify" "--xunit-file" "/home/bryan/Workspace/ros2_ws/build/depth_image_proc/test_results/depth_image_proc/uncrustify.xunit.xml"
Directory: /home/bryan/Workspace/ros2_ws/image_pipeline/depth_image_proc
"uncrustify" start time: Apr 10 01:30 CEST
Output:
----------------------------------------------------------
-- run_test.py: invoking following command in '/home/bryan/Workspace/ros2_ws/image_pipeline/depth_image_proc':
 - /opt/ros/humble/bin/ament_uncrustify --xunit-file /home/bryan/Workspace/ros2_ws/build/depth_image_proc/test_results/depth_image_proc/uncrustify.xunit.xml
No code style divergence in file 'include/depth_image_proc/conversions.hpp'

No code style divergence in file 'include/depth_image_proc/depth_traits.hpp'

No code style divergence in file 'include/depth_image_proc/point_cloud_xyz.hpp'

No code style divergence in file 'include/depth_image_proc/point_cloud_xyz_radial.hpp'

No code style divergence in file 'include/depth_image_proc/point_cloud_xyzi.hpp'

No code style divergence in file 'include/depth_image_proc/point_cloud_xyzi_radial.hpp'

No code style divergence in file 'include/depth_image_proc/point_cloud_xyzrgb.hpp'

No code style divergence in file 'include/depth_image_proc/point_cloud_xyzrgb_radial.hpp'

No code style divergence in file 'include/depth_image_proc/visibility.h'

No code style divergence in file 'src/conversions.cpp'

No code style divergence in file 'src/convert_metric.cpp'

No code style divergence in file 'src/crop_foremost.cpp'

No code style divergence in file 'src/disparity.cpp'

No code style divergence in file 'src/point_cloud_xyz.cpp'

No code style divergence in file 'src/point_cloud_xyz_radial.cpp'

No code style divergence in file 'src/point_cloud_xyzi.cpp'

No code style divergence in file 'src/point_cloud_xyzi_radial.cpp'

No code style divergence in file 'src/point_cloud_xyzrgb.cpp'

No code style divergence in file 'src/point_cloud_xyzrgb_radial.cpp'

No code style divergence in file 'src/register.cpp'

No problems found
-- run_test.py: return code 0
-- run_test.py: verify result file '/home/bryan/Workspace/ros2_ws/build/depth_image_proc/test_results/depth_image_proc/uncrustify.xunit.xml'
<end of output>
Test time =   0.38 sec
----------------------------------------------------------
Test Passed.
"uncrustify" end time: Apr 10 01:30 CEST
"uncrustify" time elapsed: 00:00:00
----------------------------------------------------------

8/8 Testing: xmllint
8/8 Test: xmllint
Command: "/usr/bin/python3" "-u" "/opt/ros/humble/share/ament_cmake_test/cmake/run_test.py" "/home/bryan/Workspace/ros2_ws/build/depth_image_proc/test_results/depth_image_proc/xmllint.xunit.xml" "--package-name" "depth_image_proc" "--output-file" "/home/bryan/Workspace/ros2_ws/build/depth_image_proc/ament_xmllint/xmllint.txt" "--command" "/opt/ros/humble/bin/ament_xmllint" "--xunit-file" "/home/bryan/Workspace/ros2_ws/build/depth_image_proc/test_results/depth_image_proc/xmllint.xunit.xml"
Directory: /home/bryan/Workspace/ros2_ws/image_pipeline/depth_image_proc
"xmllint" start time: Apr 10 01:30 CEST
Output:
----------------------------------------------------------
-- run_test.py: invoking following command in '/home/bryan/Workspace/ros2_ws/image_pipeline/depth_image_proc':
 - /opt/ros/humble/bin/ament_xmllint --xunit-file /home/bryan/Workspace/ros2_ws/build/depth_image_proc/test_results/depth_image_proc/xmllint.xunit.xml
File 'package.xml' is valid

No problems found
-- run_test.py: return code 0
-- run_test.py: verify result file '/home/bryan/Workspace/ros2_ws/build/depth_image_proc/test_results/depth_image_proc/xmllint.xunit.xml'
<end of output>
Test time =   0.73 sec
----------------------------------------------------------
Test Passed.
"xmllint" end time: Apr 10 01:30 CEST
"xmllint" time elapsed: 00:00:00
----------------------------------------------------------

End testing: Apr 10 01:30 CEST

copyright =   1.28 sec*proc

cppcheck =   0.37 sec*proc

cpplint =   0.82 sec*proc

flake8 =   0.63 sec*proc

lint_cmake =   0.37 sec*proc

linter =   5.23 sec*proc

pep257 =   0.64 sec*proc

uncrustify =   0.38 sec*proc

xmllint =   0.73 sec*proc

