<?xml version="1.0" encoding="UTF-8"?>
<Site BuildName="(empty)"
	BuildStamp="20260409-2330-Experimental"
	Name="bryan-VirtualBox"
	Generator="ctest-3.22.1"
	CompilerName="/usr/bin/c++"
	CompilerVersion="11.4.0"
	OSName="Linux"
	Hostname="bryan-VirtualBox"
	OSRelease="6.8.0-106-generic"
	OSVersion="#106~22.04.1-Ubuntu SMP PREEMPT_DYNAMIC Fri Mar  6 08:44:59 UTC "
	OSPlatform="x86_64"
	Is64Bits="1"
	VendorString="GenuineIntel"
	VendorID="Intel Corporation"
	FamilyID="6"
	ModelID="126"
	ProcessorCacheSize="8192"
	NumberOfLogicalCPU="3"
	NumberOfPhysicalCPU="3"
	TotalVirtualMemory="2047"
	TotalPhysicalMemory="10862"
	LogicalProcessorsPerPhysical="1"
	ProcessorClockFrequency="1497.6"
	>
	<Testing>
		<StartDateTime>Apr 10 01:30 CEST</StartDateTime>
		<StartTestTime>1775777440</StartTestTime>
		<TestList>
			<Test>./copyright</Test>
			<Test>./cppcheck</Test>
			<Test>./cpplint</Test>
			<Test>./flake8</Test>
			<Test>./lint_cmake</Test>
			<Test>./pep257</Test>
			<Test>./uncrustify</Test>
			<Test>./xmllint</Test>
		</TestList>
		<Test Status="passed">
			<Name>copyright</Name>
			<Path>.</Path>
			<FullName>./copyright</FullName>
			<FullCommandLine>/usr/bin/python3 "-u" "/opt/ros/humble/share/ament_cmake_test/cmake/run_test.py" "/home/bryan/Workspace/ros2_ws/build/depth_image_proc/test_results/depth_image_proc/copyright.xunit.xml" "--package-name" "depth_image_proc" "--output-file" "/home/bryan/Workspace/ros2_ws/build/depth_image_proc/ament_copyright/copyright.txt" "--command" "/opt/ros/humble/bin/ament_copyright" "--xunit-file" "/home/bryan/Workspace/ros2_ws/build/depth_image_proc/test_results/depth_image_proc/copyright.xunit.xml"</FullCommandLine>
			<Results>
				<NamedMeasurement type="numeric/double" name="Execution Time">
					<Value>1.28497</Value>
				</NamedMeasurement>
				<NamedMeasurement type="numeric/double" name="Processors">
					<Value>1</Value>
				</NamedMeasurement>
				<NamedMeasurement type="text/string" name="Completion Status">
					<Value>Completed</Value>
				</NamedMeasurement>
				<NamedMeasurement type="text/string" name="Command Line">
					<Value>/usr/bin/python3 "-u" "/opt/ros/humble/share/ament_cmake_test/cmake/run_test.py" "/home/bryan/Workspace/ros2_ws/build/depth_image_proc/test_results/depth_image_proc/copyright.xunit.xml" "--package-name" "depth_image_proc" "--output-file" "/home/bryan/Workspace/ros2_ws/build/depth_image_proc/ament_copyright/copyright.txt" "--command" "/opt/ros/humble/bin/ament_copyright" "--xunit-file" "/home/bryan/Workspace/ros2_ws/build/depth_image_proc/test_results/depth_image_proc/copyright.xunit.xml"</Value>
				</NamedMeasurement>
				<NamedMeasurement type="text/string" name="Environment">
					<Value>#CTEST_RESOURCE_GROUP_COUNT=</Value>
				</NamedMeasurement>
				<Measurement>
					<Value>-- run_test.py: invoking following command in '/home/bryan/Workspace/ros2_ws/image_pipeline/depth_image_proc':
 - /opt/ros/humble/bin/ament_copyright --xunit-file /home/bryan/Workspace/ros2_ws/build/depth_image_proc/test_results/depth_image_proc/copyright.xunit.xml
No problems found, checked 30 files
-- run_test.py: return code 0
-- run_test.py: verify result file '/home/bryan/Workspace/ros2_ws/build/depth_image_proc/test_results/depth_image_proc/copyright.xunit.xml'
</Value>
				</Measurement>
			</Results>
			<Labels>
				<Label>copyright</Label>
				<Label>linter</Label>
			</Labels>
		</Test>
		<Test Status="passed">
			<Name>cppcheck</Name>
			<Path>.</Path>
			<FullName>./cppcheck</FullName>
			<FullCommandLine>/usr/bin/python3 "-u" "/opt/ros/humble/share/ament_cmake_test/cmake/run_test.py" "/home/bryan/Workspace/ros2_ws/build/depth_image_proc/test_results/depth_image_proc/cppcheck.xunit.xml" "--package-name" "depth_image_proc" "--output-file" "/home/bryan/Workspace/ros2_ws/build/depth_image_proc/ament_cppcheck/cppcheck.txt" "--command" "/opt/ros/humble/bin/ament_cppcheck" "--xunit-file" "/home/bryan/Workspace/ros2_ws/build/depth_image_proc/test_results/depth_image_proc/cppcheck.xunit.xml" "--include_dirs" "/home/bryan/Workspace/ros2_ws/image_pipeline/depth_image_proc/include"</FullCommandLine>
			<Results>
				<NamedMeasurement type="numeric/double" name="Execution Time">
					<Value>0.373271</Value>
				</NamedMeasurement>
				<NamedMeasurement type="numeric/double" name="Processors">
					<Value>1</Value>
				</NamedMeasurement>
				<NamedMeasurement type="text/string" name="Completion Status">
					<Value>Completed</Value>
				</NamedMeasurement>
				<NamedMeasurement type="text/string" name="Command Line">
					<Value>/usr/bin/python3 "-u" "/opt/ros/humble/share/ament_cmake_test/cmake/run_test.py" "/home/bryan/Workspace/ros2_ws/build/depth_image_proc/test_results/depth_image_proc/cppcheck.xunit.xml" "--package-name" "depth_image_proc" "--output-file" "/home/bryan/Workspace/ros2_ws/build/depth_image_proc/ament_cppcheck/cppcheck.txt" "--command" "/opt/ros/humble/bin/ament_cppcheck" "--xunit-file" "/home/bryan/Workspace/ros2_ws/build/depth_image_proc/test_results/depth_image_proc/cppcheck.xunit.xml" "--include_dirs" "/home/bryan/Workspace/ros2_ws/image_pipeline/depth_image_proc/include"</Value>
				</NamedMeasurement>
				<NamedMeasurement type="text/string" name="Environment">
					<Value>#CTEST_RESOURCE_GROUP_COUNT=</Value>
				</NamedMeasurement>
				<Measurement>
					<Value>-- run_test.py: invoking following command in '/home/bryan/Workspace/ros2_ws/image_pipeline/depth_image_proc':
 - /opt/ros/humble/bin/ament_cppcheck --xunit-file /home/bryan/Workspace/ros2_ws/build/depth_image_proc/test_results/depth_image_proc/cppcheck.xunit.xml --include_dirs /home/bryan/Workspace/ros2_ws/image_pipeline/depth_image_proc/include
cppcheck 2.7 has known performance issues and therefore will not be used, set the AMENT_CPPCHECK_ALLOW_SLOW_VERSIONS environment variable to override this.
-- run_test.py: return code 0
-- run_test.py: verify result file '/home/bryan/Workspace/ros2_ws/build/depth_image_proc/test_results/depth_image_proc/cppcheck.xunit.xml'
</Value>
				</Measurement>
			</Results>
			<Labels>
				<Label>cppcheck</Label>
				<Label>linter</Label>
			</Labels>
		</Test>
		<Test Status="passed">
			<Name>cpplint</Name>
			<Path>.</Path>
			<FullName>./cpplint</FullName>
			<FullCommandLine>/usr/bin/python3 "-u" "/opt/ros/humble/share/ament_cmake_test/cmake/run_test.py" "/home/bryan/Workspace/ros2_ws/build/depth_image_proc/test_results/depth_image_proc/cpplint.xunit.xml" "--package-name" "depth_image_proc" "--output-file" "/home/bryan/Workspace/ros2_ws/build/depth_image_proc/ament_cpplint/cpplint.txt" "--command" "/opt/ros/humble/bin/ament_cpplint" "--xunit-file" "/home/bryan/Workspace/ros2_ws/build/depth_image_proc/test_results/depth_image_proc/cpplint.xunit.xml"</FullCommandLine>
			<Results>
				<NamedMeasurement type="numeric/double" name="Execution Time">
					<Value>0.817396</Value>
				</NamedMeasurement>
				<NamedMeasurement type="numeric/double" name="Processors">
					<Value>1</Value>
				</NamedMeasurement>
				<NamedMeasurement type="text/string" name="Completion Status">
					<Value>Completed</Value>
				</NamedMeasurement>
				<NamedMeasurement type="text/string" name="Command Line">
					<Value>/usr/bin/python3 "-u" "/opt/ros/humble/share/ament_cmake_test/cmake/run_test.py" "/home/bryan/Workspace/ros2_ws/build/depth_image_proc/test_results/depth_image_proc/cpplint.xunit.xml" "--package-name" "depth_image_proc" "--output-file" "/home/bryan/Workspace/ros2_ws/build/depth_image_proc/ament_cpplint/cpplint.txt" "--command" "/opt/ros/humble/bin/ament_cpplint" "--xunit-file" "/home/bryan/Workspace/ros2_ws/build/depth_image_proc/test_results/depth_image_proc/cpplint.xunit.xml"</Value>
				</NamedMeasurement>
				<NamedMeasurement type="text/string" name="Environment">
					<Value>#CTEST_RESOURCE_GROUP_COUNT=</Value>
				</NamedMeasurement>
				<Measurement>
					<Value>-- run_test.py: invoking following command in '/home/bryan/Workspace/ros2_ws/image_pipeline/depth_image_proc':
 - /opt/ros/humble/bin/ament_cpplint --xunit-file /home/bryan/Workspace/ros2_ws/build/depth_image_proc/test_results/depth_image_proc/cpplint.xunit.xml
Using '--root=/home/bryan/Workspace/ros2_ws/image_pipeline/depth_image_proc/include' argument

Done processing /home/bryan/Workspace/ros2_ws/image_pipeline/depth_image_proc/include/depth_image_proc/conversions.hpp

Done processing /home/bryan/Workspace/ros2_ws/image_pipeline/depth_image_proc/include/depth_image_proc/depth_traits.hpp

Done processing /home/bryan/Workspace/ros2_ws/image_pipeline/depth_image_proc/include/depth_image_proc/point_cloud_xyz.hpp

Done processing /home/bryan/Workspace/ros2_ws/image_pipeline/depth_image_proc/include/depth_image_proc/point_cloud_xyz_radial.hpp

Done processing /home/bryan/Workspace/ros2_ws/image_pipeline/depth_image_proc/include/depth_image_proc/point_cloud_xyzi.hpp

Done processing /home/bryan/Workspace/ros2_ws/image_pipeline/depth_image_proc/include/depth_image_proc/point_cloud_xyzi_radial.hpp

Done processing /home/bryan/Workspace/ros2_ws/image_pipeline/depth_image_proc/include/depth_image_proc/point_cloud_xyzrgb.hpp

Done processing /home/bryan/Workspace/ros2_ws/image_pipeline/depth_image_proc/include/depth_image_proc/point_cloud_xyzrgb_radial.hpp

Done processing /home/bryan/Workspace/ros2_ws/image_pipeline/depth_image_proc/include/depth_image_proc/visibility.h

Using '--root=/home/bryan/Workspace/ros2_ws/image_pipeline/depth_image_proc/src' argument

Done processing /home/bryan/Workspace/ros2_ws/image_pipeline/depth_image_proc/src/conversions.cpp

Done processing /home/bryan/Workspace/ros2_ws/image_pipeline/depth_image_proc/src/convert_metric.cpp

Done processing /home/bryan/Workspace/ros2_ws/image_pipeline/depth_image_proc/src/crop_foremost.cpp

Done processing /home/bryan/Workspace/ros2_ws/image_pipeline/depth_image_proc/src/disparity.cpp

Done processing /home/bryan/Workspace/ros2_ws/image_pipeline/depth_image_proc/src/point_cloud_xyz.cpp

Done processing /home/bryan/Workspace/ros2_ws/image_pipeline/depth_image_proc/src/point_cloud_xyz_radial.cpp

Done processing /home/bryan/Workspace/ros2_ws/image_pipeline/depth_image_proc/src/point_cloud_xyzi.cpp

Done processing /home/bryan/Workspace/ros2_ws/image_pipeline/depth_image_proc/src/point_cloud_xyzi_radial.cpp

Done processing /home/bryan/Workspace/ros2_ws/image_pipeline/depth_image_proc/src/point_cloud_xyzrgb.cpp

Done processing /home/bryan/Workspace/ros2_ws/image_pipeline/depth_image_proc/src/point_cloud_xyzrgb_radial.cpp

Done processing /home/bryan/Workspace/ros2_ws/image_pipeline/depth_image_proc/src/register.cpp

No problems found
-- run_test.py: return code 0
-- run_test.py: verify result file '/home/bryan/Workspace/ros2_ws/build/depth_image_proc/test_results/depth_image_proc/cpplint.xunit.xml'
</Value>
				</Measurement>
			</Results>
			<Labels>
				<Label>cpplint</Label>
				<Label>linter</Label>
			</Labels>
		</Test>
		<Test Status="passed">
			<Name>flake8</Name>
			<Path>.</Path>
			<FullName>./flake8</FullName>
			<FullCommandLine>/usr/bin/python3 "-u" "/opt/ros/humble/share/ament_cmake_test/cmake/run_test.py" "/home/bryan/Workspace/ros2_ws/build/depth_image_proc/test_results/depth_image_proc/flake8.xunit.xml" "--package-name" "depth_image_proc" "--output-file" "/home/bryan/Workspace/ros2_ws/build/depth_image_proc/ament_flake8/flake8.txt" "--command" "/opt/ros/humble/bin/ament_flake8" "--xunit-file" "/home/bryan/Workspace/ros2_ws/build/depth_image_proc/test_results/depth_image_proc/flake8.xunit.xml"</FullCommandLine>
			<Results>
				<NamedMeasurement type="numeric/double" name="Execution Time">
					<Value>0.628943</Value>
				</NamedMeasurement>
				<NamedMeasurement type="numeric/double" name="Processors">
					<Value>1</Value>
				</NamedMeasurement>
				<NamedMeasurement type="text/string" name="Completion Status">
					<Value>Completed</Value>
				</NamedMeasurement>
				<NamedMeasurement type="text/string" name="Command Line">
					<Value>/usr/bin/python3 "-u" "/opt/ros/humble/share/ament_cmake_test/cmake/run_test.py" "/home/bryan/Workspace/ros2_ws/build/depth_image_proc/test_results/depth_image_proc/flake8.xunit.xml" "--package-name" "depth_image_proc" "--output-file" "/home/bryan/Workspace/ros2_ws/build/depth_image_proc/ament_flake8/flake8.txt" "--command" "/opt/ros/humble/bin/ament_flake8" "--xunit-file" "/home/bryan/Workspace/ros2_ws/build/depth_image_proc/test_results/depth_image_proc/flake8.xunit.xml"</Value>
				</NamedMeasurement>
				<NamedMeasurement type="text/string" name="Environment">
					<Value>#CTEST_RESOURCE_GROUP_COUNT=</Value>
				</NamedMeasurement>
				<Measurement>
					<Value>-- run_test.py: invoking following command in '/home/bryan/Workspace/ros2_ws/image_pipeline/depth_image_proc':
 - /opt/ros/humble/bin/ament_flake8 --xunit-file /home/bryan/Workspace/ros2_ws/build/depth_image_proc/test_results/depth_image_proc/flake8.xunit.xml

10 files checked
No problems found

Checked files:

* ./launch/convert_metric.launch.py
* ./launch/point_cloud_xyz.launch.py
* ./launch/crop_foremost.launch.py
* ./launch/point_cloud_xyzi.launch.py
* ./launch/point_cloud_xyzrgb_radial.launch.py
* ./launch/point_cloud_xyz_radial.launch.py
* ./launch/disparity.launch.py
* ./launch/register.launch.py
* ./launch/point_cloud_xyzrgb.launch.py
* ./launch/point_cloud_xyzi_radial.launch.py
-- run_test.py: return code 0
-- run_test.py: verify result file '/home/bryan/Workspace/ros2_ws/build/depth_image_proc/test_results/depth_image_proc/flake8.xunit.xml'
</Value>
				</Measurement>
			</Results>
			<Labels>
				<Label>flake8</Label>
				<Label>linter</Label>
			</Labels>
		</Test>
		<Test Status="passed">
			<Name>lint_cmake</Name>
			<Path>.</Path>
			<FullName>./lint_cmake</FullName>
			<FullCommandLine>/usr/bin/python3 "-u" "/opt/ros/humble/share/ament_cmake_test/cmake/run_test.py" "/home/bryan/Workspace/ros2_ws/build/depth_image_proc/test_results/depth_image_proc/lint_cmake.xunit.xml" "--package-name" "depth_image_proc" "--output-file" "/home/bryan/Workspace/ros2_ws/build/depth_image_proc/ament_lint_cmake/lint_cmake.txt" "--command" "/opt/ros/humble/bin/ament_lint_cmake" "--xunit-file" "/home/bryan/Workspace/ros2_ws/build/depth_image_proc/test_results/depth_image_proc/lint_cmake.xunit.xml"</FullCommandLine>
			<Results>
				<NamedMeasurement type="numeric/double" name="Execution Time">
					<Value>0.368636</Value>
				</NamedMeasurement>
				<NamedMeasurement type="numeric/double" name="Processors">
					<Value>1</Value>
				</NamedMeasurement>
				<NamedMeasurement type="text/string" name="Completion Status">
					<Value>Completed</Value>
				</NamedMeasurement>
				<NamedMeasurement type="text/string" name="Command Line">
					<Value>/usr/bin/python3 "-u" "/opt/ros/humble/share/ament_cmake_test/cmake/run_test.py" "/home/bryan/Workspace/ros2_ws/build/depth_image_proc/test_results/depth_image_proc/lint_cmake.xunit.xml" "--package-name" "depth_image_proc" "--output-file" "/home/bryan/Workspace/ros2_ws/build/depth_image_proc/ament_lint_cmake/lint_cmake.txt" "--command" "/opt/ros/humble/bin/ament_lint_cmake" "--xunit-file" "/home/bryan/Workspace/ros2_ws/build/depth_image_proc/test_results/depth_image_proc/lint_cmake.xunit.xml"</Value>
				</NamedMeasurement>
				<NamedMeasurement type="text/string" name="Environment">
					<Value>#CTEST_RESOURCE_GROUP_COUNT=</Value>
				</NamedMeasurement>
				<Measurement>
					<Value>-- run_test.py: invoking following command in '/home/bryan/Workspace/ros2_ws/image_pipeline/depth_image_proc':
 - /opt/ros/humble/bin/ament_lint_cmake --xunit-file /home/bryan/Workspace/ros2_ws/build/depth_image_proc/test_results/depth_image_proc/lint_cmake.xunit.xml

No problems found
-- run_test.py: return code 0
-- run_test.py: verify result file '/home/bryan/Workspace/ros2_ws/build/depth_image_proc/test_results/depth_image_proc/lint_cmake.xunit.xml'
</Value>
				</Measurement>
			</Results>
			<Labels>
				<Label>lint_cmake</Label>
				<Label>linter</Label>
			</Labels>
		</Test>
		<Test Status="passed">
			<Name>pep257</Name>
			<Path>.</Path>
			<FullName>./pep257</FullName>
			<FullCommandLine>/usr/bin/python3 "-u" "/opt/ros/humble/share/ament_cmake_test/cmake/run_test.py" "/home/bryan/Workspace/ros2_ws/build/depth_image_proc/test_results/depth_image_proc/pep257.xunit.xml" "--package-name" "depth_image_proc" "--output-file" "/home/bryan/Workspace/ros2_ws/build/depth_image_proc/ament_pep257/pep257.txt" "--command" "/opt/ros/humble/bin/ament_pep257" "--xunit-file" "/home/bryan/Workspace/ros2_ws/build/depth_image_proc/test_results/depth_image_proc/pep257.xunit.xml"</FullCommandLine>
			<Results>
				<NamedMeasurement type="numeric/double" name="Execution Time">
					<Value>0.643788</Value>
				</NamedMeasurement>
				<NamedMeasurement type="numeric/double" name="Processors">
					<Value>1</Value>
				</NamedMeasurement>
				<NamedMeasurement type="text/string" name="Completion Status">
					<Value>Completed</Value>
				</NamedMeasurement>
				<NamedMeasurement type="text/string" name="Command Line">
					<Value>/usr/bin/python3 "-u" "/opt/ros/humble/share/ament_cmake_test/cmake/run_test.py" "/home/bryan/Workspace/ros2_ws/build/depth_image_proc/test_results/depth_image_proc/pep257.xunit.xml" "--package-name" "depth_image_proc" "--output-file" "/home/bryan/Workspace/ros2_ws/build/depth_image_proc/ament_pep257/pep257.txt" "--command" "/opt/ros/humble/bin/ament_pep257" "--xunit-file" "/home/bryan/Workspace/ros2_ws/build/depth_image_proc/test_results/depth_image_proc/pep257.xunit.xml"</Value>
				</NamedMeasurement>
				<NamedMeasurement type="text/string" name="Environment">
					<Value>#CTEST_RESOURCE_GROUP_COUNT=</Value>
				</NamedMeasurement>
				<Measurement>
					<Value>-- run_test.py: invoking following command in '/home/bryan/Workspace/ros2_ws/image_pipeline/depth_image_proc':
 - /opt/ros/humble/bin/ament_pep257 --xunit-file /home/bryan/Workspace/ros2_ws/build/depth_image_proc/test_results/depth_image_proc/pep257.xunit.xml
checking ./launch/convert_metric.launch.py
checking ./launch/crop_foremost.launch.py
checking ./launch/disparity.launch.py
checking ./launch/point_cloud_xyz.launch.py
checking ./launch/point_cloud_xyz_radial.launch.py
checking ./launch/point_cloud_xyzi.launch.py
checking ./launch/point_cloud_xyzi_radial.launch.py
checking ./launch/point_cloud_xyzrgb.launch.py
checking ./launch/point_cloud_xyzrgb_radial.launch.py
checking ./launch/register.launch.py
No problems found
-- run_test.py: return code 0
-- run_test.py: verify result file '/home/bryan/Workspace/ros2_ws/build/depth_image_proc/test_results/depth_image_proc/pep257.xunit.xml'
</Value>
				</Measurement>
			</Results>
			<Labels>
				<Label>linter</Label>
				<Label>pep257</Label>
			</Labels>
		</Test>
		<Test Status="passed">
			<Name>uncrustify</Name>
			<Path>.</Path>
			<FullName>./uncrustify</FullName>
			<FullCommandLine>/usr/bin/python3 "-u" "/opt/ros/humble/share/ament_cmake_test/cmake/run_test.py" "/home/bryan/Workspace/ros2_ws/build/depth_image_proc/test_results/depth_image_proc/uncrustify.xunit.xml" "--package-name" "depth_image_proc" "--output-file" "/home/bryan/Workspace/ros2_ws/build/depth_image_proc/ament_uncrustify/uncrustify.txt" "--command" "/opt/ros/humble/bin/ament_uncrustify" "--xunit-file" "/home/bryan/Workspace/ros2_ws/build/depth_image_proc/test_results/depth_image_proc/uncrustify.xunit.xml"</FullCommandLine>
			<Results>
				<NamedMeasurement type="numeric/double" name="Execution Time">
					<Value>0.380321</Value>
				</NamedMeasurement>
				<NamedMeasurement type="numeric/double" name="Processors">
					<Value>1</Value>
				</NamedMeasurement>
				<NamedMeasurement type="text/string" name="Completion Status">
					<Value>Completed</Value>
				</NamedMeasurement>
				<NamedMeasurement type="text/string" name="Command Line">
					<Value>/usr/bin/python3 "-u" "/opt/ros/humble/share/ament_cmake_test/cmake/run_test.py" "/home/bryan/Workspace/ros2_ws/build/depth_image_proc/test_results/depth_image_proc/uncrustify.xunit.xml" "--package-name" "depth_image_proc" "--output-file" "/home/bryan/Workspace/ros2_ws/build/depth_image_proc/ament_uncrustify/uncrustify.txt" "--command" "/opt/ros/humble/bin/ament_uncrustify" "--xunit-file" "/home/bryan/Workspace/ros2_ws/build/depth_image_proc/test_results/depth_image_proc/uncrustify.xunit.xml"</Value>
				</NamedMeasurement>
				<NamedMeasurement type="text/string" name="Environment">
					<Value>#CTEST_RESOURCE_GROUP_COUNT=</Value>
				</NamedMeasurement>
				<Measurement>
					<Value>-- run_test.py: invoking following command in '/home/bryan/Workspace/ros2_ws/image_pipeline/depth_image_proc':
 - /opt/ros/humble/bin/ament_uncrustify --xunit-file /home/bryan/Workspace/ros2_ws/build/depth_image_proc/test_results/depth_image_proc/uncrustify.xunit.xml
No code style divergence in file 'include/depth_image_proc/conversions.hpp'

No code style divergence in file 'include/depth_image_proc/depth_traits.hpp'

No code style divergence in file 'include/depth_image_proc/point_cloud_xyz.hpp'

No code style divergence in file 'include/depth_image_proc/point_cloud_xyz_radial.hpp'

No code style divergence in file 'include/depth_image_proc/point_cloud_xyzi.hpp'

No code style divergence in file 'include/depth_image_proc/point_cloud_xyzi_radial.hpp'

No code style divergence in file 'include/depth_image_proc/point_cloud_xyzrgb.hpp'

No code style divergence in file 'include/depth_image_proc/point_cloud_xyzrgb_radial.hpp'

No code style divergence in file 'include/depth_image_proc/visibility.h'

No code style divergence in file 'src/conversions.cpp'

No code style divergence in file 'src/convert_metric.cpp'

No code style divergence in file 'src/crop_foremost.cpp'

No code style divergence in file 'src/disparity.cpp'

No code style divergence in file 'src/point_cloud_xyz.cpp'

No code style divergence in file 'src/point_cloud_xyz_radial.cpp'

No code style divergence in file 'src/point_cloud_xyzi.cpp'

No code style divergence in file 'src/point_cloud_xyzi_radial.cpp'

No code style divergence in file 'src/point_cloud_xyzrgb.cpp'

No code style divergence in file 'src/point_cloud_xyzrgb_radial.cpp'

No code style divergence in file 'src/register.cpp'

No problems found
-- run_test.py: return code 0
-- run_test.py: verify result file '/home/bryan/Workspace/ros2_ws/build/depth_image_proc/test_results/depth_image_proc/uncrustify.xunit.xml'
</Value>
				</Measurement>
			</Results>
			<Labels>
				<Label>linter</Label>
				<Label>uncrustify</Label>
			</Labels>
		</Test>
		<Test Status="passed">
			<Name>xmllint</Name>
			<Path>.</Path>
			<FullName>./xmllint</FullName>
			<FullCommandLine>/usr/bin/python3 "-u" "/opt/ros/humble/share/ament_cmake_test/cmake/run_test.py" "/home/bryan/Workspace/ros2_ws/build/depth_image_proc/test_results/depth_image_proc/xmllint.xunit.xml" "--package-name" "depth_image_proc" "--output-file" "/home/bryan/Workspace/ros2_ws/build/depth_image_proc/ament_xmllint/xmllint.txt" "--command" "/opt/ros/humble/bin/ament_xmllint" "--xunit-file" "/home/bryan/Workspace/ros2_ws/build/depth_image_proc/test_results/depth_image_proc/xmllint.xunit.xml"</FullCommandLine>
			<Results>
				<NamedMeasurement type="numeric/double" name="Execution Time">
					<Value>0.729535</Value>
				</NamedMeasurement>
				<NamedMeasurement type="numeric/double" name="Processors">
					<Value>1</Value>
				</NamedMeasurement>
				<NamedMeasurement type="text/string" name="Completion Status">
					<Value>Completed</Value>
				</NamedMeasurement>
				<NamedMeasurement type="text/string" name="Command Line">
					<Value>/usr/bin/python3 "-u" "/opt/ros/humble/share/ament_cmake_test/cmake/run_test.py" "/home/bryan/Workspace/ros2_ws/build/depth_image_proc/test_results/depth_image_proc/xmllint.xunit.xml" "--package-name" "depth_image_proc" "--output-file" "/home/bryan/Workspace/ros2_ws/build/depth_image_proc/ament_xmllint/xmllint.txt" "--command" "/opt/ros/humble/bin/ament_xmllint" "--xunit-file" "/home/bryan/Workspace/ros2_ws/build/depth_image_proc/test_results/depth_image_proc/xmllint.xunit.xml"</Value>
				</NamedMeasurement>
				<NamedMeasurement type="text/string" name="Environment">
					<Value>#CTEST_RESOURCE_GROUP_COUNT=</Value>
				</NamedMeasurement>
				<Measurement>
					<Value>-- run_test.py: invoking following command in '/home/bryan/Workspace/ros2_ws/image_pipeline/depth_image_proc':
 - /opt/ros/humble/bin/ament_xmllint --xunit-file /home/bryan/Workspace/ros2_ws/build/depth_image_proc/test_results/depth_image_proc/xmllint.xunit.xml
File 'package.xml' is valid

No problems found
-- run_test.py: return code 0
-- run_test.py: verify result file '/home/bryan/Workspace/ros2_ws/build/depth_image_proc/test_results/depth_image_proc/xmllint.xunit.xml'
</Value>
				</Measurement>
			</Results>
			<Labels>
				<Label>linter</Label>
				<Label>xmllint</Label>
			</Labels>
		</Test>
		<EndDateTime>Apr 10 01:30 CEST</EndDateTime>
		<EndTestTime>1775777446</EndTestTime>
		<ElapsedMinutes>0</ElapsedMinutes>
	</Testing>
</Site>
